#
# A fatal error has been detected by the Java Runtime Environment:
#
#  EXCEPTION_ACCESS_VIOLATION (0xc0000005) at pc=0x000002c0b19a8885, pid=10580, tid=5604
#
# JRE version: OpenJDK Runtime Environment JBR-17.0.6+10-829.9-jcef (17.0.6+10) (build 17.0.6+10-b829.9)
# Java VM: OpenJDK 64-Bit Server VM JBR-17.0.6+10-829.9-jcef (17.0.6+10-b829.9, mixed mode, tiered, compressed oops, compressed class ptrs, g1 gc, windows-amd64)
# Problematic frame:
# j  jdk.internal.net.http.SocketTube$InternalReadPublisher$InternalReadSubscription.request(J)V+87 java.net.http@17.0.6
#
# No core dump will be written. Minidumps are not enabled by default on client versions of Windows
#
# If you would like to submit a bug report, please visit:
#   https://youtrack.jetbrains.com/issues/JBR
#

---------------  S U M M A R Y ------------

Command Line: git4idea.http.GitAskPassApp Username for 'https://github.com': 

Host: AMD Ryzen 7 2700 Eight-Core Processor          , 16 cores, 31G,  Windows 10 , 64 bit Build 19041 (10.0.19041.1889)
Time: Tue May  2 17:46:56 2023 Pacific Daylight Time elapsed time: 0.616892 seconds (0d 0h 0m 0s)

---------------  T H R E A D  ---------------

Current thread (0x000002c0d0f9a7e0):  JavaThread "HttpClient-1-SelectorManager" daemon [_thread_in_Java, id=5604, stack(0x000000d8c3f00000,0x000000d8c4000000)]

Stack: [0x000000d8c3f00000,0x000000d8c4000000],  sp=0x000000d8c3ffeba8,  free space=1018k
Native frames: (J=compiled Java code, j=interpreted, Vv=VM code, C=native code)
C  0x000002c0b19a8885


siginfo: EXCEPTION_ACCESS_VIOLATION (0xc0000005), reading address 0x000004d8c3ffebb0


Register to memory mapping:

RIP=0x000002c0b19a8885 is at code_begin+933 in an Interpreter codelet
return  177 return  [0x000002c0b19a84e0, 0x000002c0b19a8900]  1056 bytes
RAX=0x0 is NULL
RBX=0x000000d8c3ffeba8 is pointing into the stack for thread: 0x000002c0d0f9a7e0
RCX=0x0000000000000011 is an unknown value
RDX=0x000004d8c3ffeba8 is an unknown value
RSP=0x000000d8c3ffeba8 is pointing into the stack for thread: 0x000002c0d0f9a7e0
RBP=0x000000d8c3ffebf0 is pointing into the stack for thread: 0x000002c0d0f9a7e0
RSI=0x0000000000000120 is an unknown value
RDI=0x0000000620459940 points into unknown readable memory: 0x0000000000000000 | 00 00 00 00 00 00 00 00
R8 =0x0000000000000004 is an unknown value
R9 =0x00000000000000de is an unknown value
R10=0x00007ffaac9c7490 jvm.dll
R11={method} {0x000002c0d1825968} 'debugState' '(Ljava/lang/String;)V' in 'jdk/internal/net/http/SocketTube'
R12=0x0 is NULL
R13=0x000002c0d18292da is pointing into metadata
R14=0x000000d8c3ffec18 is pointing into the stack for thread: 0x000002c0d0f9a7e0
R15=0x000002c0d0f9a7e0 is a thread


Registers:
RAX=0x0000000000000000, RBX=0x000000d8c3ffeba8, RCX=0x0000000000000011, RDX=0x000004d8c3ffeba8
RSP=0x000000d8c3ffeba8, RBP=0x000000d8c3ffebf0, RSI=0x0000000000000120, RDI=0x0000000620459940
R8 =0x0000000000000004, R9 =0x00000000000000de, R10=0x00007ffaac9c7490, R11=0x000002c0d1825960
R12=0x0000000000000000, R13=0x000002c0d18292da, R14=0x000000d8c3ffec18, R15=0x000002c0d0f9a7e0
RIP=0x000002c0b19a8885, EFLAGS=0x0000000000010206

Top of Stack: (sp=0x000000d8c3ffeba8)
0x000000d8c3ffeba8:   000004d8c3ffeba8 000002c0d18292d7
0x000000d8c3ffebb8:   000000d8c3ffec18 000002c0d182ac18
0x000000d8c3ffebc8:   0000000000000000 00000006206db5c8
0x000000d8c3ffebd8:   000002c0d1829310 0000000000000000
0x000000d8c3ffebe8:   000000d8c3ffec08 000000d8c3ffec68
0x000000d8c3ffebf8:   000002c0b19994fe 0000000000000001
0x000000d8c3ffec08:   0000000000000001 0000000000000000
0x000000d8c3ffec18:   00000006206e12c8 000000d8c3ffec20
0x000000d8c3ffec28:   000002c0d1862f0c 000000d8c3ffec88
0x000000d8c3ffec38:   000002c0d18632f8 0000000000000000
0x000000d8c3ffec48:   0000000620012e08 000002c0d1862f68
0x000000d8c3ffec58:   000000d8c3ffec08 000000d8c3ffec78
0x000000d8c3ffec68:   000000d8c3ffecd8 000002c0b1999962
0x000000d8c3ffec78:   0000000000000001 0000000000000000
0x000000d8c3ffec88:   0000000620012f68 000000d8c3ffec90
0x000000d8c3ffec98:   000002c0d1854d50 000000d8c3ffecf8 

Instructions: (pc=0x000002c0b19a8885)
0x000002c0b19a8785:   0f 84 1a 00 00 00 48 83 ec 08 49 ba 80 65 19 ac
0x000002c0b19a8795:   fa 7f 00 00 41 ff d2 48 83 c4 08 e9 0d 00 00 00
0x000002c0b19a87a5:   49 ba 80 65 19 ac fa 7f 00 00 41 ff d2 48 83 c4
0x000002c0b19a87b5:   20 4c 8b 6d c0 48 8b 55 b8 48 8d 5d b8 e9 d0 00
0x000002c0b19a87c5:   00 00 e8 05 00 00 00 e9 98 00 00 00 48 8d 44 24
0x000002c0b19a87d5:   08 4c 89 6d c0 49 8b cf c5 f8 77 49 89 af 98 02
0x000002c0b19a87e5:   00 00 49 89 87 88 02 00 00 48 83 ec 20 f7 c4 0f
0x000002c0b19a87f5:   00 00 00 0f 84 1a 00 00 00 48 83 ec 08 49 ba 20
0x000002c0b19a8805:   93 19 ac fa 7f 00 00 41 ff d2 48 83 c4 08 e9 0d
0x000002c0b19a8815:   00 00 00 49 ba 20 93 19 ac fa 7f 00 00 41 ff d2
0x000002c0b19a8825:   48 83 c4 20 49 c7 87 88 02 00 00 00 00 00 00 49
0x000002c0b19a8835:   c7 87 98 02 00 00 00 00 00 00 49 c7 87 90 02 00
0x000002c0b19a8845:   00 00 00 00 00 c5 f8 77 49 81 7f 08 00 00 00 00
0x000002c0b19a8855:   0f 84 05 00 00 00 e9 a0 86 fe ff 4c 8b 6d c0 4c
0x000002c0b19a8865:   8b 75 c8 c3 48 b9 08 7a 74 ac fa 7f 00 00 48 83
0x000002c0b19a8875:   e4 f0 49 ba 70 7c 3c ac fa 7f 00 00 41 ff d2 f4
0x000002c0b19a8885:   48 81 7a 08 00 00 00 00 0f 85 34 ff ff ff 48 83
0x000002c0b19a8895:   c2 10 48 3b d3 75 e9 49 ba ae 09 9a ac fa 7f 00
0x000002c0b19a88a5:   00 41 80 3a 00 0f 84 42 00 00 00 48 8b 55 e8 49
0x000002c0b19a88b5:   8b cf 48 83 ec 20 f7 c4 0f 00 00 00 0f 84 1a 00
0x000002c0b19a88c5:   00 00 48 83 ec 08 49 ba 50 9a 4f ac fa 7f 00 00
0x000002c0b19a88d5:   41 ff d2 48 83 c4 08 e9 0d 00 00 00 49 ba 50 9a
0x000002c0b19a88e5:   4f ac fa 7f 00 00 41 ff d2 48 83 c4 20 48 8b 5d
0x000002c0b19a88f5:   f8 c9 41 5d 48 8b e3 41 ff e5 90 50 c0 73 ac fa
0x000002c0b19a8905:   7f 00 00 20 02 00 00 b2 00 00 00 00 00 00 00 00
0x000002c0b19a8915:   00 00 00 00 00 00 00 00 00 00 00 48 83 ec 08 c5
0x000002c0b19a8925:   fa 11 04 24 eb 1f 48 83 ec 10 c5 fb 11 04 24 eb
0x000002c0b19a8935:   14 48 83 ec 10 48 89 04 24 48 c7 44 24 08 00 00
0x000002c0b19a8945:   00 00 eb 01 50 41 0f b7 55 01 48 8b 4d d0 c1 e2
0x000002c0b19a8955:   02 8b 5c d1 20 c1 eb 10 81 e3 ff 00 00 00 81 fb
0x000002c0b19a8965:   b2 00 00 00 0f 84 b6 00 00 00 bb b2 00 00 00 e8
0x000002c0b19a8975:   05 00 00 00 e9 9b 00 00 00 48 8b d3 48 8d 44 24 


Stack slot to memory mapping:
stack at sp + 0 slots: 0x000004d8c3ffeba8 is an unknown value
stack at sp + 1 slots: 0x000002c0d18292d7 is pointing into metadata
stack at sp + 2 slots: 0x000000d8c3ffec18 is pointing into the stack for thread: 0x000002c0d0f9a7e0
stack at sp + 3 slots: 0x000002c0d182ac18 is pointing into metadata
stack at sp + 4 slots: 0x0 is NULL
stack at sp + 5 slots: 0x00000006206db5c8 is an oop: java.lang.Class 
{0x00000006206db5c8} - klass: 'java/lang/Class'
 - ---- fields (total size 15 words):
 - private volatile transient 'classRedefinedCount' 'I' @12  0
 - private volatile transient 'cachedConstructor' 'Ljava/lang/reflect/Constructor;' @40  NULL (0)
 - private transient 'name' 'Ljava/lang/String;' @44  "jdk.internal.net.http.SocketTube$InternalReadPublisher$InternalReadSubscription"{0x00000006206db650} (c40db6ca)
 - private transient 'module' 'Ljava/lang/Module;' @48  a 'java/lang/Module'{0x0000000620c74050} (c418e80a)
 - private final 'classLoader' 'Ljava/lang/ClassLoader;' @52  a 'jdk/internal/loader/ClassLoaders$PlatformClassLoader'{0x0000000620c5e368} (c418bc6d)
 - private transient 'classData' 'Ljava/lang/Object;' @56  NULL (0)
 - private transient 'packageName' 'Ljava/lang/String;' @60  "jdk.internal.net.http"{0x0000000620c485f8} (c41890bf)
 - private final 'componentType' 'Ljava/lang/Class;' @64  NULL (0)
 - private volatile transient 'reflectionData' 'Ljava/lang/ref/SoftReference;' @68  NULL (0)
 - private volatile transient 'genericInfo' 'Lsun/reflect/generics/repository/ClassRepository;' @72  NULL (0)
 - private volatile transient 'enumConstants' '[Ljava/lang/Object;' @76  NULL (0)
 - private volatile transient 'enumConstantDirectory' 'Ljava/util/Map;' @80  NULL (0)
 - private volatile transient 'annotationData' 'Ljava/lang/Class$AnnotationData;' @84  NULL (0)
 - private volatile transient 'annotationType' 'Lsun/reflect/annotation/AnnotationType;' @88  NULL (0)
 - transient 'classValueMap' 'Ljava/lang/ClassValue$ClassValueMap;' @92  NULL (0)
 - signature: Ljdk/internal/net/http/SocketTube$InternalReadPublisher$InternalReadSubscription;
 - fake entry for mirror: 'jdk/internal/net/http/SocketTube$InternalReadPublisher$InternalReadSubscription'
 - fake entry for array: NULL
 - fake entry for oop_size: 15
 - fake entry for static_oop_field_count: 0
 - static final synthetic '$assertionsDisabled' 'Z' @112  true
stack at sp + 6 slots: {method} {0x000002c0d1829318} 'request' '(J)V' in 'jdk/internal/net/http/SocketTube$InternalReadPublisher$InternalReadSubscription'
stack at sp + 7 slots: 0x0 is NULL

return  177 return  [0x000002c0b19a84e0, 0x000002c0b19a8900]  1056 bytes
[MachCode]
  0x000002c0b19a84e0: 4883 ec08 | c5fa 1104 | 24eb 1f48 | 83ec 10c5 | fb11 0424 | eb14 4883 | ec10 4889 | 0424 48c7 
  0x000002c0b19a8500: 4424 0800 | 0000 00eb | 0150 41f6 | 8740 0300 | 0001 0f84 | a200 0000 | e805 0000 | 00e9 9800 
  0x000002c0b19a8520: 0000 488d | 4424 084c | 896d c049 | 8bcf c5f8 | 7749 89af | 9802 0000 | 4989 8788 | 0200 0048 
  0x000002c0b19a8540: 83ec 20f7 | c40f 0000 | 000f 841a | 0000 0048 | 83ec 0849 | ba30 4a19 | acfa 7f00 | 0041 ffd2 
  0x000002c0b19a8560: 4883 c408 | e90d 0000 | 0049 ba30 | 4a19 acfa | 7f00 0041 | ffd2 4883 | c420 49c7 | 8788 0200 
  0x000002c0b19a8580: 0000 0000 | 0049 c787 | 9802 0000 | 0000 0000 | 49c7 8790 | 0200 0000 | 0000 00c5 | f877 4981 
  0x000002c0b19a85a0: 7f08 0000 | 0000 0f84 | 0500 0000 | e94f 89fe | ff4c 8b6d | c04c 8b75 | c8c3 493b | af40 0300 
  0x000002c0b19a85c0: 000f 8705 | 0000 00e9 | 8400 0000 | c5f8 7749 | 89af 9802 | 0000 49ba | cc85 9ab1 | c002 0000 
  0x000002c0b19a85e0: 4d89 9790 | 0200 0049 | 89a7 8802 | 0000 498b | cf48 83ec | 20f7 c40f | 0000 000f | 841a 0000 
  0x000002c0b19a8600: 0048 83ec | 0849 ba60 | 4b19 acfa | 7f00 0041 | ffd2 4883 | c408 e90d | 0000 0049 | ba60 4b19 
  0x000002c0b19a8620: acfa 7f00 | 0041 ffd2 | 4883 c420 | 49c7 8788 | 0200 0000 | 0000 0049 | c787 9802 | 0000 0000 
  0x000002c0b19a8640: 0000 49c7 | 8790 0200 | 0000 0000 | 00c5 f877 | 418a 9f69 | 0300 0041 | c687 6903 | 0000 0048 
  0x000002c0b19a8660: 8b4d e88b | 4928 f7c1 | 2000 0000 | 0f84 4801 | 0000 f6c3 | ff0f 8521 | 0200 0048 | 8d55 a848 
  0x000002c0b19a8680: 8b42 0848 | 85c0 0f85 | be00 0000 | e805 0000 | 00e9 9800 | 0000 488d | 4424 084c | 896d c049 
  0x000002c0b19a86a0: 8bcf c5f8 | 7749 89af | 9802 0000 | 4989 8788 | 0200 0048 | 83ec 20f7 | c40f 0000 | 000f 841a 
  0x000002c0b19a86c0: 0000 0048 | 83ec 0849 | ba20 9319 | acfa 7f00 | 0041 ffd2 | 4883 c408 | e90d 0000 | 0049 ba20 
  0x000002c0b19a86e0: 9319 acfa | 7f00 0041 | ffd2 4883 | c420 49c7 | 8788 0200 | 0000 0000 | 0049 c787 | 9802 0000 
  0x000002c0b19a8700: 0000 0000 | 49c7 8790 | 0200 0000 | 0000 00c5 | f877 4981 | 7f08 0000 | 0000 0f84 | 0500 0000 
  0x000002c0b19a8720: e9db 87fe | ff4c 8b6d | c04c 8b75 | c8c3 48b9 | 087a 74ac | fa7f 0000 | 4883 e4f0 | 49ba 707c 
  0x000002c0b19a8740: 3cac fa7f | 0000 41ff | d2f4 4c89 | 6dc0 488d | 024c 8b4a | 0848 c742 | 0800 0000 | 004c 8b00 
  0x000002c0b19a8760: 4d85 c00f | 844d 0000 | 00f0 4d0f | b101 0f84 | 4200 0000 | 4c89 4a08 | 488b ca48 | 83ec 20f7 
  0x000002c0b19a8780: c40f 0000 | 000f 841a | 0000 0048 | 83ec 0849 | ba80 6519 | acfa 7f00 | 0041 ffd2 | 4883 c408 
  0x000002c0b19a87a0: e90d 0000 | 0049 ba80 | 6519 acfa | 7f00 0041 | ffd2 4883 | c420 4c8b | 6dc0 488b | 55b8 488d 
  0x000002c0b19a87c0: 5db8 e9d0 | 0000 00e8 | 0500 0000 | e998 0000 | 0048 8d44 | 2408 4c89 | 6dc0 498b | cfc5 f877 
  0x000002c0b19a87e0: 4989 af98 | 0200 0049 | 8987 8802 | 0000 4883 | ec20 f7c4 | 0f00 0000 | 0f84 1a00 | 0000 4883 
  0x000002c0b19a8800: ec08 49ba | 2093 19ac | fa7f 0000 | 41ff d248 | 83c4 08e9 | 0d00 0000 | 49ba 2093 | 19ac fa7f 
  0x000002c0b19a8820: 0000 41ff | d248 83c4 | 2049 c787 | 8802 0000 | 0000 0000 | 49c7 8798 | 0200 0000 | 0000 0049 
  0x000002c0b19a8840: c787 9002 | 0000 0000 | 0000 c5f8 | 7749 817f | 0800 0000 | 000f 8405 | 0000 00e9 | a086 feff 
  0x000002c0b19a8860: 4c8b 6dc0 | 4c8b 75c8 | c348 b908 | 7a74 acfa | 7f00 0048 | 83e4 f049 | ba70 7c3c | acfa 7f00 
  0x000002c0b19a8880: 0041 ffd2 | f448 817a | 0800 0000 | 000f 8534 | ffff ff48 | 83c2 1048 | 3bd3 75e9 | 49ba ae09 
  0x000002c0b19a88a0: 9aac fa7f | 0000 4180 | 3a00 0f84 | 4200 0000 | 488b 55e8 | 498b cf48 | 83ec 20f7 | c40f 0000 
  0x000002c0b19a88c0: 000f 841a | 0000 0048 | 83ec 0849 | ba50 9a4f | acfa 7f00 | 0041 ffd2 | 4883 c408 | e90d 0000 
  0x000002c0b19a88e0: 0049 ba50 | 9a4f acfa | 7f00 0041 | ffd2 4883 | c420 488b | 5df8 c941 | 5d48 8be3 | 41ff e590 
[/MachCode]

---------------  P R O C E S S  ---------------

Threads class SMR info:
_java_thread_list=0x000002c0d0fdc300, length=16, elements={
0x000002c0a6dc7d00, 0x000002c0cfdd9630, 0x000002c0cfdda4a0, 0x000002c0cfe28bb0,
0x000002c0cfe2c590, 0x000002c0cfe2d150, 0x000002c0cfe2e520, 0x000002c0cfe300e0,
0x000002c0cfe53ab0, 0x000002c0cfe5eb90, 0x000002c0cff9d040, 0x000002c0cffaa9e0,
0x000002c0cffd05b0, 0x000002c0cffe1070, 0x000002c0d0f9a7e0, 0x000002c0d0fdd2a0
}

Java Threads: ( => current thread )
  0x000002c0a6dc7d00 JavaThread "main" [_thread_blocked, id=20260, stack(0x000000d8c2a00000,0x000000d8c2b00000)]
  0x000002c0cfdd9630 JavaThread "Reference Handler" daemon [_thread_blocked, id=14872, stack(0x000000d8c3100000,0x000000d8c3200000)]
  0x000002c0cfdda4a0 JavaThread "Finalizer" daemon [_thread_blocked, id=15672, stack(0x000000d8c3200000,0x000000d8c3300000)]
  0x000002c0cfe28bb0 JavaThread "Signal Dispatcher" daemon [_thread_blocked, id=15492, stack(0x000000d8c3300000,0x000000d8c3400000)]
  0x000002c0cfe2c590 JavaThread "Attach Listener" daemon [_thread_blocked, id=19428, stack(0x000000d8c3400000,0x000000d8c3500000)]
  0x000002c0cfe2d150 JavaThread "Service Thread" daemon [_thread_blocked, id=16488, stack(0x000000d8c3500000,0x000000d8c3600000)]
  0x000002c0cfe2e520 JavaThread "Monitor Deflation Thread" daemon [_thread_blocked, id=7728, stack(0x000000d8c3600000,0x000000d8c3700000)]
  0x000002c0cfe300e0 JavaThread "C2 CompilerThread0" daemon [_thread_in_native, id=14320, stack(0x000000d8c3700000,0x000000d8c3800000)]
  0x000002c0cfe53ab0 JavaThread "C1 CompilerThread0" daemon [_thread_blocked, id=19636, stack(0x000000d8c3800000,0x000000d8c3900000)]
  0x000002c0cfe5eb90 JavaThread "Sweeper thread" daemon [_thread_blocked, id=10212, stack(0x000000d8c3900000,0x000000d8c3a00000)]
  0x000002c0cff9d040 JavaThread "C1 CompilerThread1" daemon [_thread_blocked, id=12120, stack(0x000000d8c3a00000,0x000000d8c3b00000)]
  0x000002c0cffaa9e0 JavaThread "C1 CompilerThread2" daemon [_thread_blocked, id=12404, stack(0x000000d8c3b00000,0x000000d8c3c00000)]
  0x000002c0cffd05b0 JavaThread "Notification Thread" daemon [_thread_blocked, id=6440, stack(0x000000d8c3c00000,0x000000d8c3d00000)]
  0x000002c0cffe1070 JavaThread "Common-Cleaner" daemon [_thread_blocked, id=14360, stack(0x000000d8c3e00000,0x000000d8c3f00000)]
=>0x000002c0d0f9a7e0 JavaThread "HttpClient-1-SelectorManager" daemon [_thread_in_Java, id=5604, stack(0x000000d8c3f00000,0x000000d8c4000000)]
  0x000002c0d0fdd2a0 JavaThread "HttpClient-1-Worker-0" daemon [_thread_in_vm, id=19836, stack(0x000000d8c4100000,0x000000d8c4200000)]

Other Threads:
  0x000002c0cf38da40 VMThread "VM Thread" [stack: 0x000000d8c3000000,0x000000d8c3100000] [id=12628]
  0x000002c0cffd0a80 WatcherThread [stack: 0x000000d8c3d00000,0x000000d8c3e00000] [id=19828]
  0x000002c0a6e78860 GCTaskThread "GC Thread#0" [stack: 0x000000d8c2b00000,0x000000d8c2c00000] [id=2584]
  0x000002c0a6e89720 ConcurrentGCThread "G1 Main Marker" [stack: 0x000000d8c2c00000,0x000000d8c2d00000] [id=19548]
  0x000002c0a6e8a8d0 ConcurrentGCThread "G1 Conc#0" [stack: 0x000000d8c2d00000,0x000000d8c2e00000] [id=1128]
  0x000002c0cf284800 ConcurrentGCThread "G1 Refine#0" [stack: 0x000000d8c2e00000,0x000000d8c2f00000] [id=19644]
  0x000002c0cf285230 ConcurrentGCThread "G1 Service" [stack: 0x000000d8c2f00000,0x000000d8c3000000] [id=19004]

Threads with active compile tasks:
C2 CompilerThread0      660  924       4       java.util.regex.Pattern$SliceI::match (96 bytes)
C1 CompilerThread1      660  972       3       sun.security.util.math.intpoly.IntegerPolynomialP256::carryReduce (895 bytes)
C1 CompilerThread2      660  974       3       sun.security.util.math.intpoly.IntegerPolynomialP256::mult (943 bytes)

VM state: not at safepoint (normal execution)

VM Mutex/Monitor currently owned by a thread: None

Heap address: 0x0000000601000000, size: 8176 MB, Compressed Oops mode: Zero based, Oop shift amount: 3

CDS archive(s) not mapped
Compressed class space mapped at: 0x0000000800000000-0x0000000840000000, reserved size: 1073741824
Narrow klass base: 0x0000000800000000, Narrow klass shift: 0, Narrow klass range: 0x40000000

GC Precious Log:
 CPUs: 16 total, 16 available
 Memory: 32697M
 Large Page Support: Disabled
 NUMA Support: Disabled
 Compressed Oops: Enabled (Zero based)
 Heap Region Size: 4M
 Heap Min Capacity: 8M
 Heap Initial Capacity: 512M
 Heap Max Capacity: 8176M
 Pre-touch: Disabled
 Parallel Workers: 13
 Concurrent Workers: 3
 Concurrent Refinement Workers: 13
 Periodic GC: Disabled

Heap:
 garbage-first heap   total 524288K, used 12288K [0x0000000601000000, 0x0000000800000000)
  region size 4096K, 4 young (16384K), 0 survivors (0K)
 Metaspace       used 15189K, committed 15424K, reserved 1064960K
  class space    used 1571K, committed 1664K, reserved 1048576K

Heap Regions: E=young(eden), S=young(survivor), O=old, HS=humongous(starts), HC=humongous(continues), CS=collection set, F=free, OA=open archive, CA=closed archive, TAMS=top-at-mark-start (previous, next)
|   0|0x0000000601000000, 0x0000000601000000, 0x0000000601400000|  0%| F|  |TAMS 0x0000000601000000, 0x0000000601000000| Untracked 
|   1|0x0000000601400000, 0x0000000601400000, 0x0000000601800000|  0%| F|  |TAMS 0x0000000601400000, 0x0000000601400000| Untracked 
|   2|0x0000000601800000, 0x0000000601800000, 0x0000000601c00000|  0%| F|  |TAMS 0x0000000601800000, 0x0000000601800000| Untracked 
|   3|0x0000000601c00000, 0x0000000601c00000, 0x0000000602000000|  0%| F|  |TAMS 0x0000000601c00000, 0x0000000601c00000| Untracked 
|   4|0x0000000602000000, 0x0000000602000000, 0x0000000602400000|  0%| F|  |TAMS 0x0000000602000000, 0x0000000602000000| Untracked 
|   5|0x0000000602400000, 0x0000000602400000, 0x0000000602800000|  0%| F|  |TAMS 0x0000000602400000, 0x0000000602400000| Untracked 
|   6|0x0000000602800000, 0x0000000602800000, 0x0000000602c00000|  0%| F|  |TAMS 0x0000000602800000, 0x0000000602800000| Untracked 
|   7|0x0000000602c00000, 0x0000000602c00000, 0x0000000603000000|  0%| F|  |TAMS 0x0000000602c00000, 0x0000000602c00000| Untracked 
|   8|0x0000000603000000, 0x0000000603000000, 0x0000000603400000|  0%| F|  |TAMS 0x0000000603000000, 0x0000000603000000| Untracked 
|   9|0x0000000603400000, 0x0000000603400000, 0x0000000603800000|  0%| F|  |TAMS 0x0000000603400000, 0x0000000603400000| Untracked 
|  10|0x0000000603800000, 0x0000000603800000, 0x0000000603c00000|  0%| F|  |TAMS 0x0000000603800000, 0x0000000603800000| Untracked 
|  11|0x0000000603c00000, 0x0000000603c00000, 0x0000000604000000|  0%| F|  |TAMS 0x0000000603c00000, 0x0000000603c00000| Untracked 
|  12|0x0000000604000000, 0x0000000604000000, 0x0000000604400000|  0%| F|  |TAMS 0x0000000604000000, 0x0000000604000000| Untracked 
|  13|0x0000000604400000, 0x0000000604400000, 0x0000000604800000|  0%| F|  |TAMS 0x0000000604400000, 0x0000000604400000| Untracked 
|  14|0x0000000604800000, 0x0000000604800000, 0x0000000604c00000|  0%| F|  |TAMS 0x0000000604800000, 0x0000000604800000| Untracked 
|  15|0x0000000604c00000, 0x0000000604c00000, 0x0000000605000000|  0%| F|  |TAMS 0x0000000604c00000, 0x0000000604c00000| Untracked 
|  16|0x0000000605000000, 0x0000000605000000, 0x0000000605400000|  0%| F|  |TAMS 0x0000000605000000, 0x0000000605000000| Untracked 
|  17|0x0000000605400000, 0x0000000605400000, 0x0000000605800000|  0%| F|  |TAMS 0x0000000605400000, 0x0000000605400000| Untracked 
|  18|0x0000000605800000, 0x0000000605800000, 0x0000000605c00000|  0%| F|  |TAMS 0x0000000605800000, 0x0000000605800000| Untracked 
|  19|0x0000000605c00000, 0x0000000605c00000, 0x0000000606000000|  0%| F|  |TAMS 0x0000000605c00000, 0x0000000605c00000| Untracked 
|  20|0x0000000606000000, 0x0000000606000000, 0x0000000606400000|  0%| F|  |TAMS 0x0000000606000000, 0x0000000606000000| Untracked 
|  21|0x0000000606400000, 0x0000000606400000, 0x0000000606800000|  0%| F|  |TAMS 0x0000000606400000, 0x0000000606400000| Untracked 
|  22|0x0000000606800000, 0x0000000606800000, 0x0000000606c00000|  0%| F|  |TAMS 0x0000000606800000, 0x0000000606800000| Untracked 
|  23|0x0000000606c00000, 0x0000000606c00000, 0x0000000607000000|  0%| F|  |TAMS 0x0000000606c00000, 0x0000000606c00000| Untracked 
|  24|0x0000000607000000, 0x0000000607000000, 0x0000000607400000|  0%| F|  |TAMS 0x0000000607000000, 0x0000000607000000| Untracked 
|  25|0x0000000607400000, 0x0000000607400000, 0x0000000607800000|  0%| F|  |TAMS 0x0000000607400000, 0x0000000607400000| Untracked 
|  26|0x0000000607800000, 0x0000000607800000, 0x0000000607c00000|  0%| F|  |TAMS 0x0000000607800000, 0x0000000607800000| Untracked 
|  27|0x0000000607c00000, 0x0000000607c00000, 0x0000000608000000|  0%| F|  |TAMS 0x0000000607c00000, 0x0000000607c00000| Untracked 
|  28|0x0000000608000000, 0x0000000608000000, 0x0000000608400000|  0%| F|  |TAMS 0x0000000608000000, 0x0000000608000000| Untracked 
|  29|0x0000000608400000, 0x0000000608400000, 0x0000000608800000|  0%| F|  |TAMS 0x0000000608400000, 0x0000000608400000| Untracked 
|  30|0x0000000608800000, 0x0000000608800000, 0x0000000608c00000|  0%| F|  |TAMS 0x0000000608800000, 0x0000000608800000| Untracked 
|  31|0x0000000608c00000, 0x0000000608c00000, 0x0000000609000000|  0%| F|  |TAMS 0x0000000608c00000, 0x0000000608c00000| Untracked 
|  32|0x0000000609000000, 0x0000000609000000, 0x0000000609400000|  0%| F|  |TAMS 0x0000000609000000, 0x0000000609000000| Untracked 
|  33|0x0000000609400000, 0x0000000609400000, 0x0000000609800000|  0%| F|  |TAMS 0x0000000609400000, 0x0000000609400000| Untracked 
|  34|0x0000000609800000, 0x0000000609800000, 0x0000000609c00000|  0%| F|  |TAMS 0x0000000609800000, 0x0000000609800000| Untracked 
|  35|0x0000000609c00000, 0x0000000609c00000, 0x000000060a000000|  0%| F|  |TAMS 0x0000000609c00000, 0x0000000609c00000| Untracked 
|  36|0x000000060a000000, 0x000000060a000000, 0x000000060a400000|  0%| F|  |TAMS 0x000000060a000000, 0x000000060a000000| Untracked 
|  37|0x000000060a400000, 0x000000060a400000, 0x000000060a800000|  0%| F|  |TAMS 0x000000060a400000, 0x000000060a400000| Untracked 
|  38|0x000000060a800000, 0x000000060a800000, 0x000000060ac00000|  0%| F|  |TAMS 0x000000060a800000, 0x000000060a800000| Untracked 
|  39|0x000000060ac00000, 0x000000060ac00000, 0x000000060b000000|  0%| F|  |TAMS 0x000000060ac00000, 0x000000060ac00000| Untracked 
|  40|0x000000060b000000, 0x000000060b000000, 0x000000060b400000|  0%| F|  |TAMS 0x000000060b000000, 0x000000060b000000| Untracked 
|  41|0x000000060b400000, 0x000000060b400000, 0x000000060b800000|  0%| F|  |TAMS 0x000000060b400000, 0x000000060b400000| Untracked 
|  42|0x000000060b800000, 0x000000060b800000, 0x000000060bc00000|  0%| F|  |TAMS 0x000000060b800000, 0x000000060b800000| Untracked 
|  43|0x000000060bc00000, 0x000000060bc00000, 0x000000060c000000|  0%| F|  |TAMS 0x000000060bc00000, 0x000000060bc00000| Untracked 
|  44|0x000000060c000000, 0x000000060c000000, 0x000000060c400000|  0%| F|  |TAMS 0x000000060c000000, 0x000000060c000000| Untracked 
|  45|0x000000060c400000, 0x000000060c400000, 0x000000060c800000|  0%| F|  |TAMS 0x000000060c400000, 0x000000060c400000| Untracked 
|  46|0x000000060c800000, 0x000000060c800000, 0x000000060cc00000|  0%| F|  |TAMS 0x000000060c800000, 0x000000060c800000| Untracked 
|  47|0x000000060cc00000, 0x000000060cc00000, 0x000000060d000000|  0%| F|  |TAMS 0x000000060cc00000, 0x000000060cc00000| Untracked 
|  48|0x000000060d000000, 0x000000060d000000, 0x000000060d400000|  0%| F|  |TAMS 0x000000060d000000, 0x000000060d000000| Untracked 
|  49|0x000000060d400000, 0x000000060d400000, 0x000000060d800000|  0%| F|  |TAMS 0x000000060d400000, 0x000000060d400000| Untracked 
|  50|0x000000060d800000, 0x000000060d800000, 0x000000060dc00000|  0%| F|  |TAMS 0x000000060d800000, 0x000000060d800000| Untracked 
|  51|0x000000060dc00000, 0x000000060dc00000, 0x000000060e000000|  0%| F|  |TAMS 0x000000060dc00000, 0x000000060dc00000| Untracked 
|  52|0x000000060e000000, 0x000000060e000000, 0x000000060e400000|  0%| F|  |TAMS 0x000000060e000000, 0x000000060e000000| Untracked 
|  53|0x000000060e400000, 0x000000060e400000, 0x000000060e800000|  0%| F|  |TAMS 0x000000060e400000, 0x000000060e400000| Untracked 
|  54|0x000000060e800000, 0x000000060e800000, 0x000000060ec00000|  0%| F|  |TAMS 0x000000060e800000, 0x000000060e800000| Untracked 
|  55|0x000000060ec00000, 0x000000060ec00000, 0x000000060f000000|  0%| F|  |TAMS 0x000000060ec00000, 0x000000060ec00000| Untracked 
|  56|0x000000060f000000, 0x000000060f000000, 0x000000060f400000|  0%| F|  |TAMS 0x000000060f000000, 0x000000060f000000| Untracked 
|  57|0x000000060f400000, 0x000000060f400000, 0x000000060f800000|  0%| F|  |TAMS 0x000000060f400000, 0x000000060f400000| Untracked 
|  58|0x000000060f800000, 0x000000060f800000, 0x000000060fc00000|  0%| F|  |TAMS 0x000000060f800000, 0x000000060f800000| Untracked 
|  59|0x000000060fc00000, 0x000000060fc00000, 0x0000000610000000|  0%| F|  |TAMS 0x000000060fc00000, 0x000000060fc00000| Untracked 
|  60|0x0000000610000000, 0x0000000610000000, 0x0000000610400000|  0%| F|  |TAMS 0x0000000610000000, 0x0000000610000000| Untracked 
|  61|0x0000000610400000, 0x0000000610400000, 0x0000000610800000|  0%| F|  |TAMS 0x0000000610400000, 0x0000000610400000| Untracked 
|  62|0x0000000610800000, 0x0000000610800000, 0x0000000610c00000|  0%| F|  |TAMS 0x0000000610800000, 0x0000000610800000| Untracked 
|  63|0x0000000610c00000, 0x0000000610c00000, 0x0000000611000000|  0%| F|  |TAMS 0x0000000610c00000, 0x0000000610c00000| Untracked 
|  64|0x0000000611000000, 0x0000000611000000, 0x0000000611400000|  0%| F|  |TAMS 0x0000000611000000, 0x0000000611000000| Untracked 
|  65|0x0000000611400000, 0x0000000611400000, 0x0000000611800000|  0%| F|  |TAMS 0x0000000611400000, 0x0000000611400000| Untracked 
|  66|0x0000000611800000, 0x0000000611800000, 0x0000000611c00000|  0%| F|  |TAMS 0x0000000611800000, 0x0000000611800000| Untracked 
|  67|0x0000000611c00000, 0x0000000611c00000, 0x0000000612000000|  0%| F|  |TAMS 0x0000000611c00000, 0x0000000611c00000| Untracked 
|  68|0x0000000612000000, 0x0000000612000000, 0x0000000612400000|  0%| F|  |TAMS 0x0000000612000000, 0x0000000612000000| Untracked 
|  69|0x0000000612400000, 0x0000000612400000, 0x0000000612800000|  0%| F|  |TAMS 0x0000000612400000, 0x0000000612400000| Untracked 
|  70|0x0000000612800000, 0x0000000612800000, 0x0000000612c00000|  0%| F|  |TAMS 0x0000000612800000, 0x0000000612800000| Untracked 
|  71|0x0000000612c00000, 0x0000000612c00000, 0x0000000613000000|  0%| F|  |TAMS 0x0000000612c00000, 0x0000000612c00000| Untracked 
|  72|0x0000000613000000, 0x0000000613000000, 0x0000000613400000|  0%| F|  |TAMS 0x0000000613000000, 0x0000000613000000| Untracked 
|  73|0x0000000613400000, 0x0000000613400000, 0x0000000613800000|  0%| F|  |TAMS 0x0000000613400000, 0x0000000613400000| Untracked 
|  74|0x0000000613800000, 0x0000000613800000, 0x0000000613c00000|  0%| F|  |TAMS 0x0000000613800000, 0x0000000613800000| Untracked 
|  75|0x0000000613c00000, 0x0000000613c00000, 0x0000000614000000|  0%| F|  |TAMS 0x0000000613c00000, 0x0000000613c00000| Untracked 
|  76|0x0000000614000000, 0x0000000614000000, 0x0000000614400000|  0%| F|  |TAMS 0x0000000614000000, 0x0000000614000000| Untracked 
|  77|0x0000000614400000, 0x0000000614400000, 0x0000000614800000|  0%| F|  |TAMS 0x0000000614400000, 0x0000000614400000| Untracked 
|  78|0x0000000614800000, 0x0000000614800000, 0x0000000614c00000|  0%| F|  |TAMS 0x0000000614800000, 0x0000000614800000| Untracked 
|  79|0x0000000614c00000, 0x0000000614c00000, 0x0000000615000000|  0%| F|  |TAMS 0x0000000614c00000, 0x0000000614c00000| Untracked 
|  80|0x0000000615000000, 0x0000000615000000, 0x0000000615400000|  0%| F|  |TAMS 0x0000000615000000, 0x0000000615000000| Untracked 
|  81|0x0000000615400000, 0x0000000615400000, 0x0000000615800000|  0%| F|  |TAMS 0x0000000615400000, 0x0000000615400000| Untracked 
|  82|0x0000000615800000, 0x0000000615800000, 0x0000000615c00000|  0%| F|  |TAMS 0x0000000615800000, 0x0000000615800000| Untracked 
|  83|0x0000000615c00000, 0x0000000615c00000, 0x0000000616000000|  0%| F|  |TAMS 0x0000000615c00000, 0x0000000615c00000| Untracked 
|  84|0x0000000616000000, 0x0000000616000000, 0x0000000616400000|  0%| F|  |TAMS 0x0000000616000000, 0x0000000616000000| Untracked 
|  85|0x0000000616400000, 0x0000000616400000, 0x0000000616800000|  0%| F|  |TAMS 0x0000000616400000, 0x0000000616400000| Untracked 
|  86|0x0000000616800000, 0x0000000616800000, 0x0000000616c00000|  0%| F|  |TAMS 0x0000000616800000, 0x0000000616800000| Untracked 
|  87|0x0000000616c00000, 0x0000000616c00000, 0x0000000617000000|  0%| F|  |TAMS 0x0000000616c00000, 0x0000000616c00000| Untracked 
|  88|0x0000000617000000, 0x0000000617000000, 0x0000000617400000|  0%| F|  |TAMS 0x0000000617000000, 0x0000000617000000| Untracked 
|  89|0x0000000617400000, 0x0000000617400000, 0x0000000617800000|  0%| F|  |TAMS 0x0000000617400000, 0x0000000617400000| Untracked 
|  90|0x0000000617800000, 0x0000000617800000, 0x0000000617c00000|  0%| F|  |TAMS 0x0000000617800000, 0x0000000617800000| Untracked 
|  91|0x0000000617c00000, 0x0000000617c00000, 0x0000000618000000|  0%| F|  |TAMS 0x0000000617c00000, 0x0000000617c00000| Untracked 
|  92|0x0000000618000000, 0x0000000618000000, 0x0000000618400000|  0%| F|  |TAMS 0x0000000618000000, 0x0000000618000000| Untracked 
|  93|0x0000000618400000, 0x0000000618400000, 0x0000000618800000|  0%| F|  |TAMS 0x0000000618400000, 0x0000000618400000| Untracked 
|  94|0x0000000618800000, 0x0000000618800000, 0x0000000618c00000|  0%| F|  |TAMS 0x0000000618800000, 0x0000000618800000| Untracked 
|  95|0x0000000618c00000, 0x0000000618c00000, 0x0000000619000000|  0%| F|  |TAMS 0x0000000618c00000, 0x0000000618c00000| Untracked 
|  96|0x0000000619000000, 0x0000000619000000, 0x0000000619400000|  0%| F|  |TAMS 0x0000000619000000, 0x0000000619000000| Untracked 
|  97|0x0000000619400000, 0x0000000619400000, 0x0000000619800000|  0%| F|  |TAMS 0x0000000619400000, 0x0000000619400000| Untracked 
|  98|0x0000000619800000, 0x0000000619800000, 0x0000000619c00000|  0%| F|  |TAMS 0x0000000619800000, 0x0000000619800000| Untracked 
|  99|0x0000000619c00000, 0x0000000619c00000, 0x000000061a000000|  0%| F|  |TAMS 0x0000000619c00000, 0x0000000619c00000| Untracked 
| 100|0x000000061a000000, 0x000000061a000000, 0x000000061a400000|  0%| F|  |TAMS 0x000000061a000000, 0x000000061a000000| Untracked 
| 101|0x000000061a400000, 0x000000061a400000, 0x000000061a800000|  0%| F|  |TAMS 0x000000061a400000, 0x000000061a400000| Untracked 
| 102|0x000000061a800000, 0x000000061a800000, 0x000000061ac00000|  0%| F|  |TAMS 0x000000061a800000, 0x000000061a800000| Untracked 
| 103|0x000000061ac00000, 0x000000061ac00000, 0x000000061b000000|  0%| F|  |TAMS 0x000000061ac00000, 0x000000061ac00000| Untracked 
| 104|0x000000061b000000, 0x000000061b000000, 0x000000061b400000|  0%| F|  |TAMS 0x000000061b000000, 0x000000061b000000| Untracked 
| 105|0x000000061b400000, 0x000000061b400000, 0x000000061b800000|  0%| F|  |TAMS 0x000000061b400000, 0x000000061b400000| Untracked 
| 106|0x000000061b800000, 0x000000061b800000, 0x000000061bc00000|  0%| F|  |TAMS 0x000000061b800000, 0x000000061b800000| Untracked 
| 107|0x000000061bc00000, 0x000000061bc00000, 0x000000061c000000|  0%| F|  |TAMS 0x000000061bc00000, 0x000000061bc00000| Untracked 
| 108|0x000000061c000000, 0x000000061c000000, 0x000000061c400000|  0%| F|  |TAMS 0x000000061c000000, 0x000000061c000000| Untracked 
| 109|0x000000061c400000, 0x000000061c400000, 0x000000061c800000|  0%| F|  |TAMS 0x000000061c400000, 0x000000061c400000| Untracked 
| 110|0x000000061c800000, 0x000000061c800000, 0x000000061cc00000|  0%| F|  |TAMS 0x000000061c800000, 0x000000061c800000| Untracked 
| 111|0x000000061cc00000, 0x000000061cc00000, 0x000000061d000000|  0%| F|  |TAMS 0x000000061cc00000, 0x000000061cc00000| Untracked 
| 112|0x000000061d000000, 0x000000061d000000, 0x000000061d400000|  0%| F|  |TAMS 0x000000061d000000, 0x000000061d000000| Untracked 
| 113|0x000000061d400000, 0x000000061d400000, 0x000000061d800000|  0%| F|  |TAMS 0x000000061d400000, 0x000000061d400000| Untracked 
| 114|0x000000061d800000, 0x000000061d800000, 0x000000061dc00000|  0%| F|  |TAMS 0x000000061d800000, 0x000000061d800000| Untracked 
| 115|0x000000061dc00000, 0x000000061dc00000, 0x000000061e000000|  0%| F|  |TAMS 0x000000061dc00000, 0x000000061dc00000| Untracked 
| 116|0x000000061e000000, 0x000000061e000000, 0x000000061e400000|  0%| F|  |TAMS 0x000000061e000000, 0x000000061e000000| Untracked 
| 117|0x000000061e400000, 0x000000061e400000, 0x000000061e800000|  0%| F|  |TAMS 0x000000061e400000, 0x000000061e400000| Untracked 
| 118|0x000000061e800000, 0x000000061e800000, 0x000000061ec00000|  0%| F|  |TAMS 0x000000061e800000, 0x000000061e800000| Untracked 
| 119|0x000000061ec00000, 0x000000061ec00000, 0x000000061f000000|  0%| F|  |TAMS 0x000000061ec00000, 0x000000061ec00000| Untracked 
| 120|0x000000061f000000, 0x000000061f000000, 0x000000061f400000|  0%| F|  |TAMS 0x000000061f000000, 0x000000061f000000| Untracked 
| 121|0x000000061f400000, 0x000000061f400000, 0x000000061f800000|  0%| F|  |TAMS 0x000000061f400000, 0x000000061f400000| Untracked 
| 122|0x000000061f800000, 0x000000061f800000, 0x000000061fc00000|  0%| F|  |TAMS 0x000000061f800000, 0x000000061f800000| Untracked 
| 123|0x000000061fc00000, 0x000000061fc00000, 0x0000000620000000|  0%| F|  |TAMS 0x000000061fc00000, 0x000000061fc00000| Untracked 
| 124|0x0000000620000000, 0x00000006200ff910, 0x0000000620400000| 24%| E|  |TAMS 0x0000000620000000, 0x0000000620000000| Complete 
| 125|0x0000000620400000, 0x0000000620800000, 0x0000000620800000|100%| E|CS|TAMS 0x0000000620400000, 0x0000000620400000| Complete 
| 126|0x0000000620800000, 0x0000000620c00000, 0x0000000620c00000|100%| E|CS|TAMS 0x0000000620800000, 0x0000000620800000| Complete 
| 127|0x0000000620c00000, 0x0000000621000000, 0x0000000621000000|100%| E|CS|TAMS 0x0000000620c00000, 0x0000000620c00000| Complete 

Card table byte_map: [0x000002c0badd0000,0x000002c0bbdd0000] _byte_map_base: 0x000002c0b7dc8000

Marking Bits (Prev, Next): (CMBitMap*) 0x000002c0a6e78e70, (CMBitMap*) 0x000002c0a6e78eb0
 Prev Bits: [0x000002c0bcdd0000, 0x000002c0c4d90000)
 Next Bits: [0x000002c0c4d90000, 0x000002c0ccd50000)

Polling page: 0x000002c0a4da0000

Metaspace:

Usage:
  Non-class:     13.32 MB used.
      Class:      1.54 MB used.
       Both:     14.86 MB used.

Virtual space:
  Non-class space:       16.00 MB reserved,      13.44 MB ( 84%) committed,  2 nodes.
      Class space:        1.00 GB reserved,       1.62 MB ( <1%) committed,  1 nodes.
             Both:        1.02 GB reserved,      15.06 MB (  1%) committed. 

Chunk freelists:
   Non-Class:  2.53 MB
       Class:  2.23 MB
        Both:  4.77 MB

MaxMetaspaceSize: unlimited
CompressedClassSpaceSize: 1.00 GB
Initial GC threshold: 21.00 MB
Current GC threshold: 21.00 MB
CDS: off
MetaspaceReclaimPolicy: balanced
 - commit_granule_bytes: 65536.
 - commit_granule_words: 8192.
 - virtual_space_node_default_size: 1048576.
 - enlarge_chunks_in_place: 1.
 - new_chunks_are_fully_committed: 0.
 - uncommit_free_chunks: 1.
 - use_allocation_guard: 0.
 - handle_deallocations: 1.


Internal statistics:

num_allocs_failed_limit: 0.
num_arena_births: 120.
num_arena_deaths: 0.
num_vsnodes_births: 3.
num_vsnodes_deaths: 0.
num_space_committed: 241.
num_space_uncommitted: 0.
num_chunks_returned_to_freelist: 0.
num_chunks_taken_from_freelist: 249.
num_chunk_merges: 0.
num_chunk_splits: 144.
num_chunks_enlarged: 87.
num_purges: 0.
num_inconsistent_stats: 0.

CodeHeap 'non-profiled nmethods': size=119168Kb used=271Kb max_used=271Kb free=118896Kb
 bounds [0x000002c0b20e0000, 0x000002c0b2350000, 0x000002c0b9540000]
CodeHeap 'profiled nmethods': size=119104Kb used=1633Kb max_used=1633Kb free=117470Kb
 bounds [0x000002c0aa540000, 0x000002c0aa7b0000, 0x000002c0b1990000]
CodeHeap 'non-nmethods': size=7488Kb used=2312Kb max_used=2330Kb free=5175Kb
 bounds [0x000002c0b1990000, 0x000002c0b1c00000, 0x000002c0b20e0000]
 total_blobs=1465 nmethods=985 adapters=391
 compilation: enabled
              stopped_count=0, restarted_count=0
 full_count=0

Compilation events (20 events):
Event: 0.604 Thread 0x000002c0cffaa9e0 nmethod 901 0x000002c0aa6a4b10 code [0x000002c0aa6a4cc0, 0x000002c0aa6a4ec8]
Event: 0.605 Thread 0x000002c0cfe300e0 nmethod 898 0x000002c0b211fa10 code [0x000002c0b211fb80, 0x000002c0b211fd38]
Event: 0.605 Thread 0x000002c0cff9d040 nmethod 902 0x000002c0aa6a5010 code [0x000002c0aa6a5300, 0x000002c0aa6a66d8]
Event: 0.606 Thread 0x000002c0cff9d040  904       3       java.lang.StringConcatHelper::newString (67 bytes)
Event: 0.606 Thread 0x000002c0cff9d040 nmethod 904 0x000002c0aa6a6c10 code [0x000002c0aa6a6e80, 0x000002c0aa6a7908]
Event: 0.610 Thread 0x000002c0cff9d040  906       3       java.lang.String::rangeCheck (9 bytes)
Event: 0.610 Thread 0x000002c0cff9d040 nmethod 906 0x000002c0aa6a7c90 code [0x000002c0aa6a7e40, 0x000002c0aa6a7f68]
Event: 0.610 Thread 0x000002c0cff9d040  907       3       jdk.internal.org.objectweb.asm.MethodWriter::putMethodInfo (1274 bytes)
Event: 0.611 Thread 0x000002c0cfe53ab0  908       3       java.lang.StringConcatHelper::initialCoder (14 bytes)
Event: 0.611 Thread 0x000002c0cfe53ab0 nmethod 908 0x000002c0aa6a8010 code [0x000002c0aa6a81a0, 0x000002c0aa6a82b8]
Event: 0.611 Thread 0x000002c0cfe53ab0  909       3       java.lang.StringConcatHelper::simpleConcat (94 bytes)
Event: 0.612 Thread 0x000002c0cffaa9e0  910       3       java.lang.ThreadLocal::getMap (5 bytes)
Event: 0.612 Thread 0x000002c0cffaa9e0 nmethod 910 0x000002c0aa6a8310 code [0x000002c0aa6a84a0, 0x000002c0aa6a85b8]
Event: 0.613 Thread 0x000002c0cfe53ab0 nmethod 909 0x000002c0aa6a8690 code [0x000002c0aa6a89e0, 0x000002c0aa6a9f28]
Event: 0.613 Thread 0x000002c0cffaa9e0  911       3       java.lang.invoke.DirectMethodHandle::preparedLambdaForm (244 bytes)
Event: 0.613 Thread 0x000002c0cfe53ab0  912       3       jdk.internal.org.objectweb.asm.MethodWriter::hasFrames (13 bytes)
Event: 0.613 Thread 0x000002c0cfe53ab0 nmethod 912 0x000002c0aa6aa690 code [0x000002c0aa6aa820, 0x000002c0aa6aa998]
Event: 0.614 Thread 0x000002c0cff9d040 nmethod 907 0x000002c0aa6aaa10 code [0x000002c0aa6ab0e0, 0x000002c0aa6ada48]
Event: 0.614 Thread 0x000002c0cffaa9e0 nmethod 911 0x000002c0aa6aed10 code [0x000002c0aa6af000, 0x000002c0aa6affb8]
Event: 0.614 Thread 0x000002c0cfe53ab0  913       3       java.lang.invoke.DirectMethodHandle::internalMemberName (8 bytes)

GC Heap History (0 events):
No events

Dll operation events (1 events):
Event: 0.006 Loaded shared library C:\Program Files\JetBrains\IntelliJ IDEA Community Edition 2023.1.1\jbr\bin\java.dll

Deoptimization events (12 events):
Event: 0.473 Thread 0x000002c0a6dc7d00 Uncommon trap: trap_request=0xffffff45 fr.pc=0x000002c0b20fa8cc relative=0x00000000000001cc
Event: 0.473 Thread 0x000002c0a6dc7d00 Uncommon trap: reason=unstable_if action=reinterpret pc=0x000002c0b20fa8cc method=java.util.HashMap.putVal(ILjava/lang/Object;Ljava/lang/Object;ZZ)Ljava/lang/Object; @ 162 c2
Event: 0.473 Thread 0x000002c0a6dc7d00 DEOPT PACKING pc=0x000002c0b20fa8cc sp=0x000000d8c2afb980
Event: 0.473 Thread 0x000002c0a6dc7d00 DEOPT UNPACKING pc=0x000002c0b19e69a3 sp=0x000000d8c2afb920 mode 2
Event: 0.516 Thread 0x000002c0a6dc7d00 Uncommon trap: trap_request=0xffffff45 fr.pc=0x000002c0b20f7c74 relative=0x00000000000003d4
Event: 0.516 Thread 0x000002c0a6dc7d00 Uncommon trap: reason=unstable_if action=reinterpret pc=0x000002c0b20f7c74 method=java.lang.StringLatin1.newString([BII)Ljava/lang/String; @ 1 c2
Event: 0.516 Thread 0x000002c0a6dc7d00 DEOPT PACKING pc=0x000002c0b20f7c74 sp=0x000000d8c2afe5f0
Event: 0.516 Thread 0x000002c0a6dc7d00 DEOPT UNPACKING pc=0x000002c0b19e69a3 sp=0x000000d8c2afe5b8 mode 2
Event: 0.522 Thread 0x000002c0a6dc7d00 DEOPT PACKING pc=0x000002c0aa559fe7 sp=0x000000d8c2afe370
Event: 0.522 Thread 0x000002c0a6dc7d00 DEOPT UNPACKING pc=0x000002c0b19e7143 sp=0x000000d8c2afd790 mode 0
Event: 0.556 Thread 0x000002c0a6dc7d00 DEOPT PACKING pc=0x000002c0aa559351 sp=0x000000d8c2afcf20
Event: 0.556 Thread 0x000002c0a6dc7d00 DEOPT UNPACKING pc=0x000002c0b19e7143 sp=0x000000d8c2afc398 mode 0

Classes unloaded (0 events):
No events

Classes redefined (0 events):
No events

Internal exceptions (20 events):
Event: 0.266 Thread 0x000002c0a6dc7d00 Exception <a 'java/lang/NoSuchMethodError'{0x000000062086e5c8}: 'void java.lang.invoke.DirectMethodHandle$Holder.invokeStaticInit(java.lang.Object, java.lang.Object)'> (0x000000062086e5c8) 
thrown [s\src\hotspot\share\interpreter\linkResolver.cpp, line 771]
Event: 0.267 Thread 0x000002c0a6dc7d00 Exception <a 'java/lang/NoSuchMethodError'{0x0000000620876280}: 'int java.lang.invoke.DirectMethodHandle$Holder.invokeStaticInit(java.lang.Object, java.lang.Object)'> (0x0000000620876280) 
thrown [s\src\hotspot\share\interpreter\linkResolver.cpp, line 771]
Event: 0.308 Thread 0x000002c0a6dc7d00 Exception <a 'java/lang/NoSuchMethodError'{0x000000062095d320}: 'java.lang.Object java.lang.invoke.DirectMethodHandle$Holder.invokeStaticInit(java.lang.Object, int, int, int, int)'> (0x000000062095d320) 
thrown [s\src\hotspot\share\interpreter\linkResolver.cpp, line 771]
Event: 0.395 Thread 0x000002c0a6dc7d00 Exception <a 'java/lang/NoSuchMethodError'{0x0000000620990870}: 'java.lang.Object java.lang.invoke.DirectMethodHandle$Holder.invokeStaticInit(java.lang.Object, java.lang.Object, int, int, int, int)'> (0x0000000620990870) 
thrown [s\src\hotspot\share\interpreter\linkResolver.cpp, line 771]
Event: 0.405 Thread 0x000002c0a6dc7d00 Exception <a 'java/lang/NoSuchMethodError'{0x00000006209f9da8}: 'java.lang.Object java.lang.invoke.DirectMethodHandle$Holder.invokeStatic(java.lang.Object, java.lang.Object, int)'> (0x00000006209f9da8) 
thrown [s\src\hotspot\share\interpreter\linkResolver.cpp, line 771]
Event: 0.405 Thread 0x000002c0a6dc7d00 Exception <a 'java/lang/NoSuchMethodError'{0x00000006209fd520}: 'java.lang.Object java.lang.invoke.DirectMethodHandle$Holder.invokeStaticInit(java.lang.Object, java.lang.Object, int)'> (0x00000006209fd520) 
thrown [s\src\hotspot\share\interpreter\linkResolver.cpp, line 771]
Event: 0.406 Thread 0x000002c0a6dc7d00 Exception <a 'java/lang/NoSuchMethodError'{0x0000000620a038d0}: 'java.lang.Object java.lang.invoke.DirectMethodHandle$Holder.newInvokeSpecial(java.lang.Object, java.lang.Object, int)'> (0x0000000620a038d0) 
thrown [s\src\hotspot\share\interpreter\linkResolver.cpp, line 771]
Event: 0.408 Thread 0x000002c0a6dc7d00 Exception <a 'java/lang/NoSuchMethodError'{0x0000000620a13168}: 'int java.lang.invoke.DirectMethodHandle$Holder.invokeStaticInit(java.lang.Object, java.lang.Object, java.lang.Object)'> (0x0000000620a13168) 
thrown [s\src\hotspot\share\interpreter\linkResolver.cpp, line 771]
Event: 0.411 Thread 0x000002c0a6dc7d00 Exception <a 'java/lang/NoSuchMethodError'{0x0000000620a23348}: 'int java.lang.invoke.DirectMethodHandle$Holder.invokeSpecial(java.lang.Object, java.lang.Object, java.lang.Object)'> (0x0000000620a23348) 
thrown [s\src\hotspot\share\interpreter\linkResolver.cpp, line 771]
Event: 0.412 Thread 0x000002c0a6dc7d00 Exception <a 'java/lang/NoSuchMethodError'{0x0000000620a2b728}: 'int java.lang.invoke.DirectMethodHandle$Holder.invokeSpecialIFC(java.lang.Object, java.lang.Object, java.lang.Object)'> (0x0000000620a2b728) 
thrown [s\src\hotspot\share\interpreter\linkResolver.cpp, line 771]
Event: 0.444 Thread 0x000002c0a6dc7d00 Exception <a 'java/lang/NoSuchMethodError'{0x0000000620ab7e50}: 'java.lang.Object java.lang.invoke.DirectMethodHandle$Holder.invokeStaticInit(java.lang.Object)'> (0x0000000620ab7e50) 
thrown [s\src\hotspot\share\interpreter\linkResolver.cpp, line 771]
Event: 0.528 Thread 0x000002c0a6dc7d00 Exception <a 'java/lang/NoSuchMethodError'{0x00000006204b0868}: 'java.lang.Object java.lang.invoke.DirectMethodHandle$Holder.newInvokeSpecial(java.lang.Object, java.lang.Object, java.lang.Object, java.lang.Object, java.lang.Object)'> (0x00000006204b0868) 
thrown [s\src\hotspot\share\interpreter\linkResolver.cpp, line 771]
Event: 0.564 Thread 0x000002c0a6dc7d00 Exception <a 'java/lang/NoSuchMethodError'{0x000000062063bd20}: 'java.lang.Object java.lang.invoke.DirectMethodHandle$Holder.invokeSpecial(java.lang.Object, java.lang.Object, java.lang.Object, java.lang.Object, int)'> (0x000000062063bd20) 
thrown [s\src\hotspot\share\interpreter\linkResolver.cpp, line 771]
Event: 0.564 Thread 0x000002c0a6dc7d00 Exception <a 'java/lang/NoSuchMethodError'{0x000000062063f8e8}: 'java.lang.Object java.lang.invoke.Invokers$Holder.linkToTargetMethod(java.lang.Object, java.lang.Object, int, java.lang.Object)'> (0x000000062063f8e8) 
thrown [s\src\hotspot\share\interpreter\linkResolver.cpp, line 771]
Event: 0.574 Thread 0x000002c0a6dc7d00 Exception <a 'java/lang/NoSuchMethodError'{0x00000006206a1080}: 'void java.lang.invoke.DirectMethodHandle$Holder.invokeSpecial(java.lang.Object, java.lang.Object, java.lang.Object)'> (0x00000006206a1080) 
thrown [s\src\hotspot\share\interpreter\linkResolver.cpp, line 771]
Event: 0.590 Thread 0x000002c0d0f9a7e0 Exception <a 'java/lang/NoSuchMethodError'{0x0000000620422570}: 'void java.lang.invoke.DirectMethodHandle$Holder.invokeStatic(java.lang.Object, java.lang.Object, int)'> (0x0000000620422570) 
thrown [s\src\hotspot\share\interpreter\linkResolver.cpp, line 771]
Event: 0.590 Thread 0x000002c0a6dc7d00 Exception <a 'java/lang/NoSuchMethodError'{0x00000006207273c8}: 'void java.lang.invoke.DirectMethodHandle$Holder.invokeSpecial(java.lang.Object, java.lang.Object, java.lang.Object, java.lang.Object, java.lang.Object)'> (0x00000006207273c8) 
thrown [s\src\hotspot\share\interpreter\linkResolver.cpp, line 771]
Event: 0.598 Thread 0x000002c0d0fdd2a0 Exception <a 'java/lang/NoSuchMethodError'{0x000000062078a1c8}: 'void java.lang.invoke.DirectMethodHandle$Holder.invokeInterface(java.lang.Object, java.lang.Object, java.lang.Object)'> (0x000000062078a1c8) 
thrown [s\src\hotspot\share\interpreter\linkResolver.cpp, line 771]
Event: 0.600 Thread 0x000002c0d0fdd2a0 Exception <a 'java/lang/NoSuchMethodError'{0x00000006207a06b0}: 'int java.lang.invoke.DirectMethodHandle$Holder.invokeStaticInit(java.lang.Object, int, int)'> (0x00000006207a06b0) 
thrown [s\src\hotspot\share\interpreter\linkResolver.cpp, line 771]
Event: 0.606 Thread 0x000002c0d0fdd2a0 Exception <a 'java/lang/NoSuchMethodError'{0x00000006207e3d78}: 'void java.lang.invoke.DirectMethodHandle$Holder.invokeVirtual(java.lang.Object, java.lang.Object)'> (0x00000006207e3d78) 
thrown [s\src\hotspot\share\interpreter\linkResolver.cpp, line 771]

VM Operations (8 events):
Event: 0.135 Executing VM operation: HandshakeAllThreads
Event: 0.135 Executing VM operation: HandshakeAllThreads done
Event: 0.151 Executing VM operation: HandshakeAllThreads
Event: 0.151 Executing VM operation: HandshakeAllThreads done
Event: 0.321 Executing VM operation: HandshakeAllThreads
Event: 0.321 Executing VM operation: HandshakeAllThreads done
Event: 0.447 Executing VM operation: HandshakeAllThreads
Event: 0.447 Executing VM operation: HandshakeAllThreads done

Events (20 events):
Event: 0.603 loading class java/util/concurrent/Flow$Processor done
Event: 0.603 loading class java/lang/invoke/MethodHandle$1
Event: 0.603 loading class java/lang/invoke/MethodHandle$1 done
Event: 0.607 loading class java/util/concurrent/atomic/AtomicBoolean
Event: 0.607 loading class java/util/concurrent/atomic/AtomicBoolean done
Event: 0.609 loading class java/util/Collections$SynchronizedList
Event: 0.609 loading class java/util/Collections$SynchronizedList done
Event: 0.609 loading class java/util/concurrent/CompletableFuture$UniExceptionally
Event: 0.610 loading class java/util/concurrent/CompletableFuture$UniExceptionally done
Event: 0.610 loading class java/util/concurrent/CompletableFuture$BiRelay
Event: 0.610 loading class java/util/concurrent/CompletableFuture$BiCompletion
Event: 0.610 loading class java/util/concurrent/CompletableFuture$BiCompletion done
Event: 0.610 loading class java/util/concurrent/CompletableFuture$BiRelay done
Event: 0.610 loading class java/util/concurrent/CompletableFuture$CoCompletion
Event: 0.610 loading class java/util/concurrent/CompletableFuture$CoCompletion done
Event: 0.610 loading class java/util/concurrent/CompletableFuture$UniRun
Event: 0.610 loading class java/util/concurrent/CompletableFuture$UniRun done
Event: 0.613 loading class java/util/function/LongBinaryOperator
Event: 0.613 loading class java/util/function/LongBinaryOperator done
Event: 0.614 loading class sun/security/ssl/ClientHandshakeContext


Dynamic libraries:
0x00007ff633650000 - 0x00007ff63365a000 	C:\Program Files\JetBrains\IntelliJ IDEA Community Edition 2023.1.1\jbr\bin\java.exe
0x00007ffb05af0000 - 0x00007ffb05ce8000 	C:\Windows\SYSTEM32\ntdll.dll
0x00007ffb057a0000 - 0x00007ffb0585d000 	C:\Windows\System32\KERNEL32.DLL
0x00007ffb037f0000 - 0x00007ffb03abe000 	C:\Windows\System32\KERNELBASE.dll
0x00007ffb03300000 - 0x00007ffb03400000 	C:\Windows\System32\ucrtbase.dll
0x00007ffaf9650000 - 0x00007ffaf9667000 	C:\Program Files\JetBrains\IntelliJ IDEA Community Edition 2023.1.1\jbr\bin\jli.dll
0x00007ffadc5e0000 - 0x00007ffadc5fb000 	C:\Program Files\JetBrains\IntelliJ IDEA Community Edition 2023.1.1\jbr\bin\VCRUNTIME140.dll
0x00007ffb052b0000 - 0x00007ffb05450000 	C:\Windows\System32\USER32.dll
0x00007ffb03710000 - 0x00007ffb03732000 	C:\Windows\System32\win32u.dll
0x00007ffaefc50000 - 0x00007ffaefeea000 	C:\Windows\WinSxS\amd64_microsoft.windows.common-controls_6595b64144ccf1df_6.0.19041.1110_none_60b5254171f9507e\COMCTL32.dll
0x00007ffb05860000 - 0x00007ffb0588a000 	C:\Windows\System32\GDI32.dll
0x00007ffb04920000 - 0x00007ffb049be000 	C:\Windows\System32\msvcrt.dll
0x00007ffb03600000 - 0x00007ffb0370b000 	C:\Windows\System32\gdi32full.dll
0x00007ffb03400000 - 0x00007ffb0349d000 	C:\Windows\System32\msvcp_win.dll
0x00007ffb05890000 - 0x00007ffb058c0000 	C:\Windows\System32\IMM32.DLL
0x00007ffaf8290000 - 0x00007ffaf829c000 	C:\Program Files\JetBrains\IntelliJ IDEA Community Edition 2023.1.1\jbr\bin\vcruntime140_1.dll
0x00007ffacfd30000 - 0x00007ffacfdbd000 	C:\Program Files\JetBrains\IntelliJ IDEA Community Edition 2023.1.1\jbr\bin\msvcp140.dll
0x00007ffaabe10000 - 0x00007ffaaca7e000 	C:\Program Files\JetBrains\IntelliJ IDEA Community Edition 2023.1.1\jbr\bin\server\jvm.dll
0x00007ffb056f0000 - 0x00007ffb0579e000 	C:\Windows\System32\ADVAPI32.dll
0x00007ffb04110000 - 0x00007ffb041ac000 	C:\Windows\System32\sechost.dll
0x00007ffb054e0000 - 0x00007ffb05605000 	C:\Windows\System32\RPCRT4.dll
0x00007ffafed00000 - 0x00007ffafed09000 	C:\Windows\SYSTEM32\WSOCK32.dll
0x00007ffafa130000 - 0x00007ffafa13a000 	C:\Windows\SYSTEM32\VERSION.dll
0x00007ffaf5230000 - 0x00007ffaf5257000 	C:\Windows\SYSTEM32\WINMM.dll
0x00007ffb048b0000 - 0x00007ffb0491b000 	C:\Windows\System32\WS2_32.dll
0x00007ffb01120000 - 0x00007ffb01132000 	C:\Windows\SYSTEM32\kernel.appcore.dll
0x00007ffafee40000 - 0x00007ffafee4a000 	C:\Program Files\JetBrains\IntelliJ IDEA Community Edition 2023.1.1\jbr\bin\jimage.dll
0x00007ffaf6540000 - 0x00007ffaf6724000 	C:\Windows\SYSTEM32\DBGHELP.DLL
0x00007ffaf6510000 - 0x00007ffaf653c000 	C:\Windows\SYSTEM32\dbgcore.DLL
0x00007ffb03ac0000 - 0x00007ffb03b42000 	C:\Windows\System32\bcryptPrimitives.dll
0x00007ffafed20000 - 0x00007ffafed45000 	C:\Program Files\JetBrains\IntelliJ IDEA Community Edition 2023.1.1\jbr\bin\java.dll
0x00007ffafeb40000 - 0x00007ffafeb58000 	C:\Program Files\JetBrains\IntelliJ IDEA Community Edition 2023.1.1\jbr\bin\zip.dll
0x00007ffb04b60000 - 0x00007ffb052a3000 	C:\Windows\System32\SHELL32.dll
0x00007ffb01320000 - 0x00007ffb01ab5000 	C:\Windows\SYSTEM32\windows.storage.dll
0x00007ffb042d0000 - 0x00007ffb04624000 	C:\Windows\System32\combase.dll
0x00007ffb02ba0000 - 0x00007ffb02bd0000 	C:\Windows\SYSTEM32\Wldp.dll
0x00007ffb04a50000 - 0x00007ffb04afd000 	C:\Windows\System32\SHCORE.dll
0x00007ffb058c0000 - 0x00007ffb05915000 	C:\Windows\System32\shlwapi.dll
0x00007ffb03150000 - 0x00007ffb0316f000 	C:\Windows\SYSTEM32\profapi.dll
0x00007ffafdd60000 - 0x00007ffafdd79000 	C:\Program Files\JetBrains\IntelliJ IDEA Community Edition 2023.1.1\jbr\bin\net.dll
0x00007ffafda30000 - 0x00007ffafdb3a000 	C:\Windows\SYSTEM32\WINHTTP.dll
0x00007ffb02900000 - 0x00007ffb0296a000 	C:\Windows\system32\mswsock.dll
0x00007ffafa1d0000 - 0x00007ffafa1e6000 	C:\Program Files\JetBrains\IntelliJ IDEA Community Edition 2023.1.1\jbr\bin\nio.dll
0x00007ffafedf0000 - 0x00007ffafedfe000 	C:\Program Files\JetBrains\IntelliJ IDEA Community Edition 2023.1.1\jbr\bin\sunmscapi.dll
0x00007ffb034a0000 - 0x00007ffb035f6000 	C:\Windows\System32\CRYPT32.dll
0x00007ffb02c10000 - 0x00007ffb02c37000 	C:\Windows\SYSTEM32\ncrypt.dll
0x00007ffb02bd0000 - 0x00007ffb02c0b000 	C:\Windows\SYSTEM32\NTASN1.dll
0x00007ffb02af0000 - 0x00007ffb02b08000 	C:\Windows\SYSTEM32\CRYPTSP.dll
0x00007ffb02280000 - 0x00007ffb022b4000 	C:\Windows\system32\rsaenh.dll
0x00007ffb03210000 - 0x00007ffb03237000 	C:\Windows\System32\bcrypt.dll
0x00007ffb03110000 - 0x00007ffb0313e000 	C:\Windows\SYSTEM32\USERENV.dll
0x00007ffb02b10000 - 0x00007ffb02b1c000 	C:\Windows\SYSTEM32\CRYPTBASE.dll
0x00007ffb025f0000 - 0x00007ffb0262b000 	C:\Windows\SYSTEM32\IPHLPAPI.DLL
0x00007ffb04a40000 - 0x00007ffb04a48000 	C:\Windows\System32\NSI.dll
0x00007ffafc3b0000 - 0x00007ffafc3c7000 	C:\Windows\SYSTEM32\dhcpcsvc6.DLL
0x00007ffafc7b0000 - 0x00007ffafc7cd000 	C:\Windows\SYSTEM32\dhcpcsvc.DLL
0x00007ffb02630000 - 0x00007ffb026fa000 	C:\Windows\SYSTEM32\DNSAPI.dll
0x00007ffaf8ee0000 - 0x00007ffaf8ee7000 	C:\Windows\system32\wshunix.dll

dbghelp: loaded successfully - version: 4.0.5 - missing functions: none
symbol engine: initialized successfully - sym options: 0x614 - pdb path: .;C:\Program Files\JetBrains\IntelliJ IDEA Community Edition 2023.1.1\jbr\bin;C:\Windows\SYSTEM32;C:\Windows\WinSxS\amd64_microsoft.windows.common-controls_6595b64144ccf1df_6.0.19041.1110_none_60b5254171f9507e;C:\Program Files\JetBrains\IntelliJ IDEA Community Edition 2023.1.1\jbr\bin\server

VM Arguments:
java_command: git4idea.http.GitAskPassApp Username for 'https://github.com': 
java_class_path (initial): C:/Program Files/JetBrains/IntelliJ IDEA Community Edition 2023.1.1/plugins/vcs-git/lib/git4idea-rt.jar;C:/Program Files/JetBrains/IntelliJ IDEA Community Edition 2023.1.1/lib/externalProcess-rt.jar
Launcher Type: SUN_STANDARD

[Global flags]
     intx CICompilerCount                          = 12                                        {product} {ergonomic}
     uint ConcGCThreads                            = 3                                         {product} {ergonomic}
     uint G1ConcRefinementThreads                  = 13                                        {product} {ergonomic}
   size_t G1HeapRegionSize                         = 4194304                                   {product} {ergonomic}
    uintx GCDrainStackTargetSize                   = 64                                        {product} {ergonomic}
   size_t InitialHeapSize                          = 536870912                                 {product} {ergonomic}
   size_t MarkStackSize                            = 4194304                                   {product} {ergonomic}
   size_t MaxHeapSize                              = 8573157376                                {product} {ergonomic}
   size_t MaxNewSize                               = 5142216704                                {product} {ergonomic}
   size_t MinHeapDeltaBytes                        = 4194304                                   {product} {ergonomic}
   size_t MinHeapSize                              = 8388608                                   {product} {ergonomic}
    uintx NonNMethodCodeHeapSize                   = 7602480                                {pd product} {ergonomic}
    uintx NonProfiledCodeHeapSize                  = 122027880                              {pd product} {ergonomic}
    uintx ProfiledCodeHeapSize                     = 122027880                              {pd product} {ergonomic}
    uintx ReservedCodeCacheSize                    = 251658240                              {pd product} {ergonomic}
     bool SegmentedCodeCache                       = true                                      {product} {ergonomic}
   size_t SoftMaxHeapSize                          = 8573157376                             {manageable} {ergonomic}
     bool UseCompressedClassPointers               = true                           {product lp64_product} {ergonomic}
     bool UseCompressedOops                        = true                           {product lp64_product} {ergonomic}
     bool UseG1GC                                  = true                                      {product} {ergonomic}
     bool UseLargePagesIndividualAllocation        = false                                  {pd product} {ergonomic}

Logging:
Log output configuration:
 #0: stdout all=warning uptime,level,tags
 #1: stderr all=off uptime,level,tags

Environment Variables:
JAVA_HOME=C:\Program Files\Eclipse Adoptium\jdk-17.0.7.7-hotspot\
PATH=C:\Program Files\Git\mingw64\libexec\git-core;C:\Program Files\Git\mingw64\libexec\git-core;C:\Program Files\Git\mingw64\bin;C:\Program Files\Git\usr\bin;C:\Users\Mykal\bin;C:\Program Files\Common Files\Oracle\Java\javapath;C:\Program Files (x86)\Common Files\Oracle\Java\javapath;C:\Program Files\Eclipse Adoptium\jdk-17.0.7.7-hotspot\bin;C:\Windows\system32;C:\Windows;C:\Windows\System32\Wbem;C:\Windows\System32\WindowsPowerShell\v1.0;C:\Windows\System32\OpenSSH;C:\Program Files\NVIDIA Corporation\NVIDIA NvDLISR;C:\Users\Mykal\AppData\Local\Microsoft\WindowsApps
USERNAME=Mykal
DISPLAY=:0.0
LC_ALL=en_US.UTF-8
TERM=xterm-256color
TMPDIR=C:\Users\Mykal\AppData\Local\Temp
OS=Windows_NT
PROCESSOR_IDENTIFIER=AMD64 Family 23 Model 8 Stepping 2, AuthenticAMD
TMP=C:\Users\Mykal\AppData\Local\Temp
TEMP=C:\Users\Mykal\AppData\Local\Temp


JNI global refs:
JNI global refs: 27, weak refs: 0

JNI global refs memory usage: 843, weak refs: 841


---------------  S Y S T E M  ---------------

OS:
 Windows 10 , 64 bit Build 19041 (10.0.19041.1889)
OS uptime: 0 days 1:44 hours

CPU: total 16 (initial active 16) (16 cores per cpu, 2 threads per core) family 23 model 8 stepping 2 microcode 0x0, cx8, cmov, fxsr, ht, mmx, 3dnowpref, sse, sse2, sse3, ssse3, sse4a, sse4.1, sse4.2, popcnt, lzcnt, tsc, tscinvbit, avx, avx2, aes, clmul, bmi1, bmi2, adx, sha, fma, vzeroupper, clflush, clflushopt

Memory: 4k page, system-wide physical 32697M (21761M free)
TotalPageFile size 37817M (AvailPageFile size 18261M)
current process WorkingSet (physical memory assigned to process): 67M, peak: 67M
current process commit charge ("private bytes"): 631M, peak: 631M

vm_info: OpenJDK 64-Bit Server VM (17.0.6+10-b829.9) for windows-amd64 JRE (17.0.6+10-b829.9), built on 2023-04-09 by "builduser" with MS VC++ 16.10 / 16.11 (VS2019)

END.
