#
# A fatal error has been detected by the Java Runtime Environment:
#
#  EXCEPTION_ACCESS_VIOLATION (0xc0000005) at pc=0x00007ffaab3dccdf, pid=1708, tid=9044
#
# JRE version: OpenJDK Runtime Environment Temurin-17.0.7+7 (17.0.7+7) (build 17.0.7+7)
# Java VM: OpenJDK 64-Bit Server VM Temurin-17.0.7+7 (17.0.7+7, mixed mode, sharing, tiered, compressed oops, compressed class ptrs, g1 gc, windows-amd64)
# Problematic frame:
# V  [jvm.dll+0x21ccdf]
#
# No core dump will be written. Minidumps are not enabled by default on client versions of Windows
#
# If you would like to submit a bug report, please visit:
#   https://github.com/adoptium/adoptium-support/issues
#

---------------  S U M M A R Y ------------

Command Line: --add-opens=java.base/java.util=ALL-UNNAMED --add-opens=java.base/java.lang=ALL-UNNAMED --add-opens=java.base/java.lang.invoke=ALL-UNNAMED --add-opens=java.base/java.util=ALL-UNNAMED --add-opens=java.prefs/java.util.prefs=ALL-UNNAMED --add-opens=java.prefs/java.util.prefs=ALL-UNNAMED --add-opens=java.base/java.nio.charset=ALL-UNNAMED --add-opens=java.base/java.net=ALL-UNNAMED --add-opens=java.base/java.util.concurrent.atomic=ALL-UNNAMED -Xmx3G -Dfile.encoding=windows-1252 -Duser.country=US -Duser.language=en -Duser.variant org.gradle.launcher.daemon.bootstrap.GradleDaemon 7.5.1

Host: AMD Ryzen 7 2700 Eight-Core Processor          , 16 cores, 31G,  Windows 10 , 64 bit Build 19041 (10.0.19041.1889)
Time: Tue May  2 17:30:37 2023 Pacific Daylight Time elapsed time: 7.762718 seconds (0d 0h 0m 7s)

---------------  T H R E A D  ---------------

Current thread (0x000002430f5b7990):  JavaThread "C2 CompilerThread0" daemon [_thread_in_native, id=9044, stack(0x0000008a50600000,0x0000008a50700000)]


Current CompileTask:
C2:   7762 6663 %     4       org.gradle.internal.instantiation.generator.AbstractClassGenerator::inspectType @ 207 (560 bytes)

Stack: [0x0000008a50600000,0x0000008a50700000],  sp=0x0000008a506fd5b0,  free space=1013k
Native frames: (J=compiled Java code, j=interpreted, Vv=VM code, C=native code)
V  [jvm.dll+0x21ccdf]
V  [jvm.dll+0x69a666]
V  [jvm.dll+0x218799]
V  [jvm.dll+0x1a4d8d]
V  [jvm.dll+0x2284da]
V  [jvm.dll+0x226615]
V  [jvm.dll+0x7ea90b]
V  [jvm.dll+0x7e4e7a]
V  [jvm.dll+0x676395]
C  [ucrtbase.dll+0x21bb2]
C  [KERNEL32.DLL+0x17034]
C  [ntdll.dll+0x526a1]


siginfo: EXCEPTION_ACCESS_VIOLATION (0xc0000005), reading address 0x000006431c96be48


Register to memory mapping:

RIP=0x00007ffaab3dccdf jvm.dll
RAX=0x000006431c96be20 is an unknown value
RBX=0x0000008a506fe6f0 is pointing into the stack for thread: 0x000002430f5b7990
RCX=0x0000000000000013 is an unknown value
RDX=0x00000000000000f3 is an unknown value
RSP=0x0000008a506fd5b0 is pointing into the stack for thread: 0x000002430f5b7990
RBP=0x0 is NULL
RSI=0x0000024318eb25f0 points into unknown readable memory: 0x00007ffaabad6768 | 68 67 ad ab fa 7f 00 00
RDI=0x0000008a506fd840 is pointing into the stack for thread: 0x000002430f5b7990
R8 =0x000000000000000c is an unknown value
R9 =0x000000000000000d is an unknown value
R10=0x000002431c96cd48 points into unknown readable memory: 0x000002431a261830 | 30 18 26 1a 43 02 00 00
R11=0x000002431c96cda8 points into unknown readable memory: 0x000006431c96be20 | 20 be 96 1c 43 06 00 00
R12=0x0000000000000998 is an unknown value
R13=0x0000008a506fd700 is pointing into the stack for thread: 0x000002430f5b7990
R14=0x0000008a506fd830 is pointing into the stack for thread: 0x000002430f5b7990
R15=0x0000000000000003 is an unknown value


Registers:
RAX=0x000006431c96be20, RBX=0x0000008a506fe6f0, RCX=0x0000000000000013, RDX=0x00000000000000f3
RSP=0x0000008a506fd5b0, RBP=0x0000000000000000, RSI=0x0000024318eb25f0, RDI=0x0000008a506fd840
R8 =0x000000000000000c, R9 =0x000000000000000d, R10=0x000002431c96cd48, R11=0x000002431c96cda8
R12=0x0000000000000998, R13=0x0000008a506fd700, R14=0x0000008a506fd830, R15=0x0000000000000003
RIP=0x00007ffaab3dccdf, EFLAGS=0x0000000000010297

Top of Stack: (sp=0x0000008a506fd5b0)
0x0000008a506fd5b0:   0000008a506fe6f0 000002431a15ac20
0x0000008a506fd5c0:   0000008a506fe6f0 000000000000429d
0x0000008a506fd5d0:   0000000000000003 0000008a506fd830
0x0000008a506fd5e0:   000002430f425210 0000008a506fdc90
0x0000008a506fd5f0:   0000000000000002 00007ffaab85a666
0x0000008a506fd600:   00000243145a8cf8 00000243184d1d80
0x0000008a506fd610:   0000008a506fd700 0000000000000002
0x0000008a506fd620:   0000008a506fe6f0 00007ffaab3d8799
0x0000008a506fd630:   00000243184d1d80 0000008a506fd730
0x0000008a506fd640:   0000000000000002 0000000000000001
0x0000008a506fd650:   0000008a00000000 00007ffaabb6a7f8
0x0000008a506fd660:   0000024307550000 0000000000000000
0x0000008a506fd670:   0000024307552200 0000024307553200
0x0000008a506fd680:   000002430f60d550 00007ffaabae010c
0x0000008a506fd690:   0000000000000000 0000000000000000
0x0000008a506fd6a0:   0000000000000000 00007ffaabae010c 

Instructions: (pc=0x00007ffaab3dccdf)
0x00007ffaab3dcbdf:   75 7b 48 83 b9 00 03 00 00 00 74 71 41 8b 50 28
0x00007ffaab3dcbef:   e8 bc c8 f8 ff 48 8b f0 48 85 c0 74 60 48 83 38
0x00007ffaab3dcbff:   00 74 5a 8b 53 28 48 8b cf e8 a3 c8 f8 ff 48 85
0x00007ffaab3dcc0f:   c0 74 2d 48 8b 00 48 85 c0 74 25 8b 53 28 4c 8d
0x00007ffaab3dcc1f:   44 24 40 48 8b cf 48 89 44 24 40 e8 f1 73 00 00
0x00007ffaab3dcc2f:   48 8b 5c 24 30 48 8b 74 24 38 48 83 c4 20 5f c3
0x00007ffaab3dcc3f:   8b 53 28 4c 8b c6 48 8b cf 48 8b 5c 24 30 48 8b
0x00007ffaab3dcc4f:   74 24 38 48 83 c4 20 5f e9 c4 73 00 00 48 8b 5c
0x00007ffaab3dcc5f:   24 30 32 c0 48 8b 74 24 38 48 83 c4 20 5f c3 cc
0x00007ffaab3dcc6f:   cc 48 89 5c 24 10 48 89 6c 24 18 56 57 41 55 41
0x00007ffaab3dcc7f:   56 41 57 48 83 ec 20 33 ed 4c 89 64 24 50 4d 8b
0x00007ffaab3dcc8f:   e8 48 8b fa 48 8b d9 44 8b e5 39 6a 18 0f 86 04
0x00007ffaab3dcc9f:   01 00 00 48 8b 47 10 41 8b cc 41 ff c4 48 8b 34
0x00007ffaab3dccaf:   c8 8b 46 2c 83 e0 03 3c 03 75 09 48 8d 4e 48 e8
0x00007ffaab3dccbf:   ed e8 4a 00 44 8b 4e 20 44 8b c5 45 85 c9 7e 4d
0x00007ffaab3dcccf:   90 4c 8b 56 10 41 8b c0 4d 8d 1c c2 49 8b 04 c2
0x00007ffaab3dccdf:   8b 48 28 8b c1 c1 e8 05 3b 47 20 73 11 8b d0 83
0x00007ffaab3dccef:   e1 1f 48 8b 47 28 8b 04 90 0f a3 c8 72 13 ff 4e
0x00007ffaab3dccff:   20 41 ff c8 8b 46 20 41 ff c9 49 8b 04 c2 49 89
0x00007ffaab3dcd0f:   03 41 ff c0 45 3b c1 7c b8 44 8b 4e 20 41 83 f9
0x00007ffaab3dcd1f:   01 75 7a 48 8b ce e8 e6 80 43 00 84 c0 74 6e 48
0x00007ffaab3dcd2f:   8b 46 10 4c 8b 38 45 8b 77 28 41 8b f6 c1 ee 05
0x00007ffaab3dcd3f:   41 3b 75 20 72 0b 8b d6 49 8d 4d 20 e8 90 10 60
0x00007ffaab3dcd4f:   00 49 8b 45 28 41 83 e6 1f 48 8d 14 b0 41 0f b6
0x00007ffaab3dcd5f:   ce 41 b8 01 00 00 00 41 d3 e0 8b 0a 8b c1 41 0b
0x00007ffaab3dcd6f:   c0 89 02 41 85 c8 75 23 41 8b 75 18 8d 46 01 41
0x00007ffaab3dcd7f:   89 45 18 41 3b 75 08 72 0a 8b d6 49 8b cd e8 8e
0x00007ffaab3dcd8f:   7e 43 00 49 8b 45 10 4c 89 3c f0 33 ed 44 3b 67
0x00007ffaab3dcd9f:   18 0f 82 fc fe ff ff 44 8b 83 a8 01 00 00 41 83
0x00007ffaab3dcdaf:   e8 01 4d 63 c8 78 5a 66 66 0f 1f 84 00 00 00 00
0x00007ffaab3dcdbf:   00 4c 8b 93 b0 01 00 00 4b 8b 04 ca 8b 48 28 8b
0x00007ffaab3dcdcf:   c1 c1 e8 05 3b 47 20 73 11 8b d0 83 e1 1f 48 8b 


Stack slot to memory mapping:
stack at sp + 0 slots: 0x0000008a506fe6f0 is pointing into the stack for thread: 0x000002430f5b7990
stack at sp + 1 slots: 0x000002431a15ac20 points into unknown readable memory: 0x00007ffaabad6768 | 68 67 ad ab fa 7f 00 00
stack at sp + 2 slots: 0x0000008a506fe6f0 is pointing into the stack for thread: 0x000002430f5b7990
stack at sp + 3 slots: 0x000000000000429d is an unknown value
stack at sp + 4 slots: 0x0000000000000003 is an unknown value
stack at sp + 5 slots: 0x0000008a506fd830 is pointing into the stack for thread: 0x000002430f5b7990
stack at sp + 6 slots: 0x000002430f425210 points into unknown readable memory: 0x0000000000000000 | 00 00 00 00 00 00 00 00
stack at sp + 7 slots: 0x0000008a506fdc90 is pointing into the stack for thread: 0x000002430f5b7990


---------------  P R O C E S S  ---------------

Threads class SMR info:
_java_thread_list=0x000002431be9b450, length=106, elements={
0x000002436bdce7d0, 0x000002430f514710, 0x000002430f5151d0, 0x000002430f52aaa0,
0x000002430f52e780, 0x000002430f5b2300, 0x000002430f5b2bc0, 0x000002430f5b7990,
0x000002430f5c02a0, 0x000002430f5cb380, 0x000002430f6dfc00, 0x000002430f6f28a0,
0x000002430f707180, 0x000002431442d060, 0x00000243154f9010, 0x0000024315b3e1b0,
0x0000024315515060, 0x00000243160145f0, 0x00000243155e4330, 0x00000243156764e0,
0x0000024315c0a180, 0x0000024315c0b990, 0x0000024315c0c330, 0x0000024315c0b4c0,
0x0000024315c097e0, 0x0000024315c08970, 0x0000024315c09310, 0x0000024315c0a650,
0x0000024315c0aff0, 0x0000024315c08e40, 0x0000024315c09cb0, 0x00000243172236c0,
0x0000024317224a00, 0x00000243172231f0, 0x0000024317222850, 0x0000024317224ed0,
0x0000024317221510, 0x0000024317222d20, 0x0000024317224060, 0x0000024317224530,
0x00000243172253a0, 0x0000024317225d40, 0x0000024317220b70, 0x0000024317226210,
0x0000024317227080, 0x0000024317221eb0, 0x0000024317430e30, 0x00000243174334b0,
0x000002431742f150, 0x000002431742f620, 0x0000024317433980, 0x000002431742ffc0,
0x000002431742faf0, 0x0000024317435660, 0x0000024317432b10, 0x0000024317434cc0,
0x0000024317435190, 0x0000024317435b30, 0x0000024317433e50, 0x0000024317432640,
0x0000024317430490, 0x000002431742e7b0, 0x00000243174347f0, 0x0000024317430960,
0x0000024317432fe0, 0x000002431742e2e0, 0x0000024317432170, 0x0000024317434320,
0x0000024317431300, 0x000002431742ec80, 0x00000243174317d0, 0x0000024317431ca0,
0x00000243164a37f0, 0x00000243164a6ce0, 0x00000243164a4190, 0x00000243164a3cc0,
0x00000243164a4660, 0x00000243164a4b30, 0x00000243164a5000, 0x00000243164a5e70,
0x00000243164a54d0, 0x00000243164a6810, 0x00000243164a71b0, 0x00000243164a3320,
0x00000243164a59a0, 0x00000243164a7680, 0x00000243164a7b50, 0x00000243164a6340,
0x00000243164a8020, 0x00000243164a89c0, 0x00000243164a2e50, 0x00000243164a9830,
0x00000243164a1fe0, 0x00000243164a2980, 0x00000243164a24b0, 0x000002431b847210,
0x000002431b843850, 0x000002431b845530, 0x000002431b846870, 0x000002431b844b90,
0x000002431b843d20, 0x000002431b8441f0, 0x000002431b8446c0, 0x000002431b845060,
0x00000243185442a0, 0x00000243185451d0
}

Java Threads: ( => current thread )
  0x000002436bdce7d0 JavaThread "main" [_thread_blocked, id=6508, stack(0x0000008a4f900000,0x0000008a4fa00000)]
  0x000002430f514710 JavaThread "Reference Handler" daemon [_thread_blocked, id=15716, stack(0x0000008a50000000,0x0000008a50100000)]
  0x000002430f5151d0 JavaThread "Finalizer" daemon [_thread_blocked, id=3500, stack(0x0000008a50100000,0x0000008a50200000)]
  0x000002430f52aaa0 JavaThread "Signal Dispatcher" daemon [_thread_blocked, id=1236, stack(0x0000008a50200000,0x0000008a50300000)]
  0x000002430f52e780 JavaThread "Attach Listener" daemon [_thread_blocked, id=3032, stack(0x0000008a50300000,0x0000008a50400000)]
  0x000002430f5b2300 JavaThread "Service Thread" daemon [_thread_blocked, id=18300, stack(0x0000008a50400000,0x0000008a50500000)]
  0x000002430f5b2bc0 JavaThread "Monitor Deflation Thread" daemon [_thread_blocked, id=10204, stack(0x0000008a50500000,0x0000008a50600000)]
=>0x000002430f5b7990 JavaThread "C2 CompilerThread0" daemon [_thread_in_native, id=9044, stack(0x0000008a50600000,0x0000008a50700000)]
  0x000002430f5c02a0 JavaThread "C1 CompilerThread0" daemon [_thread_blocked, id=19752, stack(0x0000008a50700000,0x0000008a50800000)]
  0x000002430f5cb380 JavaThread "Sweeper thread" daemon [_thread_blocked, id=2148, stack(0x0000008a50800000,0x0000008a50900000)]
  0x000002430f6dfc00 JavaThread "C1 CompilerThread1" daemon [_thread_blocked, id=6240, stack(0x0000008a50900000,0x0000008a50a00000)]
  0x000002430f6f28a0 JavaThread "Common-Cleaner" daemon [_thread_blocked, id=13464, stack(0x0000008a50a00000,0x0000008a50b00000)]
  0x000002430f707180 JavaThread "Notification Thread" daemon [_thread_blocked, id=3572, stack(0x0000008a50b00000,0x0000008a50c00000)]
  0x000002431442d060 JavaThread "C1 CompilerThread2" daemon [_thread_blocked, id=18184, stack(0x0000008a51000000,0x0000008a51100000)]
  0x00000243154f9010 JavaThread "C1 CompilerThread3" daemon [_thread_blocked, id=14984, stack(0x0000008a51100000,0x0000008a51200000)]
  0x0000024315b3e1b0 JavaThread "Daemon health stats" [_thread_blocked, id=14464, stack(0x0000008a51d00000,0x0000008a51e00000)]
  0x0000024315515060 JavaThread "Incoming local TCP Connector on port 51383" [_thread_in_native, id=15408, stack(0x0000008a51e00000,0x0000008a51f00000)]
  0x00000243160145f0 JavaThread "Daemon periodic checks" [_thread_blocked, id=18988, stack(0x0000008a51f00000,0x0000008a52000000)]
  0x00000243155e4330 JavaThread "Daemon" [_thread_blocked, id=13276, stack(0x0000008a52000000,0x0000008a52100000)]
  0x00000243156764e0 JavaThread "Handler for socket connection from /127.0.0.1:51383 to /127.0.0.1:51384" [_thread_in_native, id=8868, stack(0x0000008a52100000,0x0000008a52200000)]
  0x0000024315c0a180 JavaThread "Cancel handler" [_thread_blocked, id=15668, stack(0x0000008a52200000,0x0000008a52300000)]
  0x0000024315c0b990 JavaThread "Daemon worker" [_thread_in_vm, id=12432, stack(0x0000008a52300000,0x0000008a52400000)]
  0x0000024315c0c330 JavaThread "Asynchronous log dispatcher for DefaultDaemonConnection: socket connection from /127.0.0.1:51383 to /127.0.0.1:51384" [_thread_blocked, id=15428, stack(0x0000008a52400000,0x0000008a52500000)]
  0x0000024315c0b4c0 JavaThread "Stdin handler" [_thread_blocked, id=3496, stack(0x0000008a52500000,0x0000008a52600000)]
  0x0000024315c097e0 JavaThread "Daemon client event forwarder" [_thread_blocked, id=18916, stack(0x0000008a52600000,0x0000008a52700000)]
  0x0000024315c08970 JavaThread "Cache worker for journal cache (C:\Users\Mykal\.gradle\caches\journal-1)" [_thread_blocked, id=6320, stack(0x0000008a52700000,0x0000008a52800000)]
  0x0000024315c09310 JavaThread "File lock request listener" [_thread_in_native, id=8796, stack(0x0000008a52800000,0x0000008a52900000)]
  0x0000024315c0a650 JavaThread "Cache worker for file hash cache (C:\Users\Mykal\.gradle\caches\7.5.1\fileHashes)" [_thread_blocked, id=8816, stack(0x0000008a52900000,0x0000008a52a00000)]
  0x0000024315c0aff0 JavaThread "File watcher server" daemon [_thread_in_native, id=19684, stack(0x0000008a52a00000,0x0000008a52b00000)]
  0x0000024315c08e40 JavaThread "File watcher consumer" daemon [_thread_blocked, id=15780, stack(0x0000008a52b00000,0x0000008a52c00000)]
  0x0000024315c09cb0 JavaThread "Cache worker for checksums cache (C:\Users\Mykal\Downloads\forge-1.18.2-40.2.2-mdk\.gradle\7.5.1\checksums)" [_thread_blocked, id=5260, stack(0x0000008a52c00000,0x0000008a52d00000)]
  0x00000243172236c0 JavaThread "Cache worker for cache directory md-rule (C:\Users\Mykal\.gradle\caches\7.5.1\md-rule)" [_thread_blocked, id=6372, stack(0x0000008a52d00000,0x0000008a52e00000)]
  0x0000024317224a00 JavaThread "Cache worker for file content cache (C:\Users\Mykal\.gradle\caches\7.5.1\fileContent)" [_thread_blocked, id=19844, stack(0x0000008a52e00000,0x0000008a52f00000)]
  0x00000243172231f0 JavaThread "Cache worker for file hash cache (C:\Users\Mykal\Downloads\forge-1.18.2-40.2.2-mdk\.gradle\7.5.1\fileHashes)" [_thread_blocked, id=14320, stack(0x0000008a52f00000,0x0000008a53000000)]
  0x0000024317222850 JavaThread "Cache worker for cache directory md-supplier (C:\Users\Mykal\.gradle\caches\7.5.1\md-supplier)" [_thread_blocked, id=7240, stack(0x0000008a53000000,0x0000008a53100000)]
  0x0000024317224ed0 JavaThread "Cache worker for execution history cache (C:\Users\Mykal\.gradle\caches\7.5.1\executionHistory)" [_thread_blocked, id=20320, stack(0x0000008a50f00000,0x0000008a51000000)]
  0x0000024317221510 JavaThread "jar transforms" [_thread_blocked, id=7388, stack(0x0000008a53400000,0x0000008a53500000)]
  0x0000024317222d20 JavaThread "jar transforms Thread 2" [_thread_blocked, id=7916, stack(0x0000008a53500000,0x0000008a53600000)]
  0x0000024317224060 JavaThread "jar transforms Thread 3" [_thread_blocked, id=15164, stack(0x0000008a53700000,0x0000008a53800000)]
  0x0000024317224530 JavaThread "jar transforms Thread 4" [_thread_blocked, id=12148, stack(0x0000008a53800000,0x0000008a53900000)]
  0x00000243172253a0 JavaThread "jar transforms Thread 5" [_thread_blocked, id=14468, stack(0x0000008a53900000,0x0000008a53a00000)]
  0x0000024317225d40 JavaThread "jar transforms Thread 6" [_thread_blocked, id=5684, stack(0x0000008a53a00000,0x0000008a53b00000)]
  0x0000024317220b70 JavaThread "Cache worker for dependencies-accessors (C:\Users\Mykal\Downloads\forge-1.18.2-40.2.2-mdk\.gradle\7.5.1\dependencies-accessors)" [_thread_blocked, id=15424, stack(0x0000008a53b00000,0x0000008a53c00000)]
  0x0000024317226210 JavaThread "jar transforms Thread 7" [_thread_blocked, id=1200, stack(0x0000008a53c00000,0x0000008a53d00000)]
  0x0000024317227080 JavaThread "Cache worker for Build Output Cleanup Cache (C:\Users\Mykal\Downloads\forge-1.18.2-40.2.2-mdk\.gradle\buildOutputCleanup)" [_thread_blocked, id=8832, stack(0x0000008a53d00000,0x0000008a53e00000)]
  0x0000024317221eb0 JavaThread "Unconstrained build operations" [_thread_blocked, id=18604, stack(0x0000008a53e00000,0x0000008a53f00000)]
  0x0000024317430e30 JavaThread "Unconstrained build operations Thread 2" [_thread_blocked, id=19628, stack(0x0000008a53f00000,0x0000008a54000000)]
  0x00000243174334b0 JavaThread "Unconstrained build operations Thread 3" [_thread_blocked, id=13772, stack(0x0000008a54000000,0x0000008a54100000)]
  0x000002431742f150 JavaThread "Unconstrained build operations Thread 4" [_thread_blocked, id=10000, stack(0x0000008a54100000,0x0000008a54200000)]
  0x000002431742f620 JavaThread "Unconstrained build operations Thread 5" [_thread_blocked, id=20392, stack(0x0000008a54200000,0x0000008a54300000)]
  0x0000024317433980 JavaThread "Unconstrained build operations Thread 6" [_thread_blocked, id=14952, stack(0x0000008a54300000,0x0000008a54400000)]
  0x000002431742ffc0 JavaThread "Unconstrained build operations Thread 7" [_thread_blocked, id=16444, stack(0x0000008a54400000,0x0000008a54500000)]
  0x000002431742faf0 JavaThread "Unconstrained build operations Thread 8" [_thread_blocked, id=15788, stack(0x0000008a54500000,0x0000008a54600000)]
  0x0000024317435660 JavaThread "Unconstrained build operations Thread 9" [_thread_blocked, id=8460, stack(0x0000008a54600000,0x0000008a54700000)]
  0x0000024317432b10 JavaThread "Unconstrained build operations Thread 10" [_thread_blocked, id=13576, stack(0x0000008a54700000,0x0000008a54800000)]
  0x0000024317434cc0 JavaThread "Unconstrained build operations Thread 11" [_thread_blocked, id=11884, stack(0x0000008a54800000,0x0000008a54900000)]
  0x0000024317435190 JavaThread "Unconstrained build operations Thread 12" [_thread_blocked, id=4768, stack(0x0000008a54900000,0x0000008a54a00000)]
  0x0000024317435b30 JavaThread "Unconstrained build operations Thread 13" [_thread_blocked, id=3724, stack(0x0000008a54a00000,0x0000008a54b00000)]
  0x0000024317433e50 JavaThread "Unconstrained build operations Thread 14" [_thread_blocked, id=7216, stack(0x0000008a54b00000,0x0000008a54c00000)]
  0x0000024317432640 JavaThread "Unconstrained build operations Thread 15" [_thread_blocked, id=13060, stack(0x0000008a54c00000,0x0000008a54d00000)]
  0x0000024317430490 JavaThread "Unconstrained build operations Thread 16" [_thread_blocked, id=16696, stack(0x0000008a54d00000,0x0000008a54e00000)]
  0x000002431742e7b0 JavaThread "Unconstrained build operations Thread 17" [_thread_blocked, id=7440, stack(0x0000008a54e00000,0x0000008a54f00000)]
  0x00000243174347f0 JavaThread "Unconstrained build operations Thread 18" [_thread_blocked, id=16956, stack(0x0000008a54f00000,0x0000008a55000000)]
  0x0000024317430960 JavaThread "Unconstrained build operations Thread 19" [_thread_blocked, id=11936, stack(0x0000008a55000000,0x0000008a55100000)]
  0x0000024317432fe0 JavaThread "Unconstrained build operations Thread 20" [_thread_blocked, id=12296, stack(0x0000008a55100000,0x0000008a55200000)]
  0x000002431742e2e0 JavaThread "Unconstrained build operations Thread 21" [_thread_blocked, id=18032, stack(0x0000008a55200000,0x0000008a55300000)]
  0x0000024317432170 JavaThread "Unconstrained build operations Thread 22" [_thread_blocked, id=17032, stack(0x0000008a55300000,0x0000008a55400000)]
  0x0000024317434320 JavaThread "Unconstrained build operations Thread 23" [_thread_blocked, id=20244, stack(0x0000008a55400000,0x0000008a55500000)]
  0x0000024317431300 JavaThread "Unconstrained build operations Thread 24" [_thread_blocked, id=14684, stack(0x0000008a55500000,0x0000008a55600000)]
  0x000002431742ec80 JavaThread "Unconstrained build operations Thread 25" [_thread_blocked, id=12204, stack(0x0000008a55600000,0x0000008a55700000)]
  0x00000243174317d0 JavaThread "Unconstrained build operations Thread 26" [_thread_blocked, id=20364, stack(0x0000008a55700000,0x0000008a55800000)]
  0x0000024317431ca0 JavaThread "Unconstrained build operations Thread 27" [_thread_blocked, id=9272, stack(0x0000008a55800000,0x0000008a55900000)]
  0x00000243164a37f0 JavaThread "Unconstrained build operations Thread 28" [_thread_blocked, id=3252, stack(0x0000008a55900000,0x0000008a55a00000)]
  0x00000243164a6ce0 JavaThread "Unconstrained build operations Thread 29" [_thread_blocked, id=16700, stack(0x0000008a55a00000,0x0000008a55b00000)]
  0x00000243164a4190 JavaThread "Unconstrained build operations Thread 30" [_thread_blocked, id=10120, stack(0x0000008a55b00000,0x0000008a55c00000)]
  0x00000243164a3cc0 JavaThread "Unconstrained build operations Thread 31" [_thread_blocked, id=3628, stack(0x0000008a55c00000,0x0000008a55d00000)]
  0x00000243164a4660 JavaThread "Unconstrained build operations Thread 32" [_thread_blocked, id=8436, stack(0x0000008a55d00000,0x0000008a55e00000)]
  0x00000243164a4b30 JavaThread "Unconstrained build operations Thread 33" [_thread_blocked, id=18704, stack(0x0000008a55e00000,0x0000008a55f00000)]
  0x00000243164a5000 JavaThread "Unconstrained build operations Thread 34" [_thread_blocked, id=19948, stack(0x0000008a55f00000,0x0000008a56000000)]
  0x00000243164a5e70 JavaThread "jar transforms Thread 8" [_thread_blocked, id=13700, stack(0x0000008a56000000,0x0000008a56100000)]
  0x00000243164a54d0 JavaThread "jar transforms Thread 9" [_thread_blocked, id=12504, stack(0x0000008a56100000,0x0000008a56200000)]
  0x00000243164a6810 JavaThread "jar transforms Thread 10" [_thread_blocked, id=17600, stack(0x0000008a56200000,0x0000008a56300000)]
  0x00000243164a71b0 JavaThread "jar transforms Thread 11" [_thread_blocked, id=1648, stack(0x0000008a56300000,0x0000008a56400000)]
  0x00000243164a3320 JavaThread "jar transforms Thread 12" [_thread_blocked, id=19000, stack(0x0000008a56400000,0x0000008a56500000)]
  0x00000243164a59a0 JavaThread "jar transforms Thread 13" [_thread_blocked, id=18956, stack(0x0000008a56500000,0x0000008a56600000)]
  0x00000243164a7680 JavaThread "jar transforms Thread 14" [_thread_blocked, id=13736, stack(0x0000008a56600000,0x0000008a56700000)]
  0x00000243164a7b50 JavaThread "jar transforms Thread 15" [_thread_blocked, id=13992, stack(0x0000008a56700000,0x0000008a56800000)]
  0x00000243164a6340 JavaThread "jar transforms Thread 16" [_thread_blocked, id=19876, stack(0x0000008a56800000,0x0000008a56900000)]
  0x00000243164a8020 JavaThread "Keep-Alive-Timer" daemon [_thread_blocked, id=12080, stack(0x0000008a56900000,0x0000008a56a00000)]
  0x00000243164a89c0 JavaThread "Memory manager" [_thread_blocked, id=14644, stack(0x0000008a56a00000,0x0000008a56b00000)]
  0x00000243164a2e50 JavaThread "ForkJoinPool.commonPool-worker-1" daemon [_thread_blocked, id=18196, stack(0x0000008a56c00000,0x0000008a56d00000)]
  0x00000243164a9830 JavaThread "ForkJoinPool.commonPool-worker-2" daemon [_thread_blocked, id=14308, stack(0x0000008a56d00000,0x0000008a56e00000)]
  0x00000243164a1fe0 JavaThread "ForkJoinPool.commonPool-worker-3" daemon [_thread_blocked, id=4376, stack(0x0000008a56e00000,0x0000008a56f00000)]
  0x00000243164a2980 JavaThread "ForkJoinPool.commonPool-worker-4" daemon [_thread_blocked, id=20200, stack(0x0000008a56f00000,0x0000008a57000000)]
  0x00000243164a24b0 JavaThread "ForkJoinPool.commonPool-worker-5" daemon [_thread_blocked, id=15104, stack(0x0000008a57000000,0x0000008a57100000)]
  0x000002431b847210 JavaThread "ForkJoinPool.commonPool-worker-6" daemon [_thread_blocked, id=11952, stack(0x0000008a57100000,0x0000008a57200000)]
  0x000002431b843850 JavaThread "ForkJoinPool.commonPool-worker-7" daemon [_thread_blocked, id=2776, stack(0x0000008a57200000,0x0000008a57300000)]
  0x000002431b845530 JavaThread "ForkJoinPool.commonPool-worker-8" daemon [_thread_blocked, id=11720, stack(0x0000008a57300000,0x0000008a57400000)]
  0x000002431b846870 JavaThread "ForkJoinPool.commonPool-worker-9" daemon [_thread_blocked, id=16208, stack(0x0000008a57400000,0x0000008a57500000)]
  0x000002431b844b90 JavaThread "ForkJoinPool.commonPool-worker-10" daemon [_thread_blocked, id=15140, stack(0x0000008a57500000,0x0000008a57600000)]
  0x000002431b843d20 JavaThread "ForkJoinPool.commonPool-worker-11" daemon [_thread_blocked, id=19100, stack(0x0000008a57600000,0x0000008a57700000)]
  0x000002431b8441f0 JavaThread "Exec process" [_thread_blocked, id=16672, stack(0x0000008a57700000,0x0000008a57800000)]
  0x000002431b8446c0 JavaThread "Exec process Thread 2" [_thread_blocked, id=17580, stack(0x0000008a57800000,0x0000008a57900000)]
  0x000002431b845060 JavaThread "Exec process Thread 3" [_thread_blocked, id=2260, stack(0x0000008a57900000,0x0000008a57a00000)]
  0x00000243185442a0 JavaThread "C2 CompilerThread1" daemon [_thread_in_native, id=19408, stack(0x0000008a50d00000,0x0000008a50e00000)]
  0x00000243185451d0 JavaThread "C2 CompilerThread2" daemon [_thread_in_native, id=10080, stack(0x0000008a50e00000,0x0000008a50f00000)]

Other Threads:
  0x000002430f50ed50 VMThread "VM Thread" [stack: 0x0000008a4ff00000,0x0000008a50000000] [id=14900]
  0x000002436dfa0110 WatcherThread [stack: 0x0000008a50c00000,0x0000008a50d00000] [id=8412]
  0x000002436df84760 GCTaskThread "GC Thread#0" [stack: 0x0000008a4fa00000,0x0000008a4fb00000] [id=13412]
  0x0000024314a640c0 GCTaskThread "GC Thread#1" [stack: 0x0000008a51200000,0x0000008a51300000] [id=7672]
  0x00000243151922f0 GCTaskThread "GC Thread#2" [stack: 0x0000008a51300000,0x0000008a51400000] [id=5600]
  0x00000243151925a0 GCTaskThread "GC Thread#3" [stack: 0x0000008a51400000,0x0000008a51500000] [id=18344]
  0x0000024315192850 GCTaskThread "GC Thread#4" [stack: 0x0000008a51500000,0x0000008a51600000] [id=7816]
  0x000002431527c5b0 GCTaskThread "GC Thread#5" [stack: 0x0000008a51600000,0x0000008a51700000] [id=11444]
  0x0000024314cb0230 GCTaskThread "GC Thread#6" [stack: 0x0000008a51700000,0x0000008a51800000] [id=19068]
  0x000002431539d610 GCTaskThread "GC Thread#7" [stack: 0x0000008a51800000,0x0000008a51900000] [id=4024]
  0x0000024314dc4580 GCTaskThread "GC Thread#8" [stack: 0x0000008a51900000,0x0000008a51a00000] [id=16216]
  0x0000024314dc4830 GCTaskThread "GC Thread#9" [stack: 0x0000008a51a00000,0x0000008a51b00000] [id=20304]
  0x0000024314dc4ae0 GCTaskThread "GC Thread#10" [stack: 0x0000008a51b00000,0x0000008a51c00000] [id=17856]
  0x0000024314dc4d90 GCTaskThread "GC Thread#11" [stack: 0x0000008a51c00000,0x0000008a51d00000] [id=12456]
  0x0000024315f1e4e0 GCTaskThread "GC Thread#12" [stack: 0x0000008a53100000,0x0000008a53200000] [id=13044]
  0x000002436df91450 ConcurrentGCThread "G1 Main Marker" [stack: 0x0000008a4fb00000,0x0000008a4fc00000] [id=4392]
  0x000002436df923b0 ConcurrentGCThread "G1 Conc#0" [stack: 0x0000008a4fc00000,0x0000008a4fd00000] [id=19808]
  0x000002431640acc0 ConcurrentGCThread "G1 Conc#1" [stack: 0x0000008a53200000,0x0000008a53300000] [id=15072]
  0x000002431640c4f0 ConcurrentGCThread "G1 Conc#2" [stack: 0x0000008a53300000,0x0000008a53400000] [id=1668]
  0x000002436dffe7f0 ConcurrentGCThread "G1 Refine#0" [stack: 0x0000008a4fd00000,0x0000008a4fe00000] [id=1404]
  0x000002430f4465a0 ConcurrentGCThread "G1 Service" [stack: 0x0000008a4fe00000,0x0000008a4ff00000] [id=14000]

Threads with active compile tasks:
C2 CompilerThread0     7806 6663 %     4       org.gradle.internal.instantiation.generator.AbstractClassGenerator::inspectType @ 207 (560 bytes)
C2 CompilerThread1     7806 6672       4       org.gradle.internal.reflect.ClassInspector::inspectClass (179 bytes)
C2 CompilerThread2     7806 6676       4       org.gradle.internal.reflect.MethodSet::add (50 bytes)

VM state: not at safepoint (normal execution)

VM Mutex/Monitor currently owned by a thread: None

Heap address: 0x0000000740000000, size: 3072 MB, Compressed Oops mode: Zero based, Oop shift amount: 3

CDS archive(s) mapped at: [0x0000000800000000-0x0000000800bc0000-0x0000000800bc0000), size 12320768, SharedBaseAddress: 0x0000000800000000, ArchiveRelocationMode: 0.
Compressed class space mapped at: 0x0000000801000000-0x0000000841000000, reserved size: 1073741824
Narrow klass base: 0x0000000800000000, Narrow klass shift: 0, Narrow klass range: 0x100000000

GC Precious Log:
 CPUs: 16 total, 16 available
 Memory: 32697M
 Large Page Support: Disabled
 NUMA Support: Disabled
 Compressed Oops: Enabled (Zero based)
 Heap Region Size: 2M
 Heap Min Capacity: 8M
 Heap Initial Capacity: 512M
 Heap Max Capacity: 3G
 Pre-touch: Disabled
 Parallel Workers: 13
 Concurrent Workers: 3
 Concurrent Refinement Workers: 13
 Periodic GC: Disabled

Heap:
 garbage-first heap   total 192512K, used 87355K [0x0000000740000000, 0x0000000800000000)
  region size 2048K, 14 young (28672K), 1 survivors (2048K)
 Metaspace       used 56037K, committed 56576K, reserved 1114112K
  class space    used 7728K, committed 7936K, reserved 1048576K

Heap Regions: E=young(eden), S=young(survivor), O=old, HS=humongous(starts), HC=humongous(continues), CS=collection set, F=free, OA=open archive, CA=closed archive, TAMS=top-at-mark-start (previous, next)
|   0|0x0000000740000000, 0x0000000740200000, 0x0000000740200000|100%| O|  |TAMS 0x0000000740200000, 0x0000000740000000| Untracked 
|   1|0x0000000740200000, 0x0000000740400000, 0x0000000740400000|100%| O|  |TAMS 0x0000000740400000, 0x0000000740200000| Untracked 
|   2|0x0000000740400000, 0x0000000740600000, 0x0000000740600000|100%|HS|  |TAMS 0x0000000740600000, 0x0000000740400000| Complete 
|   3|0x0000000740600000, 0x0000000740800000, 0x0000000740800000|100%|HC|  |TAMS 0x0000000740800000, 0x0000000740600000| Complete 
|   4|0x0000000740800000, 0x0000000740a00000, 0x0000000740a00000|100%| O|  |TAMS 0x0000000740a00000, 0x0000000740800000| Untracked 
|   5|0x0000000740a00000, 0x0000000740a49800, 0x0000000740c00000| 14%| O|  |TAMS 0x0000000740a49800, 0x0000000740a00000| Untracked 
|   6|0x0000000740c00000, 0x0000000740e00000, 0x0000000740e00000|100%| O|  |TAMS 0x0000000740e00000, 0x0000000740c00000| Untracked 
|   7|0x0000000740e00000, 0x0000000741000000, 0x0000000741000000|100%| O|  |TAMS 0x0000000741000000, 0x0000000740e00000| Untracked 
|   8|0x0000000741000000, 0x0000000741200000, 0x0000000741200000|100%| O|  |TAMS 0x0000000741200000, 0x0000000741000000| Untracked 
|   9|0x0000000741200000, 0x0000000741400000, 0x0000000741400000|100%| O|  |TAMS 0x0000000741400000, 0x0000000741200000| Untracked 
|  10|0x0000000741400000, 0x0000000741600000, 0x0000000741600000|100%| O|  |TAMS 0x0000000741600000, 0x0000000741400000| Untracked 
|  11|0x0000000741600000, 0x0000000741800000, 0x0000000741800000|100%| O|  |TAMS 0x0000000741800000, 0x0000000741600000| Untracked 
|  12|0x0000000741800000, 0x0000000741a00000, 0x0000000741a00000|100%| O|  |TAMS 0x0000000741a00000, 0x0000000741800000| Untracked 
|  13|0x0000000741a00000, 0x0000000741c00000, 0x0000000741c00000|100%| O|  |TAMS 0x0000000741c00000, 0x0000000741a00000| Untracked 
|  14|0x0000000741c00000, 0x0000000741e00000, 0x0000000741e00000|100%| O|  |TAMS 0x0000000741e00000, 0x0000000741c00000| Untracked 
|  15|0x0000000741e00000, 0x0000000742000000, 0x0000000742000000|100%| O|  |TAMS 0x0000000742000000, 0x0000000741e00000| Untracked 
|  16|0x0000000742000000, 0x0000000742200000, 0x0000000742200000|100%|HS|  |TAMS 0x0000000742200000, 0x0000000742000000| Complete 
|  17|0x0000000742200000, 0x0000000742400000, 0x0000000742400000|100%| O|  |TAMS 0x0000000742400000, 0x0000000742200000| Untracked 
|  18|0x0000000742400000, 0x0000000742600000, 0x0000000742600000|100%| O|  |TAMS 0x0000000742600000, 0x0000000742400000| Untracked 
|  19|0x0000000742600000, 0x0000000742800000, 0x0000000742800000|100%| O|  |TAMS 0x0000000742800000, 0x0000000742600000| Untracked 
|  20|0x0000000742800000, 0x0000000742a00000, 0x0000000742a00000|100%| O|  |TAMS 0x0000000742a00000, 0x0000000742800000| Untracked 
|  21|0x0000000742a00000, 0x0000000742c00000, 0x0000000742c00000|100%| O|  |TAMS 0x0000000742c00000, 0x0000000742a00000| Untracked 
|  22|0x0000000742c00000, 0x0000000742e00000, 0x0000000742e00000|100%| O|  |TAMS 0x0000000742c95400, 0x0000000742c00000| Untracked 
|  23|0x0000000742e00000, 0x0000000742f6a000, 0x0000000743000000| 70%| O|  |TAMS 0x0000000742e00000, 0x0000000742e00000| Untracked 
|  24|0x0000000743000000, 0x0000000743200000, 0x0000000743200000|100%|HS|  |TAMS 0x0000000743000000, 0x0000000743000000| Complete 
|  25|0x0000000743200000, 0x0000000743400000, 0x0000000743400000|100%|HC|  |TAMS 0x0000000743200000, 0x0000000743200000| Complete 
|  26|0x0000000743400000, 0x0000000743600000, 0x0000000743600000|100%|HS|  |TAMS 0x0000000743400000, 0x0000000743400000| Complete 
|  27|0x0000000743600000, 0x0000000743800000, 0x0000000743800000|100%|HC|  |TAMS 0x0000000743600000, 0x0000000743600000| Complete 
|  28|0x0000000743800000, 0x0000000743a00000, 0x0000000743a00000|100%|HS|  |TAMS 0x0000000743800000, 0x0000000743800000| Complete 
|  29|0x0000000743a00000, 0x0000000743c00000, 0x0000000743c00000|100%|HS|  |TAMS 0x0000000743a00000, 0x0000000743a00000| Complete 
|  30|0x0000000743c00000, 0x0000000743e00000, 0x0000000743e00000|100%|HS|  |TAMS 0x0000000743c00000, 0x0000000743c00000| Complete 
|  31|0x0000000743e00000, 0x0000000743e00000, 0x0000000744000000|  0%| F|  |TAMS 0x0000000743e00000, 0x0000000743e00000| Untracked 
|  32|0x0000000744000000, 0x0000000744000000, 0x0000000744200000|  0%| F|  |TAMS 0x0000000744000000, 0x0000000744000000| Untracked 
|  33|0x0000000744200000, 0x000000074439b650, 0x0000000744400000| 80%| S|CS|TAMS 0x0000000744200000, 0x0000000744200000| Complete 
|  34|0x0000000744400000, 0x0000000744400000, 0x0000000744600000|  0%| F|  |TAMS 0x0000000744400000, 0x0000000744400000| Untracked 
|  35|0x0000000744600000, 0x0000000744600000, 0x0000000744800000|  0%| F|  |TAMS 0x0000000744600000, 0x0000000744600000| Untracked 
|  36|0x0000000744800000, 0x0000000744800000, 0x0000000744a00000|  0%| F|  |TAMS 0x0000000744800000, 0x0000000744800000| Untracked 
|  37|0x0000000744a00000, 0x0000000744a00000, 0x0000000744c00000|  0%| F|  |TAMS 0x0000000744a00000, 0x0000000744a00000| Untracked 
|  38|0x0000000744c00000, 0x0000000744c00000, 0x0000000744e00000|  0%| F|  |TAMS 0x0000000744c00000, 0x0000000744c00000| Untracked 
|  39|0x0000000744e00000, 0x0000000744e00000, 0x0000000745000000|  0%| F|  |TAMS 0x0000000744e00000, 0x0000000744e00000| Untracked 
|  40|0x0000000745000000, 0x0000000745000000, 0x0000000745200000|  0%| F|  |TAMS 0x0000000745000000, 0x0000000745000000| Untracked 
|  41|0x0000000745200000, 0x0000000745200000, 0x0000000745400000|  0%| F|  |TAMS 0x0000000745200000, 0x0000000745200000| Untracked 
|  42|0x0000000745400000, 0x0000000745400000, 0x0000000745600000|  0%| F|  |TAMS 0x0000000745400000, 0x0000000745400000| Untracked 
|  43|0x0000000745600000, 0x0000000745600000, 0x0000000745800000|  0%| F|  |TAMS 0x0000000745600000, 0x0000000745600000| Untracked 
|  44|0x0000000745800000, 0x0000000745800000, 0x0000000745a00000|  0%| F|  |TAMS 0x0000000745800000, 0x0000000745800000| Untracked 
|  45|0x0000000745a00000, 0x0000000745a00000, 0x0000000745c00000|  0%| F|  |TAMS 0x0000000745a00000, 0x0000000745a00000| Untracked 
|  46|0x0000000745c00000, 0x0000000745c00000, 0x0000000745e00000|  0%| F|  |TAMS 0x0000000745c00000, 0x0000000745c00000| Untracked 
|  47|0x0000000745e00000, 0x0000000745e00000, 0x0000000746000000|  0%| F|  |TAMS 0x0000000745e00000, 0x0000000745e00000| Untracked 
|  48|0x0000000746000000, 0x0000000746000000, 0x0000000746200000|  0%| F|  |TAMS 0x0000000746000000, 0x0000000746000000| Untracked 
|  49|0x0000000746200000, 0x0000000746200000, 0x0000000746400000|  0%| F|  |TAMS 0x0000000746200000, 0x0000000746200000| Untracked 
|  50|0x0000000746400000, 0x0000000746400000, 0x0000000746600000|  0%| F|  |TAMS 0x0000000746400000, 0x0000000746400000| Untracked 
|  51|0x0000000746600000, 0x0000000746600000, 0x0000000746800000|  0%| F|  |TAMS 0x0000000746600000, 0x0000000746600000| Untracked 
|  52|0x0000000746800000, 0x0000000746800000, 0x0000000746a00000|  0%| F|  |TAMS 0x0000000746800000, 0x0000000746800000| Untracked 
|  53|0x0000000746a00000, 0x0000000746a00000, 0x0000000746c00000|  0%| F|  |TAMS 0x0000000746a00000, 0x0000000746a00000| Untracked 
|  54|0x0000000746c00000, 0x0000000746c00000, 0x0000000746e00000|  0%| F|  |TAMS 0x0000000746c00000, 0x0000000746c00000| Untracked 
|  55|0x0000000746e00000, 0x0000000746e00000, 0x0000000747000000|  0%| F|  |TAMS 0x0000000746e00000, 0x0000000746e00000| Untracked 
|  56|0x0000000747000000, 0x0000000747000000, 0x0000000747200000|  0%| F|  |TAMS 0x0000000747000000, 0x0000000747000000| Untracked 
|  57|0x0000000747200000, 0x0000000747200000, 0x0000000747400000|  0%| F|  |TAMS 0x0000000747200000, 0x0000000747200000| Untracked 
|  58|0x0000000747400000, 0x0000000747400000, 0x0000000747600000|  0%| F|  |TAMS 0x0000000747400000, 0x0000000747400000| Untracked 
|  59|0x0000000747600000, 0x0000000747600000, 0x0000000747800000|  0%| F|  |TAMS 0x0000000747600000, 0x0000000747600000| Untracked 
|  60|0x0000000747800000, 0x0000000747800000, 0x0000000747a00000|  0%| F|  |TAMS 0x0000000747800000, 0x0000000747800000| Untracked 
|  61|0x0000000747a00000, 0x0000000747a00000, 0x0000000747c00000|  0%| F|  |TAMS 0x0000000747a00000, 0x0000000747a00000| Untracked 
|  62|0x0000000747c00000, 0x0000000747c00000, 0x0000000747e00000|  0%| F|  |TAMS 0x0000000747c00000, 0x0000000747c00000| Untracked 
|  63|0x0000000747e00000, 0x0000000747e00000, 0x0000000748000000|  0%| F|  |TAMS 0x0000000747e00000, 0x0000000747e00000| Untracked 
|  64|0x0000000748000000, 0x0000000748000000, 0x0000000748200000|  0%| F|  |TAMS 0x0000000748000000, 0x0000000748000000| Untracked 
|  65|0x0000000748200000, 0x0000000748200000, 0x0000000748400000|  0%| F|  |TAMS 0x0000000748200000, 0x0000000748200000| Untracked 
|  66|0x0000000748400000, 0x0000000748400000, 0x0000000748600000|  0%| F|  |TAMS 0x0000000748400000, 0x0000000748400000| Untracked 
|  67|0x0000000748600000, 0x0000000748600000, 0x0000000748800000|  0%| F|  |TAMS 0x0000000748600000, 0x0000000748600000| Untracked 
|  68|0x0000000748800000, 0x0000000748800000, 0x0000000748a00000|  0%| F|  |TAMS 0x0000000748800000, 0x0000000748800000| Untracked 
|  69|0x0000000748a00000, 0x0000000748a00000, 0x0000000748c00000|  0%| F|  |TAMS 0x0000000748a00000, 0x0000000748a00000| Untracked 
|  70|0x0000000748c00000, 0x0000000748c00000, 0x0000000748e00000|  0%| F|  |TAMS 0x0000000748c00000, 0x0000000748c00000| Untracked 
|  71|0x0000000748e00000, 0x0000000748e00000, 0x0000000749000000|  0%| F|  |TAMS 0x0000000748e00000, 0x0000000748e00000| Untracked 
|  72|0x0000000749000000, 0x0000000749000000, 0x0000000749200000|  0%| F|  |TAMS 0x0000000749000000, 0x0000000749000000| Untracked 
|  73|0x0000000749200000, 0x0000000749200000, 0x0000000749400000|  0%| F|  |TAMS 0x0000000749200000, 0x0000000749200000| Untracked 
|  74|0x0000000749400000, 0x0000000749400000, 0x0000000749600000|  0%| F|  |TAMS 0x0000000749400000, 0x0000000749400000| Untracked 
|  75|0x0000000749600000, 0x0000000749600000, 0x0000000749800000|  0%| F|  |TAMS 0x0000000749600000, 0x0000000749600000| Untracked 
|  76|0x0000000749800000, 0x0000000749800000, 0x0000000749a00000|  0%| F|  |TAMS 0x0000000749800000, 0x0000000749800000| Untracked 
|  77|0x0000000749a00000, 0x0000000749a00000, 0x0000000749c00000|  0%| F|  |TAMS 0x0000000749a00000, 0x0000000749a00000| Untracked 
|  78|0x0000000749c00000, 0x0000000749c00000, 0x0000000749e00000|  0%| F|  |TAMS 0x0000000749c00000, 0x0000000749c00000| Untracked 
|  79|0x0000000749e00000, 0x0000000749e00000, 0x000000074a000000|  0%| F|  |TAMS 0x0000000749e00000, 0x0000000749e00000| Untracked 
|  80|0x000000074a000000, 0x000000074a000000, 0x000000074a200000|  0%| F|  |TAMS 0x000000074a000000, 0x000000074a000000| Untracked 
|  81|0x000000074a200000, 0x000000074a300800, 0x000000074a400000| 50%| E|  |TAMS 0x000000074a200000, 0x000000074a200000| Complete 
|  82|0x000000074a400000, 0x000000074a600000, 0x000000074a600000|100%| E|CS|TAMS 0x000000074a400000, 0x000000074a400000| Complete 
|  83|0x000000074a600000, 0x000000074a800000, 0x000000074a800000|100%| E|CS|TAMS 0x000000074a600000, 0x000000074a600000| Complete 
|  84|0x000000074a800000, 0x000000074aa00000, 0x000000074aa00000|100%| E|CS|TAMS 0x000000074a800000, 0x000000074a800000| Complete 
|  85|0x000000074aa00000, 0x000000074ac00000, 0x000000074ac00000|100%| E|CS|TAMS 0x000000074aa00000, 0x000000074aa00000| Complete 
|  86|0x000000074ac00000, 0x000000074ae00000, 0x000000074ae00000|100%| E|CS|TAMS 0x000000074ac00000, 0x000000074ac00000| Complete 
|  87|0x000000074ae00000, 0x000000074b000000, 0x000000074b000000|100%| E|CS|TAMS 0x000000074ae00000, 0x000000074ae00000| Complete 
|  88|0x000000074b000000, 0x000000074b200000, 0x000000074b200000|100%| E|CS|TAMS 0x000000074b000000, 0x000000074b000000| Complete 
|  89|0x000000074b200000, 0x000000074b400000, 0x000000074b400000|100%| E|CS|TAMS 0x000000074b200000, 0x000000074b200000| Complete 
|  90|0x000000074b400000, 0x000000074b600000, 0x000000074b600000|100%| E|CS|TAMS 0x000000074b400000, 0x000000074b400000| Complete 
|  91|0x000000074b600000, 0x000000074b800000, 0x000000074b800000|100%| E|CS|TAMS 0x000000074b600000, 0x000000074b600000| Complete 
|  92|0x000000074b800000, 0x000000074ba00000, 0x000000074ba00000|100%| E|CS|TAMS 0x000000074b800000, 0x000000074b800000| Complete 
| 255|0x000000075fe00000, 0x0000000760000000, 0x0000000760000000|100%| E|CS|TAMS 0x000000075fe00000, 0x000000075fe00000| Complete 

Card table byte_map: [0x00000243768a0000,0x0000024376ea0000] _byte_map_base: 0x0000024372ea0000

Marking Bits (Prev, Next): (CMBitMap*) 0x000002436df84b20, (CMBitMap*) 0x000002436df84b60
 Prev Bits: [0x00000243774a0000, 0x000002437a4a0000)
 Next Bits: [0x000002437a4a0000, 0x000002437d4a0000)

Polling page: 0x000002436bcb0000

Metaspace:

Usage:
  Non-class:     47.19 MB used.
      Class:      7.55 MB used.
       Both:     54.75 MB used.

Virtual space:
  Non-class space:       64.00 MB reserved,      47.50 MB ( 74%) committed,  1 nodes.
      Class space:        1.00 GB reserved,       7.75 MB ( <1%) committed,  1 nodes.
             Both:        1.06 GB reserved,      55.25 MB (  5%) committed. 

Chunk freelists:
   Non-Class:  15.59 MB
       Class:  8.19 MB
        Both:  23.78 MB

MaxMetaspaceSize: unlimited
CompressedClassSpaceSize: 1.00 GB
Initial GC threshold: 21.00 MB
Current GC threshold: 89.06 MB
CDS: on
MetaspaceReclaimPolicy: balanced
 - commit_granule_bytes: 65536.
 - commit_granule_words: 8192.
 - virtual_space_node_default_size: 8388608.
 - enlarge_chunks_in_place: 1.
 - new_chunks_are_fully_committed: 0.
 - uncommit_free_chunks: 1.
 - use_allocation_guard: 0.
 - handle_deallocations: 1.


Internal statistics:

num_allocs_failed_limit: 6.
num_arena_births: 574.
num_arena_deaths: 0.
num_vsnodes_births: 2.
num_vsnodes_deaths: 0.
num_space_committed: 884.
num_space_uncommitted: 0.
num_chunks_returned_to_freelist: 6.
num_chunks_taken_from_freelist: 2539.
num_chunk_merges: 6.
num_chunk_splits: 1665.
num_chunks_enlarged: 1100.
num_inconsistent_stats: 0.

CodeHeap 'non-profiled nmethods': size=119168Kb used=3810Kb max_used=3810Kb free=115357Kb
 bounds [0x0000024307ba0000, 0x0000024307f60000, 0x000002430f000000]
CodeHeap 'profiled nmethods': size=119104Kb used=12353Kb max_used=12353Kb free=106750Kb
 bounds [0x0000024300000000, 0x0000024300c20000, 0x0000024307450000]
CodeHeap 'non-nmethods': size=7488Kb used=4068Kb max_used=4177Kb free=3419Kb
 bounds [0x0000024307450000, 0x0000024307880000, 0x0000024307ba0000]
 total_blobs=6855 nmethods=5952 adapters=811
 compilation: enabled
              stopped_count=0, restarted_count=0
 full_count=0

Compilation events (20 events):
Event: 7.753 Thread 0x00000243154f9010 nmethod 6685 0x0000024300bf3e90 code [0x0000024300bf4040, 0x0000024300bf4278]
Event: 7.753 Thread 0x000002430f6dfc00 nmethod 6688 0x0000024300bf4390 code [0x0000024300bf4520, 0x0000024300bf4638]
Event: 7.753 Thread 0x000002430f6dfc00 6690       1       org.gradle.api.internal.DefaultCollectionCallbackActionDecorator::access$100 (5 bytes)
Event: 7.753 Thread 0x00000243154f9010 6691       1       org.gradle.api.internal.DefaultCollectionCallbackActionDecorator$BuildOperationEmittingAction::access$000 (5 bytes)
Event: 7.753 Thread 0x000002430f6dfc00 nmethod 6690 0x0000024307f57410 code [0x0000024307f575a0, 0x0000024307f57658]
Event: 7.753 Thread 0x00000243154f9010 nmethod 6691 0x0000024307f57710 code [0x0000024307f578a0, 0x0000024307f57958]
Event: 7.756 Thread 0x00000243154f9010 6692       1       org.gradle.api.internal.provider.ValueSupplier$Present::isMissing (2 bytes)
Event: 7.756 Thread 0x00000243154f9010 nmethod 6692 0x0000024307f57a10 code [0x0000024307f57ba0, 0x0000024307f57c78]
Event: 7.756 Thread 0x00000243154f9010 6693       3       com.google.common.cache.LocalCache::customWeigher (16 bytes)
Event: 7.756 Thread 0x00000243154f9010 nmethod 6693 0x0000024300bf4710 code [0x0000024300bf48a0, 0x0000024300bf4a18]
Event: 7.757 Thread 0x00000243154f9010 6694       1       org.gradle.api.internal.artifacts.configurations.DefaultConfiguration::isCanBeConsumed (5 bytes)
Event: 7.757 Thread 0x000002430f6dfc00 6695       3       com.google.common.collect.RegularImmutableMap::createEntrySet (13 bytes)
Event: 7.757 Thread 0x000002431442d060 6696       3       com.google.common.collect.ImmutableMapEntrySet$RegularEntrySet::<init> (10 bytes)
Event: 7.757 Thread 0x000002430f5c02a0 6697       3       com.google.common.collect.ImmutableMapEntrySet$RegularEntrySet::<init> (15 bytes)
Event: 7.757 Thread 0x00000243154f9010 nmethod 6694 0x0000024307f57d10 code [0x0000024307f57ea0, 0x0000024307f57f78]
Event: 7.757 Thread 0x00000243154f9010 6698       3       com.google.common.collect.ImmutableMapEntrySet::<init> (5 bytes)
Event: 7.757 Thread 0x00000243154f9010 nmethod 6698 0x0000024300bf4a90 code [0x0000024300bf4c40, 0x0000024300bf4eb8]
Event: 7.757 Thread 0x000002430f5c02a0 nmethod 6697 0x0000024300bf5010 code [0x0000024300bf51e0, 0x0000024300bf5598]
Event: 7.757 Thread 0x000002431442d060 nmethod 6696 0x0000024300bf5710 code [0x0000024300bf5900, 0x0000024300bf5de8]
Event: 7.757 Thread 0x000002430f6dfc00 nmethod 6695 0x0000024300bf6010 code [0x0000024300bf6200, 0x0000024300bf67a8]

GC Heap History (20 events):
Event: 2.784 GC heap before
{Heap before GC invocations=2 (full 0):
 garbage-first heap   total 524288K, used 127185K [0x0000000740000000, 0x0000000800000000)
  region size 2048K, 58 young (118784K), 1 survivors (2048K)
 Metaspace       used 21231K, committed 21504K, reserved 1114112K
  class space    used 3163K, committed 3264K, reserved 1048576K
}
Event: 2.790 GC heap after
{Heap after GC invocations=3 (full 0):
 garbage-first heap   total 524288K, used 21930K [0x0000000740000000, 0x0000000800000000)
  region size 2048K, 6 young (12288K), 6 survivors (12288K)
 Metaspace       used 21231K, committed 21504K, reserved 1114112K
  class space    used 3163K, committed 3264K, reserved 1048576K
}
Event: 3.425 GC heap before
{Heap before GC invocations=4 (full 0):
 garbage-first heap   total 90112K, used 60842K [0x0000000740000000, 0x0000000800000000)
  region size 2048K, 26 young (53248K), 6 survivors (12288K)
 Metaspace       used 29443K, committed 29824K, reserved 1114112K
  class space    used 4166K, committed 4352K, reserved 1048576K
}
Event: 3.433 GC heap after
{Heap after GC invocations=5 (full 0):
 garbage-first heap   total 90112K, used 26608K [0x0000000740000000, 0x0000000800000000)
  region size 2048K, 3 young (6144K), 3 survivors (6144K)
 Metaspace       used 29443K, committed 29824K, reserved 1114112K
  class space    used 4166K, committed 4352K, reserved 1048576K
}
Event: 3.808 GC heap before
{Heap before GC invocations=5 (full 0):
 garbage-first heap   total 90112K, used 61424K [0x0000000740000000, 0x0000000800000000)
  region size 2048K, 20 young (40960K), 3 survivors (6144K)
 Metaspace       used 32199K, committed 32576K, reserved 1114112K
  class space    used 4441K, committed 4608K, reserved 1048576K
}
Event: 3.812 GC heap after
{Heap after GC invocations=6 (full 0):
 garbage-first heap   total 90112K, used 29290K [0x0000000740000000, 0x0000000800000000)
  region size 2048K, 2 young (4096K), 2 survivors (4096K)
 Metaspace       used 32199K, committed 32576K, reserved 1114112K
  class space    used 4441K, committed 4608K, reserved 1048576K
}
Event: 4.190 GC heap before
{Heap before GC invocations=6 (full 0):
 garbage-first heap   total 90112K, used 57962K [0x0000000740000000, 0x0000000800000000)
  region size 2048K, 18 young (36864K), 2 survivors (4096K)
 Metaspace       used 35592K, committed 35968K, reserved 1114112K
  class space    used 4889K, committed 5056K, reserved 1048576K
}
Event: 4.194 GC heap after
{Heap after GC invocations=7 (full 0):
 garbage-first heap   total 90112K, used 31860K [0x0000000740000000, 0x0000000800000000)
  region size 2048K, 2 young (4096K), 2 survivors (4096K)
 Metaspace       used 35592K, committed 35968K, reserved 1114112K
  class space    used 4889K, committed 5056K, reserved 1048576K
}
Event: 4.578 GC heap before
{Heap before GC invocations=8 (full 0):
 garbage-first heap   total 90112K, used 62580K [0x0000000740000000, 0x0000000800000000)
  region size 2048K, 17 young (34816K), 2 survivors (4096K)
 Metaspace       used 38830K, committed 39232K, reserved 1114112K
  class space    used 5375K, committed 5568K, reserved 1048576K
}
Event: 4.582 GC heap after
{Heap after GC invocations=9 (full 0):
 garbage-first heap   total 90112K, used 33376K [0x0000000740000000, 0x0000000800000000)
  region size 2048K, 2 young (4096K), 2 survivors (4096K)
 Metaspace       used 38830K, committed 39232K, reserved 1114112K
  class space    used 5375K, committed 5568K, reserved 1048576K
}
Event: 5.284 GC heap before
{Heap before GC invocations=9 (full 0):
 garbage-first heap   total 90112K, used 68192K [0x0000000740000000, 0x0000000800000000)
  region size 2048K, 18 young (36864K), 2 survivors (4096K)
 Metaspace       used 45946K, committed 46464K, reserved 1114112K
  class space    used 6252K, committed 6464K, reserved 1048576K
}
Event: 5.289 GC heap after
{Heap after GC invocations=10 (full 0):
 garbage-first heap   total 90112K, used 39676K [0x0000000740000000, 0x0000000800000000)
  region size 2048K, 3 young (6144K), 3 survivors (6144K)
 Metaspace       used 45946K, committed 46464K, reserved 1114112K
  class space    used 6252K, committed 6464K, reserved 1048576K
}
Event: 6.074 GC heap before
{Heap before GC invocations=10 (full 0):
 garbage-first heap   total 90112K, used 66300K [0x0000000740000000, 0x0000000800000000)
  region size 2048K, 16 young (32768K), 3 survivors (6144K)
 Metaspace       used 51276K, committed 51776K, reserved 1114112K
  class space    used 6980K, committed 7232K, reserved 1048576K
}
Event: 6.078 GC heap after
{Heap after GC invocations=11 (full 0):
 garbage-first heap   total 90112K, used 41522K [0x0000000740000000, 0x0000000800000000)
  region size 2048K, 2 young (4096K), 2 survivors (4096K)
 Metaspace       used 51276K, committed 51776K, reserved 1114112K
  class space    used 6980K, committed 7232K, reserved 1048576K
}
Event: 6.357 GC heap before
{Heap before GC invocations=11 (full 0):
 garbage-first heap   total 90112K, used 66098K [0x0000000740000000, 0x0000000800000000)
  region size 2048K, 14 young (28672K), 2 survivors (4096K)
 Metaspace       used 52638K, committed 53184K, reserved 1114112K
  class space    used 7183K, committed 7424K, reserved 1048576K
}
Event: 6.361 GC heap after
{Heap after GC invocations=12 (full 0):
 garbage-first heap   total 90112K, used 43867K [0x0000000740000000, 0x0000000800000000)
  region size 2048K, 2 young (4096K), 2 survivors (4096K)
 Metaspace       used 52638K, committed 53184K, reserved 1114112K
  class space    used 7183K, committed 7424K, reserved 1048576K
}
Event: 6.620 GC heap before
{Heap before GC invocations=13 (full 0):
 garbage-first heap   total 90112K, used 68443K [0x0000000740000000, 0x0000000800000000)
  region size 2048K, 14 young (28672K), 2 survivors (4096K)
 Metaspace       used 52897K, committed 53440K, reserved 1114112K
  class space    used 7228K, committed 7488K, reserved 1048576K
}
Event: 6.625 GC heap after
{Heap after GC invocations=14 (full 0):
 garbage-first heap   total 90112K, used 46822K [0x0000000740000000, 0x0000000800000000)
  region size 2048K, 2 young (4096K), 2 survivors (4096K)
 Metaspace       used 52897K, committed 53440K, reserved 1114112K
  class space    used 7228K, committed 7488K, reserved 1048576K
}
Event: 6.858 GC heap before
{Heap before GC invocations=14 (full 0):
 garbage-first heap   total 90112K, used 67302K [0x0000000740000000, 0x0000000800000000)
  region size 2048K, 12 young (24576K), 2 survivors (4096K)
 Metaspace       used 54025K, committed 54592K, reserved 1114112K
  class space    used 7411K, committed 7680K, reserved 1048576K
}
Event: 6.863 GC heap after
{Heap after GC invocations=15 (full 0):
 garbage-first heap   total 307200K, used 48443K [0x0000000740000000, 0x0000000800000000)
  region size 2048K, 1 young (2048K), 1 survivors (2048K)
 Metaspace       used 54025K, committed 54592K, reserved 1114112K
  class space    used 7411K, committed 7680K, reserved 1048576K
}

Dll operation events (12 events):
Event: 0.006 Loaded shared library C:\Program Files\Eclipse Adoptium\jdk-17.0.7.7-hotspot\bin\java.dll
Event: 0.016 Loaded shared library C:\Program Files\Eclipse Adoptium\jdk-17.0.7.7-hotspot\bin\jsvml.dll
Event: 0.058 Loaded shared library C:\Program Files\Eclipse Adoptium\jdk-17.0.7.7-hotspot\bin\net.dll
Event: 0.059 Loaded shared library C:\Program Files\Eclipse Adoptium\jdk-17.0.7.7-hotspot\bin\nio.dll
Event: 0.064 Loaded shared library C:\Program Files\Eclipse Adoptium\jdk-17.0.7.7-hotspot\bin\zip.dll
Event: 0.267 Loaded shared library C:\Program Files\Eclipse Adoptium\jdk-17.0.7.7-hotspot\bin\jimage.dll
Event: 0.331 Loaded shared library C:\Program Files\Eclipse Adoptium\jdk-17.0.7.7-hotspot\bin\verify.dll
Event: 0.463 Loaded shared library C:\Users\Mykal\.gradle\native\e1d6ef7f7dcc3fd88c89a11ec53ec762bb8ba0a96d01ffa2cd45eb1d1d8dd5c5\windows-amd64\native-platform.dll
Event: 0.469 Loaded shared library C:\Users\Mykal\.gradle\native\0d407fdbe67a94daf76414ababcb853783967236a71b16ec16e742cd7a986fd3\windows-amd64\native-platform-file-events.dll
Event: 1.153 Loaded shared library C:\Program Files\Eclipse Adoptium\jdk-17.0.7.7-hotspot\bin\management.dll
Event: 1.155 Loaded shared library C:\Program Files\Eclipse Adoptium\jdk-17.0.7.7-hotspot\bin\management_ext.dll
Event: 1.569 Loaded shared library C:\Program Files\Eclipse Adoptium\jdk-17.0.7.7-hotspot\bin\sunmscapi.dll

Deoptimization events (20 events):
Event: 7.168 Thread 0x000002431b845060 Uncommon trap: trap_request=0xffffffc6 fr.pc=0x0000024307bca874 relative=0x0000000000000974
Event: 7.168 Thread 0x000002431b845060 Uncommon trap: reason=bimorphic_or_optimized_type_check action=maybe_recompile pc=0x0000024307bca874 method=java.io.BufferedInputStream.read1([BII)I @ 39 c2
Event: 7.168 Thread 0x000002431b845060 DEOPT PACKING pc=0x0000024307bca874 sp=0x0000008a579fecf0
Event: 7.168 Thread 0x000002431b845060 DEOPT UNPACKING pc=0x00000243074a69a3 sp=0x0000008a579fec08 mode 2
Event: 7.311 Thread 0x000002431b845060 Uncommon trap: trap_request=0xffffffc6 fr.pc=0x0000024307bca874 relative=0x0000000000000974
Event: 7.311 Thread 0x000002431b845060 Uncommon trap: reason=bimorphic_or_optimized_type_check action=maybe_recompile pc=0x0000024307bca874 method=java.io.BufferedInputStream.read1([BII)I @ 39 c2
Event: 7.311 Thread 0x000002431b845060 DEOPT PACKING pc=0x0000024307bca874 sp=0x0000008a579fecf0
Event: 7.311 Thread 0x000002431b845060 DEOPT UNPACKING pc=0x00000243074a69a3 sp=0x0000008a579fec08 mode 2
Event: 7.311 Thread 0x000002431b845060 Uncommon trap: trap_request=0xffffffc6 fr.pc=0x0000024307bca874 relative=0x0000000000000974
Event: 7.311 Thread 0x000002431b845060 Uncommon trap: reason=bimorphic_or_optimized_type_check action=maybe_recompile pc=0x0000024307bca874 method=java.io.BufferedInputStream.read1([BII)I @ 39 c2
Event: 7.311 Thread 0x000002431b845060 DEOPT PACKING pc=0x0000024307bca874 sp=0x0000008a579fecf0
Event: 7.311 Thread 0x000002431b845060 DEOPT UNPACKING pc=0x00000243074a69a3 sp=0x0000008a579fec08 mode 2
Event: 7.353 Thread 0x000002431b845060 Uncommon trap: trap_request=0xffffffc6 fr.pc=0x0000024307bca874 relative=0x0000000000000974
Event: 7.353 Thread 0x000002431b845060 Uncommon trap: reason=bimorphic_or_optimized_type_check action=maybe_recompile pc=0x0000024307bca874 method=java.io.BufferedInputStream.read1([BII)I @ 39 c2
Event: 7.353 Thread 0x000002431b845060 DEOPT PACKING pc=0x0000024307bca874 sp=0x0000008a579fecf0
Event: 7.353 Thread 0x000002431b845060 DEOPT UNPACKING pc=0x00000243074a69a3 sp=0x0000008a579fec08 mode 2
Event: 7.442 Thread 0x000002431b845060 Uncommon trap: trap_request=0xffffffde fr.pc=0x0000024307d392e8 relative=0x00000000000001a8
Event: 7.442 Thread 0x000002431b845060 Uncommon trap: reason=class_check action=maybe_recompile pc=0x0000024307d392e8 method=java.io.BufferedInputStream.read1([BII)I @ 39 c2
Event: 7.442 Thread 0x000002431b845060 DEOPT PACKING pc=0x0000024307d392e8 sp=0x0000008a579fec50
Event: 7.442 Thread 0x000002431b845060 DEOPT UNPACKING pc=0x00000243074a69a3 sp=0x0000008a579febf8 mode 2

Classes unloaded (0 events):
No events

Classes redefined (0 events):
No events

Internal exceptions (20 events):
Event: 7.012 Thread 0x0000024315c0b990 Implicit null exception at 0x0000024307e61eee to 0x0000024307e628c4
Event: 7.072 Thread 0x0000024315c0b990 Exception <a 'java/lang/ClassNotFoundException'{0x000000074b4b69c0}: org/gradle/api/tasks/compile/JavaCompile_DecoratedBeanInfo> (0x000000074b4b69c0) 
thrown [s\src\hotspot\share\classfile\systemDictionary.cpp, line 256]
Event: 7.072 Thread 0x0000024315c0b990 Exception <a 'java/lang/ClassNotFoundException'{0x000000074b4c70e8}: org/gradle/api/tasks/compile/JavaCompileBeanInfo> (0x000000074b4c70e8) 
thrown [s\src\hotspot\share\classfile\systemDictionary.cpp, line 256]
Event: 7.073 Thread 0x0000024315c0b990 Exception <a 'java/lang/ClassNotFoundException'{0x000000074b4d7888}: org/gradle/api/tasks/compile/AbstractCompileBeanInfo> (0x000000074b4d7888) 
thrown [s\src\hotspot\share\classfile\systemDictionary.cpp, line 256]
Event: 7.073 Thread 0x0000024315c0b990 Exception <a 'java/lang/ClassNotFoundException'{0x000000074b4e53e0}: org/gradle/api/tasks/SourceTaskBeanInfo> (0x000000074b4e53e0) 
thrown [s\src\hotspot\share\classfile\systemDictionary.cpp, line 256]
Event: 7.074 Thread 0x0000024315c0b990 Exception <a 'java/lang/ClassNotFoundException'{0x000000074b4f2f58}: org/gradle/api/tasks/SourceTaskCustomizer> (0x000000074b4f2f58) 
thrown [s\src\hotspot\share\classfile\systemDictionary.cpp, line 256]
Event: 7.076 Thread 0x0000024315c0b990 Exception <a 'java/lang/ClassNotFoundException'{0x000000074b528440}: org/gradle/api/tasks/compile/AbstractCompileCustomizer> (0x000000074b528440) 
thrown [s\src\hotspot\share\classfile\systemDictionary.cpp, line 256]
Event: 7.077 Thread 0x0000024315c0b990 Exception <a 'java/lang/ClassNotFoundException'{0x000000074b551f20}: org/gradle/api/tasks/compile/JavaCompileCustomizer> (0x000000074b551f20) 
thrown [s\src\hotspot\share\classfile\systemDictionary.cpp, line 256]
Event: 7.079 Thread 0x0000024315c0b990 Exception <a 'java/lang/ClassNotFoundException'{0x000000074b57c790}: org/gradle/api/tasks/compile/JavaCompile_DecoratedCustomizer> (0x000000074b57c790) 
thrown [s\src\hotspot\share\classfile\systemDictionary.cpp, line 256]
Event: 7.086 Thread 0x0000024315c0b990 Exception <a 'java/lang/ClassNotFoundException'{0x000000074b22a0c0}: org/gradle/api/tasks/compile/CompileOptions_DecoratedBeanInfo> (0x000000074b22a0c0) 
thrown [s\src\hotspot\share\classfile\systemDictionary.cpp, line 256]
Event: 7.086 Thread 0x0000024315c0b990 Exception <a 'java/lang/ClassNotFoundException'{0x000000074b23a868}: org/gradle/api/tasks/compile/CompileOptionsBeanInfo> (0x000000074b23a868) 
thrown [s\src\hotspot\share\classfile\systemDictionary.cpp, line 256]
Event: 7.087 Thread 0x0000024315c0b990 Exception <a 'java/lang/ClassNotFoundException'{0x000000074b24b008}: org/gradle/api/tasks/compile/AbstractOptionsBeanInfo> (0x000000074b24b008) 
thrown [s\src\hotspot\share\classfile\systemDictionary.cpp, line 256]
Event: 7.087 Thread 0x0000024315c0b990 Exception <a 'java/lang/ClassNotFoundException'{0x000000074b25b788}: org/gradle/api/tasks/compile/AbstractOptionsCustomizer> (0x000000074b25b788) 
thrown [s\src\hotspot\share\classfile\systemDictionary.cpp, line 256]
Event: 7.088 Thread 0x0000024315c0b990 Exception <a 'java/lang/ClassNotFoundException'{0x000000074b26e7d0}: org/gradle/api/tasks/compile/CompileOptionsCustomizer> (0x000000074b26e7d0) 
thrown [s\src\hotspot\share\classfile\systemDictionary.cpp, line 256]
Event: 7.089 Thread 0x0000024315c0b990 Exception <a 'java/lang/ClassNotFoundException'{0x000000074b2b1fc8}: org/gradle/api/tasks/compile/CompileOptions_DecoratedCustomizer> (0x000000074b2b1fc8) 
thrown [s\src\hotspot\share\classfile\systemDictionary.cpp, line 256]
Event: 7.099 Thread 0x00000243164a2e50 Implicit null exception at 0x0000024307e8f903 to 0x0000024307e8fad0
Event: 7.160 Thread 0x000002431b8441f0 Exception <a 'java/lang/NoSuchMethodError'{0x000000074ad784b0}: 'void java.lang.invoke.DirectMethodHandle$Holder.invokeStatic(java.lang.Object, long)'> (0x000000074ad784b0) 
thrown [s\src\hotspot\share\interpreter\linkResolver.cpp, line 759]
Event: 7.160 Thread 0x000002431b8441f0 Exception <a 'java/lang/NoSuchMethodError'{0x000000074ad7d760}: 'java.lang.Object java.lang.invoke.DirectMethodHandle$Holder.newInvokeSpecial(java.lang.Object, long)'> (0x000000074ad7d760) 
thrown [s\src\hotspot\share\interpreter\linkResolver.cpp, line 759]
Event: 7.162 Thread 0x000002431b8441f0 Exception <a 'java/lang/NoSuchMethodError'{0x000000074ad84318}: 'java.lang.Object java.lang.invoke.DirectMethodHandle$Holder.invokeStatic(java.lang.Object, java.lang.Object, long, java.lang.Object)'> (0x000000074ad84318) 
thrown [s\src\hotspot\share\interpreter\linkResolver.cpp, line 759]
Event: 7.163 Thread 0x000002431b8441f0 Exception <a 'java/lang/NoSuchMethodError'{0x000000074ad87db0}: 'java.lang.Object java.lang.invoke.DirectMethodHandle$Holder.invokeStaticInit(java.lang.Object, java.lang.Object, long, java.lang.Object)'> (0x000000074ad87db0) 
thrown [s\src\hotspot\share\interpreter\linkResolver.cpp, line 759]

VM Operations (20 events):
Event: 6.409 Executing VM operation: G1Concurrent
Event: 6.409 Executing VM operation: G1Concurrent done
Event: 6.418 Executing VM operation: HandshakeAllThreads
Event: 6.419 Executing VM operation: HandshakeAllThreads done
Event: 6.619 Executing VM operation: G1CollectForAllocation
Event: 6.625 Executing VM operation: G1CollectForAllocation done
Event: 6.858 Executing VM operation: G1CollectForAllocation
Event: 6.863 Executing VM operation: G1CollectForAllocation done
Event: 6.866 Executing VM operation: HandshakeAllThreads
Event: 6.866 Executing VM operation: HandshakeAllThreads done
Event: 6.902 Executing VM operation: G1Concurrent
Event: 6.905 Executing VM operation: G1Concurrent done
Event: 6.919 Executing VM operation: G1Concurrent
Event: 6.919 Executing VM operation: G1Concurrent done
Event: 7.107 Executing VM operation: HandshakeAllThreads
Event: 7.108 Executing VM operation: HandshakeAllThreads done
Event: 7.165 Executing VM operation: HandshakeAllThreads
Event: 7.165 Executing VM operation: HandshakeAllThreads done
Event: 7.340 Executing VM operation: HandshakeAllThreads
Event: 7.340 Executing VM operation: HandshakeAllThreads done

Events (20 events):
Event: 7.153 loading class java/lang/ProcessImpl done
Event: 7.161 loading class java/lang/ProcessHandleImpl
Event: 7.161 loading class java/lang/ProcessHandleImpl done
Event: 7.163 loading class java/lang/ProcessImpl$2
Event: 7.163 loading class java/lang/ProcessImpl$2 done
Event: 7.163 loading class java/lang/Process$PipeInputStream
Event: 7.163 loading class java/lang/Process$PipeInputStream done
Event: 7.165 loading class jdk/internal/event/ProcessStartEvent
Event: 7.166 loading class jdk/internal/event/ProcessStartEvent done
Event: 7.167 Thread 0x000002431b8446c0 Thread added: 0x000002431b8446c0
Event: 7.167 Thread 0x000002431b845060 Thread added: 0x000002431b845060
Event: 7.339 loading class java/nio/file/attribute/DosFileAttributeView
Event: 7.339 loading class java/nio/file/attribute/DosFileAttributeView done
Event: 7.339 loading class sun/nio/fs/WindowsFileAttributeViews$Dos
Event: 7.339 loading class sun/nio/fs/WindowsFileAttributeViews$Dos done
Event: 7.462 Thread 0x0000024318541f30 Thread exited: 0x0000024318541f30
Event: 7.587 Thread 0x00000243172b3ff0 Thread exited: 0x00000243172b3ff0
Event: 7.717 Thread 0x000002430f928910 Thread exited: 0x000002430f928910
Event: 7.717 Thread 0x000002430f8ec110 Thread exited: 0x000002430f8ec110
Event: 7.746 Thread 0x00000243185442a0 Thread added: 0x00000243185442a0


Dynamic libraries:
0x00007ff6a7dd0000 - 0x00007ff6a7dde000 	C:\Program Files\Eclipse Adoptium\jdk-17.0.7.7-hotspot\bin\java.exe
0x00007ffb05af0000 - 0x00007ffb05ce8000 	C:\Windows\SYSTEM32\ntdll.dll
0x00007ffb057a0000 - 0x00007ffb0585d000 	C:\Windows\System32\KERNEL32.DLL
0x00007ffb037f0000 - 0x00007ffb03abe000 	C:\Windows\System32\KERNELBASE.dll
0x00007ffb03300000 - 0x00007ffb03400000 	C:\Windows\System32\ucrtbase.dll
0x00007ffae0a70000 - 0x00007ffae0a87000 	C:\Program Files\Eclipse Adoptium\jdk-17.0.7.7-hotspot\bin\jli.dll
0x00007ffae8530000 - 0x00007ffae8549000 	C:\Program Files\Eclipse Adoptium\jdk-17.0.7.7-hotspot\bin\VCRUNTIME140.dll
0x00007ffb052b0000 - 0x00007ffb05450000 	C:\Windows\System32\USER32.dll
0x00007ffaefc50000 - 0x00007ffaefeea000 	C:\Windows\WinSxS\amd64_microsoft.windows.common-controls_6595b64144ccf1df_6.0.19041.1110_none_60b5254171f9507e\COMCTL32.dll
0x00007ffb03710000 - 0x00007ffb03732000 	C:\Windows\System32\win32u.dll
0x00007ffb05860000 - 0x00007ffb0588a000 	C:\Windows\System32\GDI32.dll
0x00007ffb04920000 - 0x00007ffb049be000 	C:\Windows\System32\msvcrt.dll
0x00007ffb03600000 - 0x00007ffb0370b000 	C:\Windows\System32\gdi32full.dll
0x00007ffb03400000 - 0x00007ffb0349d000 	C:\Windows\System32\msvcp_win.dll
0x00007ffb05890000 - 0x00007ffb058c0000 	C:\Windows\System32\IMM32.DLL
0x00007ffaf9f90000 - 0x00007ffaf9f9c000 	C:\Program Files\Eclipse Adoptium\jdk-17.0.7.7-hotspot\bin\vcruntime140_1.dll
0x00007ffad4720000 - 0x00007ffad47b1000 	C:\Program Files\Eclipse Adoptium\jdk-17.0.7.7-hotspot\bin\msvcp140.dll
0x00007ffaab1c0000 - 0x00007ffaabe08000 	C:\Program Files\Eclipse Adoptium\jdk-17.0.7.7-hotspot\bin\server\jvm.dll
0x00007ffb056f0000 - 0x00007ffb0579e000 	C:\Windows\System32\ADVAPI32.dll
0x00007ffb04110000 - 0x00007ffb041ac000 	C:\Windows\System32\sechost.dll
0x00007ffb054e0000 - 0x00007ffb05605000 	C:\Windows\System32\RPCRT4.dll
0x00007ffafed00000 - 0x00007ffafed09000 	C:\Windows\SYSTEM32\WSOCK32.dll
0x00007ffb048b0000 - 0x00007ffb0491b000 	C:\Windows\System32\WS2_32.dll
0x00007ffaf5230000 - 0x00007ffaf5257000 	C:\Windows\SYSTEM32\WINMM.dll
0x00007ffafa130000 - 0x00007ffafa13a000 	C:\Windows\SYSTEM32\VERSION.dll
0x00007ffb01120000 - 0x00007ffb01132000 	C:\Windows\SYSTEM32\kernel.appcore.dll
0x00007ffaf99e0000 - 0x00007ffaf99ea000 	C:\Program Files\Eclipse Adoptium\jdk-17.0.7.7-hotspot\bin\jimage.dll
0x00007ffaf6540000 - 0x00007ffaf6724000 	C:\Windows\SYSTEM32\DBGHELP.DLL
0x00007ffaf6510000 - 0x00007ffaf653c000 	C:\Windows\SYSTEM32\dbgcore.DLL
0x00007ffb03ac0000 - 0x00007ffb03b42000 	C:\Windows\System32\bcryptPrimitives.dll
0x00007ffadd710000 - 0x00007ffadd735000 	C:\Program Files\Eclipse Adoptium\jdk-17.0.7.7-hotspot\bin\java.dll
0x00007ffad4440000 - 0x00007ffad4516000 	C:\Program Files\Eclipse Adoptium\jdk-17.0.7.7-hotspot\bin\jsvml.dll
0x00007ffb04b60000 - 0x00007ffb052a3000 	C:\Windows\System32\SHELL32.dll
0x00007ffb01320000 - 0x00007ffb01ab5000 	C:\Windows\SYSTEM32\windows.storage.dll
0x00007ffb042d0000 - 0x00007ffb04624000 	C:\Windows\System32\combase.dll
0x00007ffb02ba0000 - 0x00007ffb02bd0000 	C:\Windows\SYSTEM32\Wldp.dll
0x00007ffb04a50000 - 0x00007ffb04afd000 	C:\Windows\System32\SHCORE.dll
0x00007ffb058c0000 - 0x00007ffb05915000 	C:\Windows\System32\shlwapi.dll
0x00007ffb03150000 - 0x00007ffb0316f000 	C:\Windows\SYSTEM32\profapi.dll
0x00007ffadd6f0000 - 0x00007ffadd709000 	C:\Program Files\Eclipse Adoptium\jdk-17.0.7.7-hotspot\bin\net.dll
0x00007ffafda30000 - 0x00007ffafdb3a000 	C:\Windows\SYSTEM32\WINHTTP.dll
0x00007ffb02900000 - 0x00007ffb0296a000 	C:\Windows\system32\mswsock.dll
0x00007ffadd520000 - 0x00007ffadd535000 	C:\Program Files\Eclipse Adoptium\jdk-17.0.7.7-hotspot\bin\nio.dll
0x00007ffadd060000 - 0x00007ffadd078000 	C:\Program Files\Eclipse Adoptium\jdk-17.0.7.7-hotspot\bin\zip.dll
0x00007ffaf8ef0000 - 0x00007ffaf8f00000 	C:\Program Files\Eclipse Adoptium\jdk-17.0.7.7-hotspot\bin\verify.dll
0x00007ffaf72d0000 - 0x00007ffaf72f7000 	C:\Users\Mykal\.gradle\native\e1d6ef7f7dcc3fd88c89a11ec53ec762bb8ba0a96d01ffa2cd45eb1d1d8dd5c5\windows-amd64\native-platform.dll
0x00007ffad4f60000 - 0x00007ffad50a4000 	C:\Users\Mykal\.gradle\native\0d407fdbe67a94daf76414ababcb853783967236a71b16ec16e742cd7a986fd3\windows-amd64\native-platform-file-events.dll
0x00007ffaf8e10000 - 0x00007ffaf8e19000 	C:\Program Files\Eclipse Adoptium\jdk-17.0.7.7-hotspot\bin\management.dll
0x00007ffaf82a0000 - 0x00007ffaf82ab000 	C:\Program Files\Eclipse Adoptium\jdk-17.0.7.7-hotspot\bin\management_ext.dll
0x00007ffb047e0000 - 0x00007ffb047e8000 	C:\Windows\System32\PSAPI.DLL
0x00007ffb02af0000 - 0x00007ffb02b08000 	C:\Windows\SYSTEM32\CRYPTSP.dll
0x00007ffb02280000 - 0x00007ffb022b4000 	C:\Windows\system32\rsaenh.dll
0x00007ffb03210000 - 0x00007ffb03237000 	C:\Windows\System32\bcrypt.dll
0x00007ffb03110000 - 0x00007ffb0313e000 	C:\Windows\SYSTEM32\USERENV.dll
0x00007ffb02b10000 - 0x00007ffb02b1c000 	C:\Windows\SYSTEM32\CRYPTBASE.dll
0x00007ffb025f0000 - 0x00007ffb0262b000 	C:\Windows\SYSTEM32\IPHLPAPI.DLL
0x00007ffb04a40000 - 0x00007ffb04a48000 	C:\Windows\System32\NSI.dll
0x00007ffafc3b0000 - 0x00007ffafc3c7000 	C:\Windows\SYSTEM32\dhcpcsvc6.DLL
0x00007ffafc7b0000 - 0x00007ffafc7cd000 	C:\Windows\SYSTEM32\dhcpcsvc.DLL
0x00007ffb02630000 - 0x00007ffb026fa000 	C:\Windows\SYSTEM32\DNSAPI.dll
0x00007ffaf8290000 - 0x00007ffaf829e000 	C:\Program Files\Eclipse Adoptium\jdk-17.0.7.7-hotspot\bin\sunmscapi.dll
0x00007ffb034a0000 - 0x00007ffb035f6000 	C:\Windows\System32\CRYPT32.dll
0x00007ffb02c10000 - 0x00007ffb02c37000 	C:\Windows\SYSTEM32\ncrypt.dll
0x00007ffb02bd0000 - 0x00007ffb02c0b000 	C:\Windows\SYSTEM32\NTASN1.dll
0x00007ffaf8ee0000 - 0x00007ffaf8ee7000 	C:\Windows\system32\wshunix.dll
0x00007ffaf5ea0000 - 0x00007ffaf5eaa000 	C:\Windows\System32\rasadhlp.dll
0x00007ffaf6940000 - 0x00007ffaf69c0000 	C:\Windows\System32\fwpuclnt.dll

dbghelp: loaded successfully - version: 4.0.5 - missing functions: none
symbol engine: initialized successfully - sym options: 0x614 - pdb path: .;C:\Program Files\Eclipse Adoptium\jdk-17.0.7.7-hotspot\bin;C:\Windows\SYSTEM32;C:\Windows\WinSxS\amd64_microsoft.windows.common-controls_6595b64144ccf1df_6.0.19041.1110_none_60b5254171f9507e;C:\Program Files\Eclipse Adoptium\jdk-17.0.7.7-hotspot\bin\server;C:\Users\Mykal\.gradle\native\e1d6ef7f7dcc3fd88c89a11ec53ec762bb8ba0a96d01ffa2cd45eb1d1d8dd5c5\windows-amd64;C:\Users\Mykal\.gradle\native\0d407fdbe67a94daf76414ababcb853783967236a71b16ec16e742cd7a986fd3\windows-amd64

VM Arguments:
jvm_args: --add-opens=java.base/java.util=ALL-UNNAMED --add-opens=java.base/java.lang=ALL-UNNAMED --add-opens=java.base/java.lang.invoke=ALL-UNNAMED --add-opens=java.base/java.util=ALL-UNNAMED --add-opens=java.prefs/java.util.prefs=ALL-UNNAMED --add-opens=java.prefs/java.util.prefs=ALL-UNNAMED --add-opens=java.base/java.nio.charset=ALL-UNNAMED --add-opens=java.base/java.net=ALL-UNNAMED --add-opens=java.base/java.util.concurrent.atomic=ALL-UNNAMED -Xmx3G -Dfile.encoding=windows-1252 -Duser.country=US -Duser.language=en -Duser.variant 
java_command: org.gradle.launcher.daemon.bootstrap.GradleDaemon 7.5.1
java_class_path (initial): C:\Users\Mykal\.gradle\wrapper\dists\gradle-7.5.1-bin\7jzzequgds1hbszbhq3npc5ng\gradle-7.5.1\lib\gradle-launcher-7.5.1.jar
Launcher Type: SUN_STANDARD

[Global flags]
     intx CICompilerCount                          = 12                                        {product} {ergonomic}
     uint ConcGCThreads                            = 3                                         {product} {ergonomic}
     uint G1ConcRefinementThreads                  = 13                                        {product} {ergonomic}
   size_t G1HeapRegionSize                         = 2097152                                   {product} {ergonomic}
    uintx GCDrainStackTargetSize                   = 64                                        {product} {ergonomic}
   size_t InitialHeapSize                          = 536870912                                 {product} {ergonomic}
   size_t MarkStackSize                            = 4194304                                   {product} {ergonomic}
   size_t MaxHeapSize                              = 3221225472                                {product} {command line}
   size_t MaxNewSize                               = 1931476992                                {product} {ergonomic}
   size_t MinHeapDeltaBytes                        = 2097152                                   {product} {ergonomic}
   size_t MinHeapSize                              = 8388608                                   {product} {ergonomic}
    uintx NonNMethodCodeHeapSize                   = 7602480                                {pd product} {ergonomic}
    uintx NonProfiledCodeHeapSize                  = 122027880                              {pd product} {ergonomic}
    uintx ProfiledCodeHeapSize                     = 122027880                              {pd product} {ergonomic}
    uintx ReservedCodeCacheSize                    = 251658240                              {pd product} {ergonomic}
     bool SegmentedCodeCache                       = true                                      {product} {ergonomic}
   size_t SoftMaxHeapSize                          = 3221225472                             {manageable} {ergonomic}
     bool UseCompressedClassPointers               = true                           {product lp64_product} {ergonomic}
     bool UseCompressedOops                        = true                           {product lp64_product} {ergonomic}
     bool UseG1GC                                  = true                                      {product} {ergonomic}
     bool UseLargePagesIndividualAllocation        = false                                  {pd product} {ergonomic}

Logging:
Log output configuration:
 #0: stdout all=warning uptime,level,tags
 #1: stderr all=off uptime,level,tags

Environment Variables:
JAVA_HOME=C:\Program Files\Eclipse Adoptium\jdk-17.0.7.7-hotspot\
PATH=C:\Program Files\Common Files\Oracle\Java\javapath;C:\Program Files (x86)\Common Files\Oracle\Java\javapath;C:\Program Files\Eclipse Adoptium\jdk-17.0.7.7-hotspot\bin;C:\Windows\system32;C:\Windows;C:\Windows\System32\Wbem;C:\Windows\System32\WindowsPowerShell\v1.0\;C:\Windows\System32\OpenSSH\;C:\Program Files\NVIDIA Corporation\NVIDIA NvDLISR;C:\Users\Mykal\AppData\Local\Microsoft\WindowsApps;
USERNAME=Mykal
OS=Windows_NT
PROCESSOR_IDENTIFIER=AMD64 Family 23 Model 8 Stepping 2, AuthenticAMD
TMP=C:\Users\Mykal\AppData\Local\Temp
TEMP=C:\Users\Mykal\AppData\Local\Temp



---------------  S Y S T E M  ---------------

OS:
 Windows 10 , 64 bit Build 19041 (10.0.19041.1889)
OS uptime: 0 days 1:27 hours

CPU: total 16 (initial active 16) (16 cores per cpu, 2 threads per core) family 23 model 8 stepping 2 microcode 0x0, cx8, cmov, fxsr, ht, mmx, 3dnowpref, sse, sse2, sse3, ssse3, sse4a, sse4.1, sse4.2, popcnt, lzcnt, tsc, tscinvbit, avx, avx2, aes, clmul, bmi1, bmi2, adx, sha, fma, vzeroupper, clflush, clflushopt

Memory: 4k page, system-wide physical 32697M (21260M free)
TotalPageFile size 37817M (AvailPageFile size 19508M)
current process WorkingSet (physical memory assigned to process): 325M, peak: 334M
current process commit charge ("private bytes"): 476M, peak: 743M

vm_info: OpenJDK 64-Bit Server VM (17.0.7+7) for windows-amd64 JRE (17.0.7+7), built on Apr 18 2023 22:10:42 by "temurin" with MS VC++ 16.7 (VS2019)

END.
