#
# A fatal error has been detected by the Java Runtime Environment:
#
#  EXCEPTION_ACCESS_VIOLATION (0xc0000005) at pc=0x000005aef74ec540, pid=4320, tid=9608
#
# JRE version: OpenJDK Runtime Environment Temurin-17.0.7+7 (17.0.7+7) (build 17.0.7+7)
# Java VM: OpenJDK 64-Bit Server VM Temurin-17.0.7+7 (17.0.7+7, mixed mode, sharing, tiered, compressed oops, compressed class ptrs, g1 gc, windows-amd64)
# Problematic frame:
# j  org.gradle.api.internal.provider.DefaultValueSourceProviderFactory.createProviderOf(Ljava/lang/Class;Lorg/gradle/api/Action;)Lorg/gradle/api/provider/Provider;+2
#
# No core dump will be written. Minidumps are not enabled by default on client versions of Windows
#
# If you would like to submit a bug report, please visit:
#   https://github.com/adoptium/adoptium-support/issues
#

---------------  S U M M A R Y ------------

Command Line: --add-opens=java.base/java.util=ALL-UNNAMED --add-opens=java.base/java.lang=ALL-UNNAMED --add-opens=java.base/java.lang.invoke=ALL-UNNAMED --add-opens=java.base/java.util=ALL-UNNAMED --add-opens=java.prefs/java.util.prefs=ALL-UNNAMED --add-opens=java.prefs/java.util.prefs=ALL-UNNAMED --add-opens=java.base/java.nio.charset=ALL-UNNAMED --add-opens=java.base/java.net=ALL-UNNAMED --add-opens=java.base/java.util.concurrent.atomic=ALL-UNNAMED -Xmx3G -Dfile.encoding=windows-1252 -Duser.country=US -Duser.language=en -Duser.variant org.gradle.launcher.daemon.bootstrap.GradleDaemon 7.5.1

Host: AMD Ryzen 7 2700 Eight-Core Processor          , 16 cores, 31G,  Windows 10 , 64 bit Build 19041 (10.0.19041.1889)
Time: Tue May  2 19:53:09 2023 Pacific Daylight Time elapsed time: 42.029867 seconds (0d 0h 0m 42s)

---------------  T H R E A D  ---------------

Current thread (0x000001ae8f94b6e0):  JavaThread "Daemon worker" [_thread_in_Java, id=9608, stack(0x0000004f40900000,0x0000004f40a00000)]

Stack: [0x0000004f40900000,0x0000004f40a00000],  sp=0x0000004f409f5a80,  free space=982k
Native frames: (J=compiled Java code, j=interpreted, Vv=VM code, C=native code)
C  0x000005aef74ec540


siginfo: EXCEPTION_ACCESS_VIOLATION (0xc0000005), data execution prevention violation at address 0x000005aef74ec540


Register to memory mapping:

RIP=0x000005aef74ec540 is an unknown value
RAX=0x0 is NULL
RBX={method} {0x000001ae8b0a6d48} 'extractParametersTypeOf' '(Ljava/lang/Class;)Ljava/lang/Class;' in 'org/gradle/api/internal/provider/DefaultValueSourceProviderFactory'
RCX=0x0000000758695e00 is an oop: org.gradle.api.internal.provider.DefaultValueSourceProviderFactory 
{0x0000000758695e00} - klass: 'org/gradle/api/internal/provider/DefaultValueSourceProviderFactory'
 - ---- fields (total size 6 words):
 - private final 'instantiatorFactory' 'Lorg/gradle/internal/instantiation/InstantiatorFactory;' @12  a 'org/gradle/internal/instantiation/generator/DefaultInstantiatorFactory'{0x00000007402f4be8} (e805e97d)
 - private final 'isolatableFactory' 'Lorg/gradle/internal/isolation/IsolatableFactory;' @16  a 'org/gradle/internal/snapshot/impl/DefaultIsolatableFactory'{0x00000007402773f8} (e804ee7f)
 - private final 'gradleProperties' 'Lorg/gradle/api/internal/properties/GradleProperties;' @20  a 'org/gradle/initialization/DefaultGradlePropertiesController$SharedGradleProperties'{0x0000000758649980} (eb0c9330)
 - private final 'execOperations' '
[error occurred during error reporting (printing register info), id 0xc0000005, EXCEPTION_ACCESS_VIOLATION (0xc0000005) at pc=0x00007ffaab963166]

Registers:
RAX=0x0000000000000000, RBX=0x000001ae8b0a6d40, RCX=0x0000000758695e00, RDX=0x000001aef74e9657
RSP=0x0000004f409f5a78, RBP=0x0000004f409f5ad8, RSI=0x000001ae8a007cb8, RDI=0x0000000752022240
R8 =0x0000000000000000, R9 =0x000000074223cd58, R10=0x00007ffaabd4dbc0, R11=0x000000000169a8a0
R12=0x0000000000000000, R13=0x0000004f409f5a80, R14=0x0000004f409f5b08, R15=0x000001ae8f94b6e0
RIP=0x000005aef74ec540, EFLAGS=0x0000000000010246

Top of Stack: (sp=0x0000004f409f5a78)
0x0000004f409f5a78:   000001aef74e9657 0000000742259ac0
0x0000004f409f5a88:   0000000758695e00 0000004f409f5a90
0x0000004f409f5a98:   000001ae8b0a662a 0000004f409f5b08
0x0000004f409f5aa8:   000001ae8b0a72d8 0000000000000000
0x0000004f409f5ab8:   00000007ffeba5c0 000001ae8b0a66e8
0x0000004f409f5ac8:   0000004f409f5a80 0000004f409f5af8
0x0000004f409f5ad8:   0000004f409f5b58 000001aef74e9abb
0x0000004f409f5ae8:   0000000000000000 0000000000000000
0x0000004f409f5af8:   0000000752022230 0000000742259ac0
0x0000004f409f5b08:   0000000758695e00 0000004f409f5b10
0x0000004f409f5b18:   000001ae8b0b334d 0000004f409f5b78
0x0000004f409f5b28:   000001ae8b0b4370 0000000000000000
0x0000004f409f5b38:   0000000740cb1630 000001ae8b0b3388
0x0000004f409f5b48:   0000004f409f5af8 0000004f409f5b68
0x0000004f409f5b58:   0000004f409f5bc8 000001aef74e9657
0x0000004f409f5b68:   0000000752022230 0000000742259ac0 

Instructions: (pc=0x000001aef74e9657)
0x000001aef74e9557:   41 0f b7 4d 01 48 8b 5d d0 c1 e1 02 8b 5c cb 38
0x000001aef74e9567:   81 e3 ff 00 00 00 48 8d 24 dc 41 0f b6 5d 03 49
0x000001aef74e9577:   83 c5 03 49 ba b0 14 d5 ab fa 7f 00 00 41 ff 24
0x000001aef74e9587:   da 48 8b 65 f0 48 c7 45 f0 00 00 00 00 4c 8b 6d
0x000001aef74e9597:   c0 4c 8b 75 c8 41 0f b7 4d 01 48 8b 5d d0 c1 e1
0x000001aef74e95a7:   02 8b 5c cb 38 81 e3 ff 00 00 00 48 8d 24 dc 41
0x000001aef74e95b7:   0f b6 5d 03 49 83 c5 03 49 ba b0 0c d5 ab fa 7f
0x000001aef74e95c7:   00 00 41 ff 24 da 48 8b 65 f0 48 c7 45 f0 00 00
0x000001aef74e95d7:   00 00 4c 8b 6d c0 4c 8b 75 c8 41 0f b7 4d 01 48
0x000001aef74e95e7:   8b 5d d0 c1 e1 02 8b 5c cb 38 81 e3 ff 00 00 00
0x000001aef74e95f7:   48 8d 24 dc 41 0f b6 5d 03 49 83 c5 03 49 ba b0
0x000001aef74e9607:   04 d5 ab fa 7f 00 00 41 ff 24 da 48 8b 65 f0 48
0x000001aef74e9617:   c7 45 f0 00 00 00 00 4c 8b 6d c0 4c 8b 75 c8 41
0x000001aef74e9627:   0f b7 4d 01 48 8b 5d d0 c1 e1 02 8b 5c cb 38 81
0x000001aef74e9637:   e3 ff 00 00 00 48 8d 24 dc 41 0f b6 5d 03 49 83
0x000001aef74e9647:   c5 03 49 ba b0 fc d4 ab fa 7f 00 00 41 ff 24 da
0x000001aef74e9657:   48 8b 65 f0 48 c7 45 f0 00 00 00 00 4c 8b 6d c0
0x000001aef74e9667:   4c 8b 75 c8 48 8b 5d d8 48 85 db 0f 84 87 00 00
0x000001aef74e9677:   00 41 80 7d 00 ba 0f 84 1b 00 00 00 41 80 7d 00
0x000001aef74e9687:   e9 0f 84 10 00 00 00 48 8b 4d e8 66 81 79 30 5a
0x000001aef74e9697:   01 0f 85 61 00 00 00 48 8b c8 48 85 c9 75 07 48
0x000001aef74e96a7:   83 4b f8 01 eb 52 8b 49 08 49 ba 00 00 00 00 08
0x000001aef74e96b7:   00 00 00 49 03 ca 48 33 4b f8 48 f7 c1 fc ff ff
0x000001aef74e96c7:   ff 74 35 48 f7 c1 02 00 00 00 75 2c 48 81 7b f8
0x000001aef74e96d7:   00 00 00 00 74 1e 48 81 7b f8 01 00 00 00 74 14
0x000001aef74e96e7:   48 33 4b f8 48 f7 c1 fc ff ff ff 74 0b 48 83 4b
0x000001aef74e96f7:   f8 02 eb 04 48 89 4b f8 41 0f b7 4d 01 48 8b 5d
0x000001aef74e9707:   d0 c1 e1 02 8b 5c cb 38 81 e3 ff 00 00 00 48 8d
0x000001aef74e9717:   24 dc 41 0f b6 5d 03 49 83 c5 03 49 ba b0 1c d5
0x000001aef74e9727:   ab fa 7f 00 00 41 ff 24 da 48 8b 65 f0 48 c7 45
0x000001aef74e9737:   f0 00 00 00 00 4c 8b 6d c0 4c 8b 75 c8 41 0f b7
0x000001aef74e9747:   4d 01 48 8b 5d d0 c1 e1 02 8b 5c cb 38 81 e3 ff 


Stack slot to memory mapping:
stack at sp + 0 slots: 0x0000000742259ac0 is an oop: java.lang.Class 
{0x0000000742259ac0} - klass: 'java/lang/Class'
 - ---- fields (total size 14 words):
 - private volatile transient 'classRedefinedCount' 'I' @12  0
 - private volatile transient 'cachedConstructor' 'Ljava/lang/reflect/Constructor;' @40  NULL (0)
 - private transient 'name' 'Ljava/lang/String;' @44  "org.gradle.api.internal.provider.sources.GradlePropertyValueSource"{0x0000000742259b30} (e844b366)
 - private transient 'module' 'Ljava/lang/Module;' @48  a 'java/lang/Module'{0x0000000740a27918} (e8144f23)
 - private final 'classLoader' 'Ljava/lang/ClassLoader;' @52  a 'org/gradle/internal/classloader/VisitableURLClassLoader'{0x0000000740a27950} (e8144f2a)
 - private transient 'classData' 'Ljava/lang/Object;' @56  NULL (0)
 - private transient 'packageName' 'Ljava/lang/String;' @60  "org.gradle.api.internal.provider.sources"{0x0000000742259ba0} (e844b374)
 - private final 'componentType' 'Ljava/lang/Class;' @64  NULL (0)
 - private volatile transient 'reflectionData' 'Ljava/lang/ref/SoftReference;' @68  a 'java/lang/ref/SoftReference'{0x0000000743a08b30} (e8741166)
 - private volatile transient 'genericInfo' 'Lsun/reflect/generics/repository/ClassRepository;' @72  a 'sun/reflect/generics/repository/ClassRepository'{0x0000000742259c00} (e844b380)
 - private volatile transient 'enumConstants' '[Ljava/lang/Object;' @76  NULL (0)
 - private volatile transient 'enumConstantDirectory' 'Ljava/util/Map;' @80  NULL (0)
 - private volatile transient 'annotationData' 'Ljava/lang/Class$AnnotationData;' @84  a 'java/lang/Class$AnnotationData'{0x0000000743a03840} (e8740708)
 - private volatile transient 'annotationType' 'Lsun/reflect/annotation/AnnotationType;' @88  NULL (0)
 - transient 'classValueMap' 'Ljava/lang/ClassValue$ClassValueMap;' @92  NULL (0)
 - signature: Lorg/gradle/api/internal/provider/sources/GradlePropertyValueSource;
 - fake entry for mirror: 'org/gradle/api/internal/provider/sources/GradlePropertyValueSource'
 - fake entry for array: NULL
 - fake entry for oop_size: 14
 - fake entry for static_oop_field_count: 0
stack at sp + 1 slots: 0x0000000758695e00 is an oop: org.gradle.api.internal.provider.DefaultValueSourceProviderFactory 
{0x0000000758695e00} - klass: 'org/gradle/api/internal/provider/DefaultValueSourceProviderFactory'
 - ---- fields (total size 6 words):
 - private final 'instantiatorFactory' 'Lorg/gradle/internal/instantiation/InstantiatorFactory;' @12  a 'org/gradle/internal/instantiation/generator/DefaultInstantiatorFactory'{0x00000007402f4be8} (e805e97d)
 - private final 'isolatableFactory' 'Lorg/gradle/internal/isolation/IsolatableFactory;' @16  a 'org/gradle/internal/snapshot/impl/DefaultIsolatableFactory'{0x00000007402773f8} (e804ee7f)
 - private final 'gradleProperties' 'Lorg/gradle/api/internal/properties/GradleProperties;' @20  a 'org/gradle/initialization/DefaultGradlePropertiesController$SharedGradleProperties'{0x0000000758649980} (eb0c9330)
 - private final 'execOperations' '
[error occurred during error reporting (inspecting top of stack), id 0xc0000005, EXCEPTION_ACCESS_VIOLATION (0xc0000005) at pc=0x00007ffaab963166]


---------------  P R O C E S S  ---------------

Threads class SMR info:
_java_thread_list=0x000001ae95837c10, length=105, elements={
0x000001aee8598ab0, 0x000001ae89bbc080, 0x000001ae89bbd5a0, 0x000001ae89bd43b0,
0x000001ae89bd7df0, 0x000001ae89bd9e60, 0x000001ae89bdaec0, 0x000001ae89bdd9a0,
0x000001ae89c64540, 0x000001ae89c79260, 0x000001ae89da8860, 0x000001ae89dad370,
0x000001ae8fe4d050, 0x000001ae90151180, 0x000001ae8f3fe530, 0x000001ae90179c10,
0x000001ae8f94b6e0, 0x000001ae8fec3cf0, 0x000001ae8fec5030, 0x000001ae8fec5500,
0x000001ae8fec4690, 0x000001ae8fec4b60, 0x000001ae8fec6840, 0x000001ae9157c210,
0x000001ae9157b870, 0x000001ae9157aed0, 0x000001ae9157d080, 0x000001ae9157b3a0,
0x000001ae9157bd40, 0x000001ae9157d550, 0x000001ae9157a530, 0x000001ae949e6d60,
0x000001ae949e63c0, 0x000001ae949e6890, 0x000001ae949e7230, 0x000001ae949e4bb0,
0x000001ae949e46e0, 0x000001ae949e5a20, 0x000001ae949e5ef0, 0x000001ae949e7bd0,
0x000001ae949e8570, 0x000001ae949e2ed0, 0x000001ae953d91c0, 0x000001ae953d8350,
0x000001ae953d7010, 0x000001ae953d2cb0, 0x000001ae953d8820, 0x000001ae953d8cf0,
0x000001ae953d3650, 0x000001ae953d6b40, 0x000001ae953d7e80, 0x000001ae953d1970,
0x000001ae953d1e40, 0x000001ae953d2310, 0x000001ae953d4e60, 0x000001ae9589d470,
0x000001ae9589de10, 0x000001ae91e4dde0, 0x000001ae9589c130, 0x000001ae9589e7b0,
0x000001ae9589c600, 0x000001ae9589cad0, 0x000001ae9589cfa0, 0x000001ae91e4f220,
0x000001ae9589a920, 0x000001ae9589e2e0, 0x000001ae9589ec80, 0x000001ae9589f150,
0x000001ae958a0490, 0x000001ae9589b790, 0x000001ae9589f620, 0x000001ae9589faf0,
0x000001ae9589b2c0, 0x000001ae9589ffc0, 0x000001ae958a1300, 0x000001ae9589bc60,
0x000001ae958a17d0, 0x000001ae958a1ca0, 0x000001ae9589a450, 0x000001ae958a2170,
0x000001ae958a2640, 0x000001ae9589adf0, 0x000001ae958a7ce0, 0x000001ae958a81b0,
0x000001ae958a4cc0, 0x000001ae958a3e50, 0x000001ae958a47f0, 0x000001ae958a9e90,
0x000001ae958a8b50, 0x000001ae958a5660, 0x000001ae958a8680, 0x000001ae958a94f0,
0x000001ae958a4320, 0x000001ae958a9020, 0x000001ae958a2b10, 0x000001ae958a5190,
0x000001ae958a99c0, 0x000001ae958a2fe0, 0x000001ae958a34b0, 0x000001ae958a6000,
0x000001ae958a64d0, 0x000001ae958a3980, 0x000001ae90dc8750, 0x000001ae90dcadd0,
0x000001ae90dc9f60
}

Java Threads: ( => current thread )
  0x000001aee8598ab0 JavaThread "main" [_thread_blocked, id=7756, stack(0x0000004f3df00000,0x0000004f3e000000)]
  0x000001ae89bbc080 JavaThread "Reference Handler" daemon [_thread_blocked, id=19804, stack(0x0000004f3e600000,0x0000004f3e700000)]
  0x000001ae89bbd5a0 JavaThread "Finalizer" daemon [_thread_blocked, id=12764, stack(0x0000004f3e700000,0x0000004f3e800000)]
  0x000001ae89bd43b0 JavaThread "Signal Dispatcher" daemon [_thread_blocked, id=2844, stack(0x0000004f3e800000,0x0000004f3e900000)]
  0x000001ae89bd7df0 JavaThread "Attach Listener" daemon [_thread_blocked, id=5672, stack(0x0000004f3e900000,0x0000004f3ea00000)]
  0x000001ae89bd9e60 JavaThread "Service Thread" daemon [_thread_blocked, id=19212, stack(0x0000004f3ea00000,0x0000004f3eb00000)]
  0x000001ae89bdaec0 JavaThread "Monitor Deflation Thread" daemon [_thread_blocked, id=18196, stack(0x0000004f3eb00000,0x0000004f3ec00000)]
  0x000001ae89bdd9a0 JavaThread "C2 CompilerThread0" daemon [_thread_blocked, id=6220, stack(0x0000004f3ec00000,0x0000004f3ed00000)]
  0x000001ae89c64540 JavaThread "C1 CompilerThread0" daemon [_thread_blocked, id=14004, stack(0x0000004f3ed00000,0x0000004f3ee00000)]
  0x000001ae89c79260 JavaThread "Sweeper thread" daemon [_thread_blocked, id=18764, stack(0x0000004f3ee00000,0x0000004f3ef00000)]
  0x000001ae89da8860 JavaThread "Common-Cleaner" daemon [_thread_blocked, id=744, stack(0x0000004f3f000000,0x0000004f3f100000)]
  0x000001ae89dad370 JavaThread "Notification Thread" daemon [_thread_blocked, id=19836, stack(0x0000004f3f100000,0x0000004f3f200000)]
  0x000001ae8fe4d050 JavaThread "Daemon health stats" [_thread_blocked, id=10988, stack(0x0000004f40300000,0x0000004f40400000)]
  0x000001ae90151180 JavaThread "Incoming local TCP Connector on port 54049" [_thread_in_native, id=13992, stack(0x0000004f40400000,0x0000004f40500000)]
  0x000001ae8f3fe530 JavaThread "Daemon periodic checks" [_thread_blocked, id=14060, stack(0x0000004f40500000,0x0000004f40600000)]
  0x000001ae90179c10 JavaThread "Daemon" [_thread_blocked, id=19924, stack(0x0000004f40600000,0x0000004f40700000)]
=>0x000001ae8f94b6e0 JavaThread "Daemon worker" [_thread_in_Java, id=9608, stack(0x0000004f40900000,0x0000004f40a00000)]
  0x000001ae8fec3cf0 JavaThread "Cache worker for journal cache (C:\Users\Mykal\.gradle\caches\journal-1)" [_thread_blocked, id=10080, stack(0x0000004f40d00000,0x0000004f40e00000)]
  0x000001ae8fec5030 JavaThread "File lock request listener" [_thread_in_native, id=6656, stack(0x0000004f40e00000,0x0000004f40f00000)]
  0x000001ae8fec5500 JavaThread "Cache worker for file hash cache (C:\Users\Mykal\.gradle\caches\7.5.1\fileHashes)" [_thread_blocked, id=15296, stack(0x0000004f40f00000,0x0000004f41000000)]
  0x000001ae8fec4690 JavaThread "File watcher server" daemon [_thread_in_native, id=13488, stack(0x0000004f41000000,0x0000004f41100000)]
  0x000001ae8fec4b60 JavaThread "File watcher consumer" daemon [_thread_blocked, id=1748, stack(0x0000004f41100000,0x0000004f41200000)]
  0x000001ae8fec6840 JavaThread "Cache worker for file content cache (C:\Users\Mykal\.gradle\caches\7.5.1\fileContent)" [_thread_blocked, id=16404, stack(0x0000004f41400000,0x0000004f41500000)]
  0x000001ae9157c210 JavaThread "Cache worker for execution history cache (C:\Users\Mykal\.gradle\caches\7.5.1\executionHistory)" [_thread_blocked, id=9824, stack(0x0000004f41a00000,0x0000004f41b00000)]
  0x000001ae9157b870 JavaThread "jar transforms" [_thread_blocked, id=11444, stack(0x0000004f41b00000,0x0000004f41c00000)]
  0x000001ae9157aed0 JavaThread "jar transforms Thread 2" [_thread_blocked, id=16760, stack(0x0000004f41c00000,0x0000004f41d00000)]
  0x000001ae9157d080 JavaThread "jar transforms Thread 3" [_thread_blocked, id=4748, stack(0x0000004f41e00000,0x0000004f41f00000)]
  0x000001ae9157b3a0 JavaThread "jar transforms Thread 4" [_thread_blocked, id=20340, stack(0x0000004f41f00000,0x0000004f42000000)]
  0x000001ae9157bd40 JavaThread "jar transforms Thread 5" [_thread_blocked, id=9532, stack(0x0000004f42000000,0x0000004f42100000)]
  0x000001ae9157d550 JavaThread "jar transforms Thread 6" [_thread_blocked, id=20260, stack(0x0000004f42100000,0x0000004f42200000)]
  0x000001ae9157a530 JavaThread "jar transforms Thread 7" [_thread_blocked, id=16608, stack(0x0000004f42300000,0x0000004f42400000)]
  0x000001ae949e6d60 JavaThread "jar transforms Thread 8" [_thread_blocked, id=17200, stack(0x0000004f44700000,0x0000004f44800000)]
  0x000001ae949e63c0 JavaThread "jar transforms Thread 9" [_thread_blocked, id=10708, stack(0x0000004f44800000,0x0000004f44900000)]
  0x000001ae949e6890 JavaThread "jar transforms Thread 10" [_thread_blocked, id=19684, stack(0x0000004f44900000,0x0000004f44a00000)]
  0x000001ae949e7230 JavaThread "jar transforms Thread 11" [_thread_blocked, id=17488, stack(0x0000004f44a00000,0x0000004f44b00000)]
  0x000001ae949e4bb0 JavaThread "jar transforms Thread 12" [_thread_blocked, id=20108, stack(0x0000004f44b00000,0x0000004f44c00000)]
  0x000001ae949e46e0 JavaThread "jar transforms Thread 13" [_thread_blocked, id=12036, stack(0x0000004f44c00000,0x0000004f44d00000)]
  0x000001ae949e5a20 JavaThread "jar transforms Thread 14" [_thread_blocked, id=19972, stack(0x0000004f44d00000,0x0000004f44e00000)]
  0x000001ae949e5ef0 JavaThread "jar transforms Thread 15" [_thread_blocked, id=18520, stack(0x0000004f44e00000,0x0000004f44f00000)]
  0x000001ae949e7bd0 JavaThread "jar transforms Thread 16" [_thread_blocked, id=14076, stack(0x0000004f44f00000,0x0000004f45000000)]
  0x000001ae949e8570 JavaThread "Memory manager" [_thread_blocked, id=20072, stack(0x0000004f3f500000,0x0000004f3f600000)]
  0x000001ae949e2ed0 JavaThread "ForkJoinPool.commonPool-worker-1" daemon [_thread_blocked, id=2980, stack(0x0000004f45500000,0x0000004f45600000)]
  0x000001ae953d91c0 JavaThread "ForkJoinPool.commonPool-worker-2" daemon [_thread_blocked, id=16176, stack(0x0000004f45600000,0x0000004f45700000)]
  0x000001ae953d8350 JavaThread "ForkJoinPool.commonPool-worker-3" daemon [_thread_blocked, id=11076, stack(0x0000004f45700000,0x0000004f45800000)]
  0x000001ae953d7010 JavaThread "ForkJoinPool.commonPool-worker-4" daemon [_thread_blocked, id=19832, stack(0x0000004f45800000,0x0000004f45900000)]
  0x000001ae953d2cb0 JavaThread "ForkJoinPool.commonPool-worker-5" daemon [_thread_blocked, id=9864, stack(0x0000004f45900000,0x0000004f45a00000)]
  0x000001ae953d8820 JavaThread "ForkJoinPool.commonPool-worker-6" daemon [_thread_blocked, id=4500, stack(0x0000004f45a00000,0x0000004f45b00000)]
  0x000001ae953d8cf0 JavaThread "ForkJoinPool.commonPool-worker-7" daemon [_thread_blocked, id=14080, stack(0x0000004f45b00000,0x0000004f45c00000)]
  0x000001ae953d3650 JavaThread "ForkJoinPool.commonPool-worker-8" daemon [_thread_blocked, id=18380, stack(0x0000004f45c00000,0x0000004f45d00000)]
  0x000001ae953d6b40 JavaThread "ForkJoinPool.commonPool-worker-9" daemon [_thread_blocked, id=14936, stack(0x0000004f45d00000,0x0000004f45e00000)]
  0x000001ae953d7e80 JavaThread "ForkJoinPool.commonPool-worker-10" daemon [_thread_blocked, id=20300, stack(0x0000004f45e00000,0x0000004f45f00000)]
  0x000001ae953d1970 JavaThread "ForkJoinPool.commonPool-worker-11" daemon [_thread_blocked, id=14496, stack(0x0000004f45f00000,0x0000004f46000000)]
  0x000001ae953d1e40 JavaThread "Exec process" [_thread_blocked, id=14128, stack(0x0000004f46000000,0x0000004f46100000)]
  0x000001ae953d2310 JavaThread "Exec process Thread 2" [_thread_blocked, id=16624, stack(0x0000004f46100000,0x0000004f46200000)]
  0x000001ae953d4e60 JavaThread "Exec process Thread 3" [_thread_blocked, id=3276, stack(0x0000004f46200000,0x0000004f46300000)]
  0x000001ae9589d470 JavaThread "included builds" [_thread_blocked, id=15552, stack(0x0000004f4e000000,0x0000004f4e100000)]
  0x000001ae9589de10 JavaThread "Cache worker for Java compile cache (C:\Users\Mykal\.gradle\caches\7.5.1\javaCompile)" [_thread_blocked, id=17752, stack(0x0000004f4f100000,0x0000004f4f200000)]
  0x000001ae91e4dde0 JavaThread "C1 CompilerThread1" daemon [_thread_blocked, id=180, stack(0x0000004f3f400000,0x0000004f3f500000)]
  0x000001ae9589c130 JavaThread "Handler for socket connection from /127.0.0.1:54049 to /127.0.0.1:54065" [_thread_in_native, id=15140, stack(0x0000004f3f700000,0x0000004f3f800000)]
  0x000001ae9589e7b0 JavaThread "Cancel handler" [_thread_blocked, id=18220, stack(0x0000004f3f600000,0x0000004f3f700000)]
  0x000001ae9589c600 JavaThread "Asynchronous log dispatcher for DefaultDaemonConnection: socket connection from /127.0.0.1:54049 to /127.0.0.1:54065" [_thread_blocked, id=14360, stack(0x0000004f40700000,0x0000004f40800000)]
  0x000001ae9589cad0 JavaThread "Stdin handler" [_thread_blocked, id=18512, stack(0x0000004f40800000,0x0000004f40900000)]
  0x000001ae9589cfa0 JavaThread "Daemon client event forwarder" [_thread_blocked, id=13152, stack(0x0000004f40a00000,0x0000004f40b00000)]
  0x000001ae91e4f220 JavaThread "C2 CompilerThread1" daemon [_thread_blocked, id=19460, stack(0x0000004f40b00000,0x0000004f40c00000)]
  0x000001ae9589a920 JavaThread "Cache worker for checksums cache (C:\Users\Mykal\Downloads\forge-1.18.2-40.2.2-mdk\.gradle\7.5.1\checksums)" [_thread_blocked, id=11984, stack(0x0000004f40c00000,0x0000004f40d00000)]
  0x000001ae9589e2e0 JavaThread "Cache worker for cache directory md-rule (C:\Users\Mykal\.gradle\caches\7.5.1\md-rule)" [_thread_blocked, id=13380, stack(0x0000004f41200000,0x0000004f41300000)]
  0x000001ae9589ec80 JavaThread "Cache worker for file hash cache (C:\Users\Mykal\Downloads\forge-1.18.2-40.2.2-mdk\.gradle\7.5.1\fileHashes)" [_thread_blocked, id=15292, stack(0x0000004f41300000,0x0000004f41400000)]
  0x000001ae9589f150 JavaThread "Cache worker for cache directory md-supplier (C:\Users\Mykal\.gradle\caches\7.5.1\md-supplier)" [_thread_blocked, id=8480, stack(0x0000004f41500000,0x0000004f41600000)]
  0x000001ae958a0490 JavaThread "Cache worker for dependencies-accessors (C:\Users\Mykal\Downloads\forge-1.18.2-40.2.2-mdk\.gradle\7.5.1\dependencies-accessors)" [_thread_blocked, id=9956, stack(0x0000004f41600000,0x0000004f41700000)]
  0x000001ae9589b790 JavaThread "Cache worker for Build Output Cleanup Cache (C:\Users\Mykal\Downloads\forge-1.18.2-40.2.2-mdk\.gradle\buildOutputCleanup)" [_thread_blocked, id=20092, stack(0x0000004f41d00000,0x0000004f41e00000)]
  0x000001ae9589f620 JavaThread "Unconstrained build operations" [_thread_blocked, id=18440, stack(0x0000004f42200000,0x0000004f42300000)]
  0x000001ae9589faf0 JavaThread "Unconstrained build operations Thread 2" [_thread_blocked, id=14320, stack(0x0000004f42400000,0x0000004f42500000)]
  0x000001ae9589b2c0 JavaThread "Unconstrained build operations Thread 3" [_thread_blocked, id=2012, stack(0x0000004f42500000,0x0000004f42600000)]
  0x000001ae9589ffc0 JavaThread "Unconstrained build operations Thread 4" [_thread_blocked, id=14412, stack(0x0000004f42600000,0x0000004f42700000)]
  0x000001ae958a1300 JavaThread "Unconstrained build operations Thread 5" [_thread_blocked, id=13164, stack(0x0000004f42700000,0x0000004f42800000)]
  0x000001ae9589bc60 JavaThread "Unconstrained build operations Thread 6" [_thread_blocked, id=13336, stack(0x0000004f42800000,0x0000004f42900000)]
  0x000001ae958a17d0 JavaThread "Unconstrained build operations Thread 7" [_thread_blocked, id=14484, stack(0x0000004f42900000,0x0000004f42a00000)]
  0x000001ae958a1ca0 JavaThread "Unconstrained build operations Thread 8" [_thread_blocked, id=6356, stack(0x0000004f42a00000,0x0000004f42b00000)]
  0x000001ae9589a450 JavaThread "Unconstrained build operations Thread 9" [_thread_blocked, id=4264, stack(0x0000004f42b00000,0x0000004f42c00000)]
  0x000001ae958a2170 JavaThread "Unconstrained build operations Thread 10" [_thread_blocked, id=5952, stack(0x0000004f42c00000,0x0000004f42d00000)]
  0x000001ae958a2640 JavaThread "Unconstrained build operations Thread 11" [_thread_blocked, id=10148, stack(0x0000004f42d00000,0x0000004f42e00000)]
  0x000001ae9589adf0 JavaThread "Unconstrained build operations Thread 12" [_thread_blocked, id=14340, stack(0x0000004f42e00000,0x0000004f42f00000)]
  0x000001ae958a7ce0 JavaThread "Unconstrained build operations Thread 13" [_thread_blocked, id=16316, stack(0x0000004f42f00000,0x0000004f43000000)]
  0x000001ae958a81b0 JavaThread "Unconstrained build operations Thread 14" [_thread_blocked, id=15512, stack(0x0000004f43000000,0x0000004f43100000)]
  0x000001ae958a4cc0 JavaThread "Unconstrained build operations Thread 15" [_thread_blocked, id=20264, stack(0x0000004f43100000,0x0000004f43200000)]
  0x000001ae958a3e50 JavaThread "Unconstrained build operations Thread 16" [_thread_blocked, id=13728, stack(0x0000004f43200000,0x0000004f43300000)]
  0x000001ae958a47f0 JavaThread "Unconstrained build operations Thread 17" [_thread_blocked, id=2832, stack(0x0000004f43300000,0x0000004f43400000)]
  0x000001ae958a9e90 JavaThread "Unconstrained build operations Thread 18" [_thread_blocked, id=18140, stack(0x0000004f43400000,0x0000004f43500000)]
  0x000001ae958a8b50 JavaThread "Unconstrained build operations Thread 19" [_thread_blocked, id=15252, stack(0x0000004f43500000,0x0000004f43600000)]
  0x000001ae958a5660 JavaThread "Unconstrained build operations Thread 20" [_thread_blocked, id=16600, stack(0x0000004f43600000,0x0000004f43700000)]
  0x000001ae958a8680 JavaThread "Unconstrained build operations Thread 21" [_thread_blocked, id=15936, stack(0x0000004f43700000,0x0000004f43800000)]
  0x000001ae958a94f0 JavaThread "Unconstrained build operations Thread 22" [_thread_blocked, id=15424, stack(0x0000004f43800000,0x0000004f43900000)]
  0x000001ae958a4320 JavaThread "Unconstrained build operations Thread 23" [_thread_blocked, id=8144, stack(0x0000004f43900000,0x0000004f43a00000)]
  0x000001ae958a9020 JavaThread "Unconstrained build operations Thread 24" [_thread_blocked, id=14952, stack(0x0000004f43a00000,0x0000004f43b00000)]
  0x000001ae958a2b10 JavaThread "Unconstrained build operations Thread 25" [_thread_blocked, id=15016, stack(0x0000004f43b00000,0x0000004f43c00000)]
  0x000001ae958a5190 JavaThread "Unconstrained build operations Thread 26" [_thread_blocked, id=2424, stack(0x0000004f43c00000,0x0000004f43d00000)]
  0x000001ae958a99c0 JavaThread "Unconstrained build operations Thread 27" [_thread_blocked, id=20004, stack(0x0000004f43d00000,0x0000004f43e00000)]
  0x000001ae958a2fe0 JavaThread "Unconstrained build operations Thread 28" [_thread_blocked, id=1440, stack(0x0000004f43f00000,0x0000004f44000000)]
  0x000001ae958a34b0 JavaThread "Unconstrained build operations Thread 29" [_thread_blocked, id=16940, stack(0x0000004f44000000,0x0000004f44100000)]
  0x000001ae958a6000 JavaThread "Unconstrained build operations Thread 30" [_thread_blocked, id=20468, stack(0x0000004f44100000,0x0000004f44200000)]
  0x000001ae958a64d0 JavaThread "Unconstrained build operations Thread 31" [_thread_blocked, id=17160, stack(0x0000004f44200000,0x0000004f44300000)]
  0x000001ae958a3980 JavaThread "Unconstrained build operations Thread 32" [_thread_blocked, id=14564, stack(0x0000004f44300000,0x0000004f44400000)]
  0x000001ae90dc8750 JavaThread "Unconstrained build operations Thread 33" [_thread_blocked, id=19000, stack(0x0000004f44400000,0x0000004f44500000)]
  0x000001ae90dcadd0 JavaThread "Unconstrained build operations Thread 34" [_thread_blocked, id=17144, stack(0x0000004f44500000,0x0000004f44600000)]
  0x000001ae90dc9f60 JavaThread "Keep-Alive-Timer" daemon [_thread_blocked, id=10784, stack(0x0000004f44600000,0x0000004f44700000)]

Other Threads:
  0x000001ae89bb6dd0 VMThread "VM Thread" [stack: 0x0000004f3e500000,0x0000004f3e600000] [id=16736]
  0x000001ae89dadc50 WatcherThread [stack: 0x0000004f3f200000,0x0000004f3f300000] [id=19604]
  0x000001aee85f63c0 GCTaskThread "GC Thread#0" [stack: 0x0000004f3e000000,0x0000004f3e100000] [id=19116]
  0x000001ae8ebcf1b0 GCTaskThread "GC Thread#1" [stack: 0x0000004f3f800000,0x0000004f3f900000] [id=20048]
  0x000001ae8ebcf460 GCTaskThread "GC Thread#2" [stack: 0x0000004f3f900000,0x0000004f3fa00000] [id=15444]
  0x000001ae8ee7b870 GCTaskThread "GC Thread#3" [stack: 0x0000004f3fa00000,0x0000004f3fb00000] [id=14988]
  0x000001ae8f13e030 GCTaskThread "GC Thread#4" [stack: 0x0000004f3fb00000,0x0000004f3fc00000] [id=11820]
  0x000001ae8f13eb00 GCTaskThread "GC Thread#5" [stack: 0x0000004f3fc00000,0x0000004f3fd00000] [id=14768]
  0x000001ae8f0cdcd0 GCTaskThread "GC Thread#6" [stack: 0x0000004f3fd00000,0x0000004f3fe00000] [id=9656]
  0x000001ae8f0ce720 GCTaskThread "GC Thread#7" [stack: 0x0000004f3fe00000,0x0000004f3ff00000] [id=10012]
  0x000001ae8f0ce9d0 GCTaskThread "GC Thread#8" [stack: 0x0000004f3ff00000,0x0000004f40000000] [id=11008]
  0x000001ae8f0cf420 GCTaskThread "GC Thread#9" [stack: 0x0000004f40000000,0x0000004f40100000] [id=15108]
  0x000001ae8efe6380 GCTaskThread "GC Thread#10" [stack: 0x0000004f40100000,0x0000004f40200000] [id=16636]
  0x000001ae8efe6e40 GCTaskThread "GC Thread#11" [stack: 0x0000004f40200000,0x0000004f40300000] [id=19868]
  0x000001ae915afa20 GCTaskThread "GC Thread#12" [stack: 0x0000004f41700000,0x0000004f41800000] [id=968]
  0x000001aee8603a90 ConcurrentGCThread "G1 Main Marker" [stack: 0x0000004f3e100000,0x0000004f3e200000] [id=14968]
  0x000001aee8604b50 ConcurrentGCThread "G1 Conc#0" [stack: 0x0000004f3e200000,0x0000004f3e300000] [id=11084]
  0x000001ae915b0fa0 ConcurrentGCThread "G1 Conc#1" [stack: 0x0000004f41800000,0x0000004f41900000] [id=12228]
  0x000001ae915afcd0 ConcurrentGCThread "G1 Conc#2" [stack: 0x0000004f41900000,0x0000004f41a00000] [id=6548]
  0x000001ae89af81b0 ConcurrentGCThread "G1 Refine#0" [stack: 0x0000004f3e300000,0x0000004f3e400000] [id=16396]
  0x000001ae94b6c2b0 ConcurrentGCThread "G1 Refine#1" [stack: 0x0000004f50500000,0x0000004f50600000] [id=18656]
  0x000001ae94b6d9b0 ConcurrentGCThread "G1 Refine#2" [stack: 0x0000004f50600000,0x0000004f50700000] [id=14404]
  0x000001ae94b6a5f0 ConcurrentGCThread "G1 Refine#3" [stack: 0x0000004f50700000,0x0000004f50800000] [id=5944]
  0x000001ae94b6a8d0 ConcurrentGCThread "G1 Refine#4" [stack: 0x0000004f50800000,0x0000004f50900000] [id=19876]
  0x000001ae94b6b730 ConcurrentGCThread "G1 Refine#5" [stack: 0x0000004f50900000,0x0000004f50a00000] [id=6332]
  0x000001ae94b6ae90 ConcurrentGCThread "G1 Refine#6" [stack: 0x0000004f50a00000,0x0000004f50b00000] [id=14436]
  0x000001ae94b6c590 ConcurrentGCThread "G1 Refine#7" [stack: 0x0000004f50b00000,0x0000004f50c00000] [id=8956]
  0x000001ae94b6abb0 ConcurrentGCThread "G1 Refine#8" [stack: 0x0000004f50c00000,0x0000004f50d00000] [id=11176]
  0x000001ae89af8880 ConcurrentGCThread "G1 Service" [stack: 0x0000004f3e400000,0x0000004f3e500000] [id=17400]

Threads with active compile tasks:

VM state: not at safepoint (normal execution)

VM Mutex/Monitor currently owned by a thread: None

Heap address: 0x0000000740000000, size: 3072 MB, Compressed Oops mode: Zero based, Oop shift amount: 3

CDS archive(s) mapped at: [0x0000000800000000-0x0000000800bc0000-0x0000000800bc0000), size 12320768, SharedBaseAddress: 0x0000000800000000, ArchiveRelocationMode: 0.
Compressed class space mapped at: 0x0000000801000000-0x0000000841000000, reserved size: 1073741824
Narrow klass base: 0x0000000800000000, Narrow klass shift: 0, Narrow klass range: 0x100000000

GC Precious Log:
 CPUs: 16 total, 16 available
 Memory: 32697M
 Large Page Support: Disabled
 NUMA Support: Disabled
 Compressed Oops: Enabled (Zero based)
 Heap Region Size: 2M
 Heap Min Capacity: 8M
 Heap Initial Capacity: 512M
 Heap Max Capacity: 3G
 Pre-touch: Disabled
 Parallel Workers: 13
 Concurrent Workers: 3
 Concurrent Refinement Workers: 13
 Periodic GC: Disabled

Heap:
 garbage-first heap   total 317440K, used 103157K [0x0000000740000000, 0x0000000800000000)
  region size 2048K, 13 young (26624K), 4 survivors (8192K)
 Metaspace       used 72998K, committed 73728K, reserved 1114112K
  class space    used 9891K, committed 10240K, reserved 1048576K

Heap Regions: E=young(eden), S=young(survivor), O=old, HS=humongous(starts), HC=humongous(continues), CS=collection set, F=free, OA=open archive, CA=closed archive, TAMS=top-at-mark-start (previous, next)
|   0|0x0000000740000000, 0x00000007401df000, 0x0000000740200000| 93%| O|  |TAMS 0x00000007401df000, 0x00000007401df000| Untracked 
|   1|0x0000000740200000, 0x0000000740400000, 0x0000000740400000|100%| O|  |TAMS 0x0000000740400000, 0x0000000740400000| Untracked 
|   2|0x0000000740400000, 0x0000000740600000, 0x0000000740600000|100%|HS|  |TAMS 0x0000000740600000, 0x0000000740600000| Complete 
|   3|0x0000000740600000, 0x0000000740800000, 0x0000000740800000|100%|HC|  |TAMS 0x0000000740800000, 0x0000000740800000| Complete 
|   4|0x0000000740800000, 0x0000000740a00000, 0x0000000740a00000|100%| O|  |TAMS 0x0000000740a00000, 0x0000000740a00000| Untracked 
|   5|0x0000000740a00000, 0x0000000740c00000, 0x0000000740c00000|100%| O|  |TAMS 0x0000000740c00000, 0x0000000740c00000| Untracked 
|   6|0x0000000740c00000, 0x0000000740e00000, 0x0000000740e00000|100%| O|  |TAMS 0x0000000740e00000, 0x0000000740e00000| Untracked 
|   7|0x0000000740e00000, 0x0000000741000000, 0x0000000741000000|100%| O|  |TAMS 0x0000000741000000, 0x0000000741000000| Untracked 
|   8|0x0000000741000000, 0x0000000741200000, 0x0000000741200000|100%| O|  |TAMS 0x0000000741200000, 0x0000000741200000| Untracked 
|   9|0x0000000741200000, 0x0000000741400000, 0x0000000741400000|100%| O|  |TAMS 0x0000000741400000, 0x0000000741400000| Untracked 
|  10|0x0000000741400000, 0x0000000741600000, 0x0000000741600000|100%| O|  |TAMS 0x0000000741600000, 0x0000000741600000| Untracked 
|  11|0x0000000741600000, 0x0000000741800000, 0x0000000741800000|100%| O|  |TAMS 0x0000000741800000, 0x0000000741800000| Untracked 
|  12|0x0000000741800000, 0x0000000741a00000, 0x0000000741a00000|100%| O|  |TAMS 0x0000000741a00000, 0x0000000741a00000| Untracked 
|  13|0x0000000741a00000, 0x0000000741c00000, 0x0000000741c00000|100%|HS|  |TAMS 0x0000000741c00000, 0x0000000741c00000| Complete 
|  14|0x0000000741c00000, 0x0000000741e00000, 0x0000000741e00000|100%| O|  |TAMS 0x0000000741e00000, 0x0000000741e00000| Untracked 
|  15|0x0000000741e00000, 0x0000000742000000, 0x0000000742000000|100%| O|  |TAMS 0x0000000742000000, 0x0000000742000000| Untracked 
|  16|0x0000000742000000, 0x0000000742200000, 0x0000000742200000|100%| O|  |TAMS 0x0000000742200000, 0x0000000742200000| Untracked 
|  17|0x0000000742200000, 0x0000000742400000, 0x0000000742400000|100%| O|  |TAMS 0x0000000742400000, 0x0000000742400000| Untracked 
|  18|0x0000000742400000, 0x0000000742600000, 0x0000000742600000|100%| O|  |TAMS 0x0000000742600000, 0x0000000742600000| Untracked 
|  19|0x0000000742600000, 0x0000000742800000, 0x0000000742800000|100%| O|  |TAMS 0x0000000742800000, 0x0000000742800000| Untracked 
|  20|0x0000000742800000, 0x0000000742a00000, 0x0000000742a00000|100%| O|  |TAMS 0x0000000742944600, 0x0000000742944600| Untracked 
|  21|0x0000000742a00000, 0x0000000742c00000, 0x0000000742c00000|100%|HS|  |TAMS 0x0000000742a00000, 0x0000000742a00000| Complete 
|  22|0x0000000742c00000, 0x0000000742e00000, 0x0000000742e00000|100%| O|  |TAMS 0x0000000742c00000, 0x0000000742c00000| Untracked 
|  23|0x0000000742e00000, 0x0000000743000000, 0x0000000743000000|100%| O|  |TAMS 0x0000000742e00000, 0x0000000742e00000| Untracked 
|  24|0x0000000743000000, 0x0000000743200000, 0x0000000743200000|100%|HS|  |TAMS 0x0000000743000000, 0x0000000743000000| Complete 
|  25|0x0000000743200000, 0x0000000743400000, 0x0000000743400000|100%|HS|  |TAMS 0x0000000743200000, 0x0000000743200000| Complete 
|  26|0x0000000743400000, 0x0000000743400000, 0x0000000743600000|  0%| F|  |TAMS 0x0000000743400000, 0x0000000743400000| Untracked 
|  27|0x0000000743600000, 0x0000000743800000, 0x0000000743800000|100%| O|  |TAMS 0x0000000743600000, 0x0000000743600000| Untracked 
|  28|0x0000000743800000, 0x0000000743800000, 0x0000000743a00000|  0%| F|  |TAMS 0x0000000743800000, 0x0000000743800000| Untracked 
|  29|0x0000000743a00000, 0x0000000743c00000, 0x0000000743c00000|100%| O|  |TAMS 0x0000000743a00000, 0x0000000743a00000| Untracked 
|  30|0x0000000743c00000, 0x0000000743e00000, 0x0000000743e00000|100%| O|  |TAMS 0x0000000743c00000, 0x0000000743c00000| Untracked 
|  31|0x0000000743e00000, 0x0000000744000000, 0x0000000744000000|100%|HS|  |TAMS 0x0000000743e00000, 0x0000000743e00000| Complete 
|  32|0x0000000744000000, 0x0000000744200000, 0x0000000744200000|100%| O|  |TAMS 0x0000000744000000, 0x0000000744000000| Untracked 
|  33|0x0000000744200000, 0x0000000744400000, 0x0000000744400000|100%| O|  |TAMS 0x0000000744200000, 0x0000000744200000| Untracked 
|  34|0x0000000744400000, 0x0000000744600000, 0x0000000744600000|100%| O|  |TAMS 0x0000000744400000, 0x0000000744400000| Untracked 
|  35|0x0000000744600000, 0x0000000744800000, 0x0000000744800000|100%| O|  |TAMS 0x0000000744600000, 0x0000000744600000| Untracked 
|  36|0x0000000744800000, 0x0000000744a00000, 0x0000000744a00000|100%| O|  |TAMS 0x0000000744800000, 0x0000000744800000| Untracked 
|  37|0x0000000744a00000, 0x0000000744c00000, 0x0000000744c00000|100%| O|  |TAMS 0x0000000744a00000, 0x0000000744a00000| Untracked 
|  38|0x0000000744c00000, 0x0000000744e00000, 0x0000000744e00000|100%| O|  |TAMS 0x0000000744c00000, 0x0000000744c00000| Untracked 
|  39|0x0000000744e00000, 0x0000000744e35000, 0x0000000745000000| 10%| O|  |TAMS 0x0000000744e00000, 0x0000000744e00000| Untracked 
|  40|0x0000000745000000, 0x0000000745000000, 0x0000000745200000|  0%| F|  |TAMS 0x0000000745000000, 0x0000000745000000| Untracked 
|  41|0x0000000745200000, 0x0000000745200000, 0x0000000745400000|  0%| F|  |TAMS 0x0000000745200000, 0x0000000745200000| Untracked 
|  42|0x0000000745400000, 0x0000000745400000, 0x0000000745600000|  0%| F|  |TAMS 0x0000000745400000, 0x0000000745400000| Untracked 
|  43|0x0000000745600000, 0x0000000745600000, 0x0000000745800000|  0%| F|  |TAMS 0x0000000745600000, 0x0000000745600000| Untracked 
|  44|0x0000000745800000, 0x0000000745800000, 0x0000000745a00000|  0%| F|  |TAMS 0x0000000745800000, 0x0000000745800000| Untracked 
|  45|0x0000000745a00000, 0x0000000745a00000, 0x0000000745c00000|  0%| F|  |TAMS 0x0000000745a00000, 0x0000000745a00000| Untracked 
|  46|0x0000000745c00000, 0x0000000745c00000, 0x0000000745e00000|  0%| F|  |TAMS 0x0000000745c00000, 0x0000000745c00000| Untracked 
|  47|0x0000000745e00000, 0x0000000745e00000, 0x0000000746000000|  0%| F|  |TAMS 0x0000000745e00000, 0x0000000745e00000| Untracked 
|  48|0x0000000746000000, 0x0000000746000000, 0x0000000746200000|  0%| F|  |TAMS 0x0000000746000000, 0x0000000746000000| Untracked 
|  49|0x0000000746200000, 0x0000000746200000, 0x0000000746400000|  0%| F|  |TAMS 0x0000000746200000, 0x0000000746200000| Untracked 
|  50|0x0000000746400000, 0x0000000746400000, 0x0000000746600000|  0%| F|  |TAMS 0x0000000746400000, 0x0000000746400000| Untracked 
|  51|0x0000000746600000, 0x0000000746600000, 0x0000000746800000|  0%| F|  |TAMS 0x0000000746600000, 0x0000000746600000| Untracked 
|  52|0x0000000746800000, 0x0000000746800000, 0x0000000746a00000|  0%| F|  |TAMS 0x0000000746800000, 0x0000000746800000| Untracked 
|  53|0x0000000746a00000, 0x0000000746a00000, 0x0000000746c00000|  0%| F|  |TAMS 0x0000000746a00000, 0x0000000746a00000| Untracked 
|  54|0x0000000746c00000, 0x0000000746c00000, 0x0000000746e00000|  0%| F|  |TAMS 0x0000000746c00000, 0x0000000746c00000| Untracked 
|  55|0x0000000746e00000, 0x0000000746e00000, 0x0000000747000000|  0%| F|  |TAMS 0x0000000746e00000, 0x0000000746e00000| Untracked 
|  56|0x0000000747000000, 0x0000000747000000, 0x0000000747200000|  0%| F|  |TAMS 0x0000000747000000, 0x0000000747000000| Untracked 
|  57|0x0000000747200000, 0x0000000747200000, 0x0000000747400000|  0%| F|  |TAMS 0x0000000747200000, 0x0000000747200000| Untracked 
|  58|0x0000000747400000, 0x0000000747400000, 0x0000000747600000|  0%| F|  |TAMS 0x0000000747400000, 0x0000000747400000| Untracked 
|  59|0x0000000747600000, 0x0000000747600000, 0x0000000747800000|  0%| F|  |TAMS 0x0000000747600000, 0x0000000747600000| Untracked 
|  60|0x0000000747800000, 0x0000000747800000, 0x0000000747a00000|  0%| F|  |TAMS 0x0000000747800000, 0x0000000747800000| Untracked 
|  61|0x0000000747a00000, 0x0000000747a00000, 0x0000000747c00000|  0%| F|  |TAMS 0x0000000747a00000, 0x0000000747a00000| Untracked 
|  62|0x0000000747c00000, 0x0000000747c00000, 0x0000000747e00000|  0%| F|  |TAMS 0x0000000747c00000, 0x0000000747c00000| Untracked 
|  63|0x0000000747e00000, 0x0000000747e00000, 0x0000000748000000|  0%| F|  |TAMS 0x0000000747e00000, 0x0000000747e00000| Untracked 
|  64|0x0000000748000000, 0x0000000748000000, 0x0000000748200000|  0%| F|  |TAMS 0x0000000748000000, 0x0000000748000000| Untracked 
|  65|0x0000000748200000, 0x0000000748200000, 0x0000000748400000|  0%| F|  |TAMS 0x0000000748200000, 0x0000000748200000| Untracked 
|  66|0x0000000748400000, 0x0000000748400000, 0x0000000748600000|  0%| F|  |TAMS 0x0000000748400000, 0x0000000748400000| Untracked 
|  67|0x0000000748600000, 0x0000000748600000, 0x0000000748800000|  0%| F|  |TAMS 0x0000000748600000, 0x0000000748600000| Untracked 
|  68|0x0000000748800000, 0x0000000748800000, 0x0000000748a00000|  0%| F|  |TAMS 0x0000000748800000, 0x0000000748800000| Untracked 
|  69|0x0000000748a00000, 0x0000000748a00000, 0x0000000748c00000|  0%| F|  |TAMS 0x0000000748a00000, 0x0000000748a00000| Untracked 
|  70|0x0000000748c00000, 0x0000000748c00000, 0x0000000748e00000|  0%| F|  |TAMS 0x0000000748c00000, 0x0000000748c00000| Untracked 
|  71|0x0000000748e00000, 0x0000000748e00000, 0x0000000749000000|  0%| F|  |TAMS 0x0000000748e00000, 0x0000000748e00000| Untracked 
|  72|0x0000000749000000, 0x0000000749000000, 0x0000000749200000|  0%| F|  |TAMS 0x0000000749000000, 0x0000000749000000| Untracked 
|  73|0x0000000749200000, 0x0000000749200000, 0x0000000749400000|  0%| F|  |TAMS 0x0000000749200000, 0x0000000749200000| Untracked 
|  74|0x0000000749400000, 0x0000000749400000, 0x0000000749600000|  0%| F|  |TAMS 0x0000000749400000, 0x0000000749400000| Untracked 
|  75|0x0000000749600000, 0x0000000749600000, 0x0000000749800000|  0%| F|  |TAMS 0x0000000749600000, 0x0000000749600000| Untracked 
|  76|0x0000000749800000, 0x0000000749800000, 0x0000000749a00000|  0%| F|  |TAMS 0x0000000749800000, 0x0000000749800000| Untracked 
|  77|0x0000000749a00000, 0x0000000749a00000, 0x0000000749c00000|  0%| F|  |TAMS 0x0000000749a00000, 0x0000000749a00000| Untracked 
|  78|0x0000000749c00000, 0x0000000749c00000, 0x0000000749e00000|  0%| F|  |TAMS 0x0000000749c00000, 0x0000000749c00000| Untracked 
|  79|0x0000000749e00000, 0x0000000749e00000, 0x000000074a000000|  0%| F|  |TAMS 0x0000000749e00000, 0x0000000749e00000| Untracked 
|  80|0x000000074a000000, 0x000000074a0a9428, 0x000000074a200000| 33%| S|CS|TAMS 0x000000074a000000, 0x000000074a000000| Complete 
|  81|0x000000074a200000, 0x000000074a400000, 0x000000074a400000|100%| S|CS|TAMS 0x000000074a200000, 0x000000074a200000| Complete 
|  82|0x000000074a400000, 0x000000074a600000, 0x000000074a600000|100%| S|CS|TAMS 0x000000074a400000, 0x000000074a400000| Complete 
|  83|0x000000074a600000, 0x000000074a800000, 0x000000074a800000|100%| S|CS|TAMS 0x000000074a600000, 0x000000074a600000| Complete 
|  84|0x000000074a800000, 0x000000074a800000, 0x000000074aa00000|  0%| F|  |TAMS 0x000000074a800000, 0x000000074a800000| Untracked 
|  85|0x000000074aa00000, 0x000000074aa00000, 0x000000074ac00000|  0%| F|  |TAMS 0x000000074aa00000, 0x000000074aa00000| Untracked 
|  86|0x000000074ac00000, 0x000000074ac00000, 0x000000074ae00000|  0%| F|  |TAMS 0x000000074ac00000, 0x000000074ac00000| Untracked 
|  87|0x000000074ae00000, 0x000000074ae00000, 0x000000074b000000|  0%| F|  |TAMS 0x000000074ae00000, 0x000000074ae00000| Untracked 
|  88|0x000000074b000000, 0x000000074b000000, 0x000000074b200000|  0%| F|  |TAMS 0x000000074b000000, 0x000000074b000000| Untracked 
|  89|0x000000074b200000, 0x000000074b200000, 0x000000074b400000|  0%| F|  |TAMS 0x000000074b200000, 0x000000074b200000| Untracked 
|  90|0x000000074b400000, 0x000000074b400000, 0x000000074b600000|  0%| F|  |TAMS 0x000000074b400000, 0x000000074b400000| Untracked 
|  91|0x000000074b600000, 0x000000074b600000, 0x000000074b800000|  0%| F|  |TAMS 0x000000074b600000, 0x000000074b600000| Untracked 
|  92|0x000000074b800000, 0x000000074b800000, 0x000000074ba00000|  0%| F|  |TAMS 0x000000074b800000, 0x000000074b800000| Untracked 
|  93|0x000000074ba00000, 0x000000074ba00000, 0x000000074bc00000|  0%| F|  |TAMS 0x000000074ba00000, 0x000000074ba00000| Untracked 
|  94|0x000000074bc00000, 0x000000074bc00000, 0x000000074be00000|  0%| F|  |TAMS 0x000000074bc00000, 0x000000074bc00000| Untracked 
|  95|0x000000074be00000, 0x000000074be00000, 0x000000074c000000|  0%| F|  |TAMS 0x000000074be00000, 0x000000074be00000| Untracked 
|  96|0x000000074c000000, 0x000000074c000000, 0x000000074c200000|  0%| F|  |TAMS 0x000000074c000000, 0x000000074c000000| Untracked 
|  97|0x000000074c200000, 0x000000074c200000, 0x000000074c400000|  0%| F|  |TAMS 0x000000074c200000, 0x000000074c200000| Untracked 
|  98|0x000000074c400000, 0x000000074c400000, 0x000000074c600000|  0%| F|  |TAMS 0x000000074c400000, 0x000000074c400000| Untracked 
|  99|0x000000074c600000, 0x000000074c600000, 0x000000074c800000|  0%| F|  |TAMS 0x000000074c600000, 0x000000074c600000| Untracked 
| 100|0x000000074c800000, 0x000000074c800000, 0x000000074ca00000|  0%| F|  |TAMS 0x000000074c800000, 0x000000074c800000| Untracked 
| 101|0x000000074ca00000, 0x000000074ca00000, 0x000000074cc00000|  0%| F|  |TAMS 0x000000074ca00000, 0x000000074ca00000| Untracked 
| 102|0x000000074cc00000, 0x000000074cc00000, 0x000000074ce00000|  0%| F|  |TAMS 0x000000074cc00000, 0x000000074cc00000| Untracked 
| 103|0x000000074ce00000, 0x000000074ce00000, 0x000000074d000000|  0%| F|  |TAMS 0x000000074ce00000, 0x000000074ce00000| Untracked 
| 104|0x000000074d000000, 0x000000074d000000, 0x000000074d200000|  0%| F|  |TAMS 0x000000074d000000, 0x000000074d000000| Untracked 
| 105|0x000000074d200000, 0x000000074d200000, 0x000000074d400000|  0%| F|  |TAMS 0x000000074d200000, 0x000000074d200000| Untracked 
| 106|0x000000074d400000, 0x000000074d400000, 0x000000074d600000|  0%| F|  |TAMS 0x000000074d400000, 0x000000074d400000| Untracked 
| 107|0x000000074d600000, 0x000000074d600000, 0x000000074d800000|  0%| F|  |TAMS 0x000000074d600000, 0x000000074d600000| Untracked 
| 108|0x000000074d800000, 0x000000074d800000, 0x000000074da00000|  0%| F|  |TAMS 0x000000074d800000, 0x000000074d800000| Untracked 
| 109|0x000000074da00000, 0x000000074da00000, 0x000000074dc00000|  0%| F|  |TAMS 0x000000074da00000, 0x000000074da00000| Untracked 
| 110|0x000000074dc00000, 0x000000074dc00000, 0x000000074de00000|  0%| F|  |TAMS 0x000000074dc00000, 0x000000074dc00000| Untracked 
| 111|0x000000074de00000, 0x000000074de00000, 0x000000074e000000|  0%| F|  |TAMS 0x000000074de00000, 0x000000074de00000| Untracked 
| 112|0x000000074e000000, 0x000000074e000000, 0x000000074e200000|  0%| F|  |TAMS 0x000000074e000000, 0x000000074e000000| Untracked 
| 113|0x000000074e200000, 0x000000074e200000, 0x000000074e400000|  0%| F|  |TAMS 0x000000074e200000, 0x000000074e200000| Untracked 
| 114|0x000000074e400000, 0x000000074e400000, 0x000000074e600000|  0%| F|  |TAMS 0x000000074e400000, 0x000000074e400000| Untracked 
| 115|0x000000074e600000, 0x000000074e600000, 0x000000074e800000|  0%| F|  |TAMS 0x000000074e600000, 0x000000074e600000| Untracked 
| 116|0x000000074e800000, 0x000000074e800000, 0x000000074ea00000|  0%| F|  |TAMS 0x000000074e800000, 0x000000074e800000| Untracked 
| 117|0x000000074ea00000, 0x000000074ea00000, 0x000000074ec00000|  0%| F|  |TAMS 0x000000074ea00000, 0x000000074ea00000| Untracked 
| 118|0x000000074ec00000, 0x000000074ec00000, 0x000000074ee00000|  0%| F|  |TAMS 0x000000074ec00000, 0x000000074ec00000| Untracked 
| 119|0x000000074ee00000, 0x000000074ee00000, 0x000000074f000000|  0%| F|  |TAMS 0x000000074ee00000, 0x000000074ee00000| Untracked 
| 120|0x000000074f000000, 0x000000074f000000, 0x000000074f200000|  0%| F|  |TAMS 0x000000074f000000, 0x000000074f000000| Untracked 
| 121|0x000000074f200000, 0x000000074f200000, 0x000000074f400000|  0%| F|  |TAMS 0x000000074f200000, 0x000000074f200000| Untracked 
| 122|0x000000074f400000, 0x000000074f400000, 0x000000074f600000|  0%| F|  |TAMS 0x000000074f400000, 0x000000074f400000| Untracked 
| 123|0x000000074f600000, 0x000000074f600000, 0x000000074f800000|  0%| F|  |TAMS 0x000000074f600000, 0x000000074f600000| Untracked 
| 124|0x000000074f800000, 0x000000074f800000, 0x000000074fa00000|  0%| F|  |TAMS 0x000000074f800000, 0x000000074f800000| Untracked 
| 125|0x000000074fa00000, 0x000000074fa00000, 0x000000074fc00000|  0%| F|  |TAMS 0x000000074fa00000, 0x000000074fa00000| Untracked 
| 126|0x000000074fc00000, 0x000000074fc00000, 0x000000074fe00000|  0%| F|  |TAMS 0x000000074fc00000, 0x000000074fc00000| Untracked 
| 127|0x000000074fe00000, 0x000000074fe00000, 0x0000000750000000|  0%| F|  |TAMS 0x000000074fe00000, 0x000000074fe00000| Untracked 
| 128|0x0000000750000000, 0x0000000750000000, 0x0000000750200000|  0%| F|  |TAMS 0x0000000750000000, 0x0000000750000000| Untracked 
| 129|0x0000000750200000, 0x0000000750200000, 0x0000000750400000|  0%| F|  |TAMS 0x0000000750200000, 0x0000000750200000| Untracked 
| 130|0x0000000750400000, 0x0000000750400000, 0x0000000750600000|  0%| F|  |TAMS 0x0000000750400000, 0x0000000750400000| Untracked 
| 131|0x0000000750600000, 0x0000000750600000, 0x0000000750800000|  0%| F|  |TAMS 0x0000000750600000, 0x0000000750600000| Untracked 
| 132|0x0000000750800000, 0x0000000750800000, 0x0000000750a00000|  0%| F|  |TAMS 0x0000000750800000, 0x0000000750800000| Untracked 
| 133|0x0000000750a00000, 0x0000000750a00000, 0x0000000750c00000|  0%| F|  |TAMS 0x0000000750a00000, 0x0000000750a00000| Untracked 
| 134|0x0000000750c00000, 0x0000000750c00000, 0x0000000750e00000|  0%| F|  |TAMS 0x0000000750c00000, 0x0000000750c00000| Untracked 
| 135|0x0000000750e00000, 0x0000000750e00000, 0x0000000751000000|  0%| F|  |TAMS 0x0000000750e00000, 0x0000000750e00000| Untracked 
| 136|0x0000000751000000, 0x0000000751000000, 0x0000000751200000|  0%| F|  |TAMS 0x0000000751000000, 0x0000000751000000| Untracked 
| 137|0x0000000751200000, 0x0000000751200000, 0x0000000751400000|  0%| F|  |TAMS 0x0000000751200000, 0x0000000751200000| Untracked 
| 138|0x0000000751400000, 0x0000000751400000, 0x0000000751600000|  0%| F|  |TAMS 0x0000000751400000, 0x0000000751400000| Untracked 
| 139|0x0000000751600000, 0x0000000751600000, 0x0000000751800000|  0%| F|  |TAMS 0x0000000751600000, 0x0000000751600000| Untracked 
| 140|0x0000000751800000, 0x0000000751800000, 0x0000000751a00000|  0%| F|  |TAMS 0x0000000751800000, 0x0000000751800000| Untracked 
| 141|0x0000000751a00000, 0x0000000751a00000, 0x0000000751c00000|  0%| F|  |TAMS 0x0000000751a00000, 0x0000000751a00000| Untracked 
| 142|0x0000000751c00000, 0x0000000751c00000, 0x0000000751e00000|  0%| F|  |TAMS 0x0000000751c00000, 0x0000000751c00000| Untracked 
| 143|0x0000000751e00000, 0x0000000751e00000, 0x0000000752000000|  0%| F|  |TAMS 0x0000000751e00000, 0x0000000751e00000| Untracked 
| 144|0x0000000752000000, 0x00000007520f57d0, 0x0000000752200000| 47%| E|  |TAMS 0x0000000752000000, 0x0000000752000000| Complete 
| 145|0x0000000752200000, 0x0000000752400000, 0x0000000752400000|100%| E|CS|TAMS 0x0000000752200000, 0x0000000752200000| Complete 
| 191|0x0000000757e00000, 0x0000000758000000, 0x0000000758000000|100%| E|CS|TAMS 0x0000000757e00000, 0x0000000757e00000| Complete 
| 192|0x0000000758000000, 0x0000000758200000, 0x0000000758200000|100%| E|CS|TAMS 0x0000000758000000, 0x0000000758000000| Complete 
| 193|0x0000000758200000, 0x0000000758400000, 0x0000000758400000|100%| E|CS|TAMS 0x0000000758200000, 0x0000000758200000| Complete 
| 194|0x0000000758400000, 0x0000000758600000, 0x0000000758600000|100%| E|CS|TAMS 0x0000000758400000, 0x0000000758400000| Complete 
| 195|0x0000000758600000, 0x0000000758800000, 0x0000000758800000|100%| E|CS|TAMS 0x0000000758600000, 0x0000000758600000| Complete 
| 196|0x0000000758800000, 0x0000000758a00000, 0x0000000758a00000|100%| E|CS|TAMS 0x0000000758800000, 0x0000000758800000| Complete 
| 255|0x000000075fe00000, 0x0000000760000000, 0x0000000760000000|100%| E|CS|TAMS 0x000000075fe00000, 0x000000075fe00000| Complete 
|1534|0x00000007ffc00000, 0x00000007ffe00000, 0x00000007ffe00000|100%| O|  |TAMS 0x00000007ffe00000, 0x00000007ffe00000| Untracked 
|1535|0x00000007ffe00000, 0x0000000800000000, 0x0000000800000000|100%| O|  |TAMS 0x0000000800000000, 0x0000000800000000| Untracked 

Card table byte_map: [0x000001ae80000000,0x000001ae80600000] _byte_map_base: 0x000001ae7c600000

Marking Bits (Prev, Next): (CMBitMap*) 0x000001aee85f6920, (CMBitMap*) 0x000001aee85f68e0
 Prev Bits: [0x000001ae83c00000, 0x000001ae86c00000)
 Next Bits: [0x000001ae80c00000, 0x000001ae83c00000)

Polling page: 0x000001aee6720000

Metaspace:

Usage:
  Non-class:     61.63 MB used.
      Class:      9.66 MB used.
       Both:     71.29 MB used.

Virtual space:
  Non-class space:       64.00 MB reserved,      62.00 MB ( 97%) committed,  1 nodes.
      Class space:        1.00 GB reserved,      10.00 MB ( <1%) committed,  1 nodes.
             Both:        1.06 GB reserved,      72.00 MB (  7%) committed. 

Chunk freelists:
   Non-Class:  1.77 MB
       Class:  5.86 MB
        Both:  7.62 MB

MaxMetaspaceSize: unlimited
CompressedClassSpaceSize: 1.00 GB
Initial GC threshold: 21.00 MB
Current GC threshold: 89.50 MB
CDS: on
MetaspaceReclaimPolicy: balanced
 - commit_granule_bytes: 65536.
 - commit_granule_words: 8192.
 - virtual_space_node_default_size: 8388608.
 - enlarge_chunks_in_place: 1.
 - new_chunks_are_fully_committed: 0.
 - uncommit_free_chunks: 1.
 - use_allocation_guard: 0.
 - handle_deallocations: 1.


Internal statistics:

num_allocs_failed_limit: 6.
num_arena_births: 800.
num_arena_deaths: 0.
num_vsnodes_births: 2.
num_vsnodes_deaths: 0.
num_space_committed: 1152.
num_space_uncommitted: 0.
num_chunks_returned_to_freelist: 6.
num_chunks_taken_from_freelist: 3554.
num_chunk_merges: 6.
num_chunk_splits: 2273.
num_chunks_enlarged: 1459.
num_inconsistent_stats: 0.

CodeHeap 'non-profiled nmethods': size=119168Kb used=7881Kb max_used=7881Kb free=111286Kb
 bounds [0x000001aef7c30000, 0x000001aef83f0000, 0x000001aeff090000]
CodeHeap 'profiled nmethods': size=119104Kb used=21761Kb max_used=21761Kb free=97342Kb
 bounds [0x000001aef0090000, 0x000001aef15e0000, 0x000001aef74e0000]
CodeHeap 'non-nmethods': size=7488Kb used=2963Kb max_used=4188Kb free=4525Kb
 bounds [0x000001aef74e0000, 0x000001aef7910000, 0x000001aef7c30000]
 total_blobs=11716 nmethods=10787 adapters=840
 compilation: enabled
              stopped_count=0, restarted_count=0
 full_count=0

Compilation events (20 events):
Event: 41.920 Thread 0x000001ae91e4dde0 nmethod 12302 0x000001aef15cc310 code [0x000001aef15cc5a0, 0x000001aef15cd208]
Event: 41.920 Thread 0x000001ae89c64540 nmethod 12304 0x000001aef15cd690 code [0x000001aef15cd880, 0x000001aef15cdd28]
Event: 41.921 Thread 0x000001ae89c64540 12305       1       sun.security.util.math.intpoly.IntegerPolynomial$Element::getField (5 bytes)
Event: 41.921 Thread 0x000001ae89c64540 nmethod 12305 0x000001aef83e0910 code [0x000001aef83e0aa0, 0x000001aef83e0b78]
Event: 41.922 Thread 0x000001ae89c64540 12306       3       java.math.MutableBigInteger::divWord (108 bytes)
Event: 41.922 Thread 0x000001ae89c64540 nmethod 12306 0x000001aef15ce090 code [0x000001aef15ce240, 0x000001aef15ce5b8]
Event: 42.024 Thread 0x000001ae91e4f220 12307 %     4       com.sun.crypto.provider.GHASH::blockMult @ 121 (245 bytes)
Event: 42.024 Thread 0x000001ae89bdd9a0 12308       4       java.lang.String::equalsIgnoreCase (45 bytes)
Event: 42.026 Thread 0x000001ae89c64540 12309       3       org.gradle.api.internal.DefaultNamedDomainObjectCollection$AbstractDomainObjectCreatingProvider::getName (5 bytes)
Event: 42.026 Thread 0x000001ae89c64540 nmethod 12309 0x000001aef15ce710 code [0x000001aef15ce8a0, 0x000001aef15ce9b8]
Event: 42.026 Thread 0x000001ae89c64540 12310       3       org.gradle.api.artifacts.Configuration$Namer::determineName (9 bytes)
Event: 42.026 Thread 0x000001ae91e4dde0 12311       3       org.gradle.api.artifacts.Configuration$Namer::determineName (7 bytes)
Event: 42.027 Thread 0x000001ae91e4dde0 nmethod 12311 0x000001aef15cea90 code [0x000001aef15cec40, 0x000001aef15cee08]
Event: 42.027 Thread 0x000001ae89c64540 nmethod 12310 0x000001aef15cef10 code [0x000001aef15cf0c0, 0x000001aef15cf408]
Event: 42.027 Thread 0x000001ae89c64540 12312       3       org.gradle.api.internal.DefaultDomainObjectCollection::<init> (16 bytes)
Event: 42.027 Thread 0x000001ae91e4dde0 12313       3       org.gradle.api.internal.collections.DefaultCollectionEventRegister::<init> (29 bytes)
Event: 42.027 Thread 0x000001ae91e4dde0 nmethod 12313 0x000001aef15cf510 code [0x000001aef15cf6e0, 0x000001aef15cfb78]
Event: 42.027 Thread 0x000001ae89c64540 nmethod 12312 0x000001aef15cfd10 code [0x000001aef15cff00, 0x000001aef15d04a8]
Event: 42.028 Thread 0x000001ae91e4f220 nmethod 12307% 0x000001aef83e0c10 code [0x000001aef83e0da0, 0x000001aef83e1198]
Event: 42.028 Thread 0x000001ae91e4f220 12314       4       com.google.common.collect.Maps::newLinkedHashMap (8 bytes)

GC Heap History (20 events):
Event: 6.971 GC heap before
{Heap before GC invocations=13 (full 0):
 garbage-first heap   total 88064K, used 67677K [0x0000000740000000, 0x0000000800000000)
  region size 2048K, 14 young (28672K), 2 survivors (4096K)
 Metaspace       used 52961K, committed 53504K, reserved 1114112K
  class space    used 7243K, committed 7488K, reserved 1048576K
}
Event: 6.977 GC heap after
{Heap after GC invocations=14 (full 0):
 garbage-first heap   total 88064K, used 46327K [0x0000000740000000, 0x0000000800000000)
  region size 2048K, 2 young (4096K), 2 survivors (4096K)
 Metaspace       used 52961K, committed 53504K, reserved 1114112K
  class space    used 7243K, committed 7488K, reserved 1048576K
}
Event: 7.275 GC heap before
{Heap before GC invocations=15 (full 0):
 garbage-first heap   total 88064K, used 64759K [0x0000000740000000, 0x0000000800000000)
  region size 2048K, 12 young (24576K), 2 survivors (4096K)
 Metaspace       used 54262K, committed 54848K, reserved 1114112K
  class space    used 7456K, committed 7744K, reserved 1048576K
}
Event: 7.279 GC heap after
{Heap after GC invocations=16 (full 0):
 garbage-first heap   total 88064K, used 47696K [0x0000000740000000, 0x0000000800000000)
  region size 2048K, 1 young (2048K), 1 survivors (2048K)
 Metaspace       used 54262K, committed 54848K, reserved 1114112K
  class space    used 7456K, committed 7744K, reserved 1048576K
}
Event: 7.343 GC heap before
{Heap before GC invocations=17 (full 0):
 garbage-first heap   total 92160K, used 51792K [0x0000000740000000, 0x0000000800000000)
  region size 2048K, 2 young (4096K), 1 survivors (2048K)
 Metaspace       used 54511K, committed 55104K, reserved 1114112K
  class space    used 7484K, committed 7744K, reserved 1048576K
}
Event: 7.345 GC heap after
{Heap after GC invocations=18 (full 0):
 garbage-first heap   total 92160K, used 47734K [0x0000000740000000, 0x0000000800000000)
  region size 2048K, 1 young (2048K), 1 survivors (2048K)
 Metaspace       used 54511K, committed 55104K, reserved 1114112K
  class space    used 7484K, committed 7744K, reserved 1048576K
}
Event: 8.189 GC heap before
{Heap before GC invocations=19 (full 0):
 garbage-first heap   total 102400K, used 76406K [0x0000000740000000, 0x0000000800000000)
  region size 2048K, 12 young (24576K), 1 survivors (2048K)
 Metaspace       used 56252K, committed 56768K, reserved 1114112K
  class space    used 7761K, committed 8000K, reserved 1048576K
}
Event: 8.194 GC heap after
{Heap after GC invocations=20 (full 0):
 garbage-first heap   total 313344K, used 49345K [0x0000000740000000, 0x0000000800000000)
  region size 2048K, 2 young (4096K), 2 survivors (4096K)
 Metaspace       used 56252K, committed 56768K, reserved 1114112K
  class space    used 7761K, committed 8000K, reserved 1048576K
}
Event: 8.758 GC heap before
{Heap before GC invocations=20 (full 0):
 garbage-first heap   total 313344K, used 182465K [0x0000000740000000, 0x0000000800000000)
  region size 2048K, 22 young (45056K), 2 survivors (4096K)
 Metaspace       used 58137K, committed 58752K, reserved 1114112K
  class space    used 7936K, committed 8256K, reserved 1048576K
}
Event: 8.762 GC heap after
{Heap after GC invocations=21 (full 0):
 garbage-first heap   total 313344K, used 58199K [0x0000000740000000, 0x0000000800000000)
  region size 2048K, 3 young (6144K), 3 survivors (6144K)
 Metaspace       used 58137K, committed 58752K, reserved 1114112K
  class space    used 7936K, committed 8256K, reserved 1048576K
}
Event: 9.207 GC heap before
{Heap before GC invocations=21 (full 0):
 garbage-first heap   total 313344K, used 285527K [0x0000000740000000, 0x0000000800000000)
  region size 2048K, 85 young (174080K), 3 survivors (6144K)
 Metaspace       used 58414K, committed 59008K, reserved 1114112K
  class space    used 7963K, committed 8256K, reserved 1048576K
}
Event: 9.209 GC heap after
{Heap after GC invocations=22 (full 0):
 garbage-first heap   total 313344K, used 54138K [0x0000000740000000, 0x0000000800000000)
  region size 2048K, 3 young (6144K), 3 survivors (6144K)
 Metaspace       used 58414K, committed 59008K, reserved 1114112K
  class space    used 7963K, committed 8256K, reserved 1048576K
}
Event: 9.454 GC heap before
{Heap before GC invocations=22 (full 0):
 garbage-first heap   total 313344K, used 293754K [0x0000000740000000, 0x0000000800000000)
  region size 2048K, 88 young (180224K), 3 survivors (6144K)
 Metaspace       used 58566K, committed 59136K, reserved 1114112K
  class space    used 7964K, committed 8256K, reserved 1048576K
}
Event: 9.460 GC heap after
{Heap after GC invocations=23 (full 0):
 garbage-first heap   total 317440K, used 69588K [0x0000000740000000, 0x0000000800000000)
  region size 2048K, 9 young (18432K), 9 survivors (18432K)
 Metaspace       used 58566K, committed 59136K, reserved 1114112K
  class space    used 7964K, committed 8256K, reserved 1048576K
}
Event: 9.729 GC heap before
{Heap before GC invocations=23 (full 0):
 garbage-first heap   total 317440K, used 255956K [0x0000000740000000, 0x0000000800000000)
  region size 2048K, 93 young (190464K), 9 survivors (18432K)
 Metaspace       used 58994K, committed 59584K, reserved 1114112K
  class space    used 7974K, committed 8256K, reserved 1048576K
}
Event: 9.732 GC heap after
{Heap after GC invocations=24 (full 0):
 garbage-first heap   total 317440K, used 53202K [0x0000000740000000, 0x0000000800000000)
  region size 2048K, 2 young (4096K), 2 survivors (4096K)
 Metaspace       used 58994K, committed 59584K, reserved 1114112K
  class space    used 7974K, committed 8256K, reserved 1048576K
}
Event: 11.455 GC heap before
{Heap before GC invocations=24 (full 0):
 garbage-first heap   total 317440K, used 255954K [0x0000000740000000, 0x0000000800000000)
  region size 2048K, 93 young (190464K), 2 survivors (4096K)
 Metaspace       used 69134K, committed 69696K, reserved 1114112K
  class space    used 9409K, committed 9664K, reserved 1048576K
}
Event: 11.473 GC heap after
{Heap after GC invocations=25 (full 0):
 garbage-first heap   total 317440K, used 94307K [0x0000000740000000, 0x0000000800000000)
  region size 2048K, 12 young (24576K), 12 survivors (24576K)
 Metaspace       used 69134K, committed 69696K, reserved 1114112K
  class space    used 9409K, committed 9664K, reserved 1048576K
}
Event: 38.909 GC heap before
{Heap before GC invocations=25 (full 0):
 garbage-first heap   total 317440K, used 235619K [0x0000000740000000, 0x0000000800000000)
  region size 2048K, 81 young (165888K), 12 survivors (24576K)
 Metaspace       used 72766K, committed 73408K, reserved 1114112K
  class space    used 9874K, committed 10176K, reserved 1048576K
}
Event: 38.920 GC heap after
{Heap after GC invocations=26 (full 0):
 garbage-first heap   total 317440K, used 86773K [0x0000000740000000, 0x0000000800000000)
  region size 2048K, 4 young (8192K), 4 survivors (8192K)
 Metaspace       used 72766K, committed 73408K, reserved 1114112K
  class space    used 9874K, committed 10176K, reserved 1048576K
}

Dll operation events (12 events):
Event: 0.007 Loaded shared library C:\Program Files\Eclipse Adoptium\jdk-17.0.7.7-hotspot\bin\java.dll
Event: 0.017 Loaded shared library C:\Program Files\Eclipse Adoptium\jdk-17.0.7.7-hotspot\bin\jsvml.dll
Event: 0.060 Loaded shared library C:\Program Files\Eclipse Adoptium\jdk-17.0.7.7-hotspot\bin\net.dll
Event: 0.062 Loaded shared library C:\Program Files\Eclipse Adoptium\jdk-17.0.7.7-hotspot\bin\nio.dll
Event: 0.067 Loaded shared library C:\Program Files\Eclipse Adoptium\jdk-17.0.7.7-hotspot\bin\zip.dll
Event: 0.269 Loaded shared library C:\Program Files\Eclipse Adoptium\jdk-17.0.7.7-hotspot\bin\jimage.dll
Event: 0.335 Loaded shared library C:\Program Files\Eclipse Adoptium\jdk-17.0.7.7-hotspot\bin\verify.dll
Event: 0.478 Loaded shared library C:\Users\Mykal\.gradle\native\e1d6ef7f7dcc3fd88c89a11ec53ec762bb8ba0a96d01ffa2cd45eb1d1d8dd5c5\windows-amd64\native-platform.dll
Event: 0.484 Loaded shared library C:\Users\Mykal\.gradle\native\0d407fdbe67a94daf76414ababcb853783967236a71b16ec16e742cd7a986fd3\windows-amd64\native-platform-file-events.dll
Event: 1.170 Loaded shared library C:\Program Files\Eclipse Adoptium\jdk-17.0.7.7-hotspot\bin\management.dll
Event: 1.173 Loaded shared library C:\Program Files\Eclipse Adoptium\jdk-17.0.7.7-hotspot\bin\management_ext.dll
Event: 1.554 Loaded shared library C:\Program Files\Eclipse Adoptium\jdk-17.0.7.7-hotspot\bin\sunmscapi.dll

Deoptimization events (20 events):
Event: 41.668 Thread 0x000001ae8f94b6e0 DEOPT PACKING pc=0x000001aef839da38 sp=0x0000004f409f9490
Event: 41.668 Thread 0x000001ae8f94b6e0 DEOPT UNPACKING pc=0x000001aef75369a3 sp=0x0000004f409f9448 mode 2
Event: 41.668 Thread 0x000001ae8f94b6e0 Uncommon trap: trap_request=0xffffffc6 fr.pc=0x000001aef839da38 relative=0x00000000000002b8
Event: 41.668 Thread 0x000001ae8f94b6e0 Uncommon trap: reason=bimorphic_or_optimized_type_check action=maybe_recompile pc=0x000001aef839da38 method=org.gradle.internal.snapshot.FileSystemLeafSnapshot.accept(Lorg/gradle/internal/snapshot/FileSystemSnapshotHierarchyVisitor;)Lorg/gradle/internal/s
Event: 41.668 Thread 0x000001ae8f94b6e0 DEOPT PACKING pc=0x000001aef839da38 sp=0x0000004f409f9490
Event: 41.668 Thread 0x000001ae8f94b6e0 DEOPT UNPACKING pc=0x000001aef75369a3 sp=0x0000004f409f9448 mode 2
Event: 41.668 Thread 0x000001ae8f94b6e0 Uncommon trap: trap_request=0xffffffc6 fr.pc=0x000001aef839da38 relative=0x00000000000002b8
Event: 41.668 Thread 0x000001ae8f94b6e0 Uncommon trap: reason=bimorphic_or_optimized_type_check action=maybe_recompile pc=0x000001aef839da38 method=org.gradle.internal.snapshot.FileSystemLeafSnapshot.accept(Lorg/gradle/internal/snapshot/FileSystemSnapshotHierarchyVisitor;)Lorg/gradle/internal/s
Event: 41.668 Thread 0x000001ae8f94b6e0 DEOPT PACKING pc=0x000001aef839da38 sp=0x0000004f409f9490
Event: 41.668 Thread 0x000001ae8f94b6e0 DEOPT UNPACKING pc=0x000001aef75369a3 sp=0x0000004f409f9448 mode 2
Event: 41.668 Thread 0x000001ae8f94b6e0 Uncommon trap: trap_request=0xffffffc6 fr.pc=0x000001aef839da38 relative=0x00000000000002b8
Event: 41.668 Thread 0x000001ae8f94b6e0 Uncommon trap: reason=bimorphic_or_optimized_type_check action=maybe_recompile pc=0x000001aef839da38 method=org.gradle.internal.snapshot.FileSystemLeafSnapshot.accept(Lorg/gradle/internal/snapshot/FileSystemSnapshotHierarchyVisitor;)Lorg/gradle/internal/s
Event: 41.668 Thread 0x000001ae8f94b6e0 DEOPT PACKING pc=0x000001aef839da38 sp=0x0000004f409f9490
Event: 41.668 Thread 0x000001ae8f94b6e0 DEOPT UNPACKING pc=0x000001aef75369a3 sp=0x0000004f409f9448 mode 2
Event: 41.668 Thread 0x000001ae8f94b6e0 Uncommon trap: trap_request=0xffffffd6 fr.pc=0x000001aef83c0410 relative=0x0000000000000c50
Event: 41.668 Thread 0x000001ae8f94b6e0 Uncommon trap: reason=array_check action=maybe_recompile pc=0x000001aef83c0410 method=com.google.common.collect.RegularImmutableMap.fromEntryArray(I[Ljava/util/Map$Entry;)Lcom/google/common/collect/ImmutableMap; @ 157 c2
Event: 41.668 Thread 0x000001ae8f94b6e0 DEOPT PACKING pc=0x000001aef83c0410 sp=0x0000004f409f9380
Event: 41.668 Thread 0x000001ae8f94b6e0 DEOPT UNPACKING pc=0x000001aef75369a3 sp=0x0000004f409f9320 mode 2
Event: 41.786 Thread 0x000001ae8f94b6e0 DEOPT PACKING pc=0x000001aef02c48c5 sp=0x0000004f409f7d70
Event: 41.786 Thread 0x000001ae8f94b6e0 DEOPT UNPACKING pc=0x000001aef7537143 sp=0x0000004f409f71f8 mode 0

Classes unloaded (0 events):
No events

Classes redefined (0 events):
No events

Internal exceptions (20 events):
Event: 12.228 Thread 0x000001ae9589b790 Exception <a 'sun/nio/fs/WindowsException'{0x000000074fc11010}> (0x000000074fc11010) 
thrown [s\src\hotspot\share\prims\jni.cpp, line 516]
Event: 12.263 Thread 0x000001ae9589b790 Exception <a 'sun/nio/fs/WindowsException'{0x000000074fce7718}> (0x000000074fce7718) 
thrown [s\src\hotspot\share\prims\jni.cpp, line 516]
Event: 12.358 Thread 0x000001ae9589b790 Implicit null exception at 0x000001aef7d9eadc to 0x000001aef7d9eb69
Event: 12.478 Thread 0x000001ae8fec5ea0 Exception <a 'java/lang/NoSuchMethodError'{0x000000074ee7b468}: static Lorg/gradle/internal/build/event/types/DefaultTaskFinishedProgressEvent;.<clinit>()V> (0x000000074ee7b468) 
thrown [s\src\hotspot\share\prims\jni.cpp, line 1107]
Event: 12.480 Thread 0x000001ae8fec5ea0 Exception <a 'java/lang/NoSuchMethodError'{0x000000074eeb6308}: static Lorg/gradle/internal/build/event/types/DefaultJavaCompileTaskSuccessResult;.<clinit>()V> (0x000000074eeb6308) 
thrown [s\src\hotspot\share\prims\jni.cpp, line 1107]
Event: 12.480 Thread 0x000001ae8fec5ea0 Exception <a 'java/lang/NoSuchMethodError'{0x000000074eeb7df0}: static Lorg/gradle/internal/build/event/types/DefaultTaskSuccessResult;.<clinit>()V> (0x000000074eeb7df0) 
thrown [s\src\hotspot\share\prims\jni.cpp, line 1107]
Event: 12.480 Thread 0x000001ae8fec5ea0 Exception <a 'java/lang/NoSuchMethodError'{0x000000074eeb92b0}: static Lorg/gradle/internal/build/event/types/AbstractTaskResult;.<clinit>()V> (0x000000074eeb92b0) 
thrown [s\src\hotspot\share\prims\jni.cpp, line 1107]
Event: 12.480 Thread 0x000001ae8fec5ea0 Exception <a 'java/lang/NoSuchMethodError'{0x000000074eebab28}: static Lorg/gradle/internal/build/event/types/AbstractResult;.<clinit>()V> (0x000000074eebab28) 
thrown [s\src\hotspot\share\prims\jni.cpp, line 1107]
Event: 12.483 Thread 0x000001ae8fec5ea0 Exception <a 'java/lang/NoSuchMethodError'{0x000000074eede800}: static [Ljava/lang/Object;.<clinit>()V> (0x000000074eede800) 
thrown [s\src\hotspot\share\prims\jni.cpp, line 1107]
Event: 12.691 Thread 0x000001ae958a0e30 Exception <a 'java/lang/NoSuchMethodError'{0x000000074edb5fd8}: 'void java.lang.invoke.DirectMethodHandle$Holder.invokeInterface(java.lang.Object, java.lang.Object, java.lang.Object, java.lang.Object)'> (0x000000074edb5fd8) 
thrown [s\src\hotspot\share\interpreter\linkResolver.cpp, line 759]
Event: 38.769 Thread 0x000001ae9589bc60 Exception <a 'java/lang/reflect/InvocationTargetException'{0x000000074c0645c0}> (0x000000074c0645c0) 
thrown [s\src\hotspot\share\runtime\reflection.cpp, line 1121]
Event: 38.780 Thread 0x000001ae8fec5ea0 Exception <a 'java/lang/NoSuchMethodError'{0x000000074be519e0}: static Lorg/gradle/internal/build/event/types/DefaultTaskFailureResult;.<clinit>()V> (0x000000074be519e0) 
thrown [s\src\hotspot\share\prims\jni.cpp, line 1107]
Event: 38.781 Thread 0x000001ae8fec5ea0 Exception <a 'java/lang/NoSuchMethodError'{0x000000074be706e8}: static Lorg/gradle/internal/build/event/types/DefaultFailure;.<clinit>()V> (0x000000074be706e8) 
thrown [s\src\hotspot\share\prims\jni.cpp, line 1107]
Event: 38.932 Thread 0x000001ae90179c10 Exception <a 'java/lang/NoSuchMethodError'{0x000000075fe33470}: static Lorg/gradle/tooling/internal/provider/serialization/ClassLoaderDetails;.<clinit>()V> (0x000000075fe33470) 
thrown [s\src\hotspot\share\prims\jni.cpp, line 1107]
Event: 38.932 Thread 0x000001ae90179c10 Exception <a 'java/lang/NoSuchMethodError'{0x000000075fe44d48}: static Lorg/gradle/tooling/internal/provider/serialization/WellKnownClassLoaderRegistry$KnownClassLoaderSpec;.<clinit>()V> (0x000000075fe44d48) 
thrown [s\src\hotspot\share\prims\jni.cpp, line 1107]
Event: 38.932 Thread 0x000001ae90179c10 Exception <a 'java/lang/NoSuchMethodError'{0x000000075fe46270}: static Lorg/gradle/internal/classloader/ClassLoaderSpec;.<clinit>()V> (0x000000075fe46270) 
thrown [s\src\hotspot\share\prims\jni.cpp, line 1107]
Event: 38.934 Thread 0x000001ae90179c10 Exception <a 'java/lang/NoSuchMethodError'{0x000000075fe57dc8}: static Lorg/gradle/internal/classloader/ClassLoaderSpec;.<clinit>()V> (0x000000075fe57dc8) 
thrown [s\src\hotspot\share\prims\jni.cpp, line 1107]
Event: 38.934 Thread 0x000001ae90179c10 Exception <a 'java/lang/NoSuchMethodError'{0x000000075fe637a0}: static Lorg/gradle/internal/classloader/VisitableURLClassLoader$Spec;.<clinit>()V> (0x000000075fe637a0) 
thrown [s\src\hotspot\share\prims\jni.cpp, line 1107]
Event: 41.589 Thread 0x000001ae8f94b6e0 Implicit null exception at 0x000001aef807fb0f to 0x000001aef80801a4
Event: 41.589 Thread 0x000001ae8f94b6e0 Implicit null exception at 0x000001aef808f694 to 0x000001aef808fd7c

VM Operations (20 events):
Event: 38.771 Executing VM operation: HandshakeAllThreads
Event: 38.772 Executing VM operation: HandshakeAllThreads done
Event: 38.775 Executing VM operation: HandshakeAllThreads
Event: 38.775 Executing VM operation: HandshakeAllThreads done
Event: 38.791 Executing VM operation: HandshakeAllThreads
Event: 38.791 Executing VM operation: HandshakeAllThreads done
Event: 38.794 Executing VM operation: HandshakeAllThreads
Event: 38.795 Executing VM operation: HandshakeAllThreads done
Event: 38.816 Executing VM operation: HandshakeAllThreads
Event: 38.817 Executing VM operation: HandshakeAllThreads done
Event: 38.850 Executing VM operation: HandshakeAllThreads
Event: 38.850 Executing VM operation: HandshakeAllThreads done
Event: 38.909 Executing VM operation: G1CollectForAllocation
Event: 38.920 Executing VM operation: G1CollectForAllocation done
Event: 39.932 Executing VM operation: Cleanup
Event: 39.932 Executing VM operation: Cleanup done
Event: 41.651 Executing VM operation: ICBufferFull
Event: 41.651 Executing VM operation: ICBufferFull done
Event: 41.809 Executing VM operation: HandshakeAllThreads
Event: 41.809 Executing VM operation: HandshakeAllThreads done

Events (20 events):
Event: 41.730 loading class sun/security/ssl/PreSharedKeyExtension$CHPreSharedKeySpec done
Event: 41.730 loading class sun/security/ssl/PreSharedKeyExtension$PartialClientHelloMessage
Event: 41.730 loading class sun/security/ssl/PreSharedKeyExtension$PartialClientHelloMessage done
Event: 41.730 loading class sun/security/ssl/SSLEngineOutputRecord
Event: 41.731 loading class sun/security/ssl/SSLEngineOutputRecord done
Event: 41.731 loading class sun/security/ssl/SSLEngineOutputRecord$HandshakeFragment
Event: 41.731 loading class sun/security/ssl/SSLEngineOutputRecord$HandshakeFragment done
Event: 41.731 loading class sun/security/ssl/SSLEngineOutputRecord$HandshakeMemo
Event: 41.731 loading class sun/security/ssl/SSLEngineOutputRecord$RecordMemo
Event: 41.731 loading class sun/security/ssl/SSLEngineOutputRecord$RecordMemo done
Event: 41.731 loading class sun/security/ssl/SSLEngineOutputRecord$HandshakeMemo done
Event: 41.784 loading class sun/security/ssl/PreSharedKeyExtension$SHPreSharedKeySpec
Event: 41.784 loading class sun/security/ssl/PreSharedKeyExtension$SHPreSharedKeySpec done
Event: 41.788 Thread 0x000001ae90dcd920 Thread added: 0x000001ae90dcd920
Event: 41.788 Thread 0x000001ae90dcd920 Thread exited: 0x000001ae90dcd920
Event: 41.811 Thread 0x000001ae89c79260 flushing nmethod 0x000001aef8185810
Event: 41.848 Thread 0x000001ae90dc9f60 Thread added: 0x000001ae90dc9f60
Event: 41.895 Thread 0x000001ae91e4d3c0 Thread exited: 0x000001ae91e4d3c0
Event: 41.942 Thread 0x000001ae90dcec60 Thread added: 0x000001ae90dcec60
Event: 41.942 Thread 0x000001ae90dcec60 Thread exited: 0x000001ae90dcec60


Dynamic libraries:
0x00007ff6a7dd0000 - 0x00007ff6a7dde000 	C:\Program Files\Eclipse Adoptium\jdk-17.0.7.7-hotspot\bin\java.exe
0x00007ffb05af0000 - 0x00007ffb05ce8000 	C:\Windows\SYSTEM32\ntdll.dll
0x00007ffb057a0000 - 0x00007ffb0585d000 	C:\Windows\System32\KERNEL32.DLL
0x00007ffb037f0000 - 0x00007ffb03abe000 	C:\Windows\System32\KERNELBASE.dll
0x00007ffb03300000 - 0x00007ffb03400000 	C:\Windows\System32\ucrtbase.dll
0x00007ffae8530000 - 0x00007ffae8549000 	C:\Program Files\Eclipse Adoptium\jdk-17.0.7.7-hotspot\bin\VCRUNTIME140.dll
0x00007ffae0a70000 - 0x00007ffae0a87000 	C:\Program Files\Eclipse Adoptium\jdk-17.0.7.7-hotspot\bin\jli.dll
0x00007ffb052b0000 - 0x00007ffb05450000 	C:\Windows\System32\USER32.dll
0x00007ffb03710000 - 0x00007ffb03732000 	C:\Windows\System32\win32u.dll
0x00007ffaefc50000 - 0x00007ffaefeea000 	C:\Windows\WinSxS\amd64_microsoft.windows.common-controls_6595b64144ccf1df_6.0.19041.1110_none_60b5254171f9507e\COMCTL32.dll
0x00007ffb05860000 - 0x00007ffb0588a000 	C:\Windows\System32\GDI32.dll
0x00007ffb04920000 - 0x00007ffb049be000 	C:\Windows\System32\msvcrt.dll
0x00007ffb03600000 - 0x00007ffb0370b000 	C:\Windows\System32\gdi32full.dll
0x00007ffb03400000 - 0x00007ffb0349d000 	C:\Windows\System32\msvcp_win.dll
0x00007ffb05890000 - 0x00007ffb058c0000 	C:\Windows\System32\IMM32.DLL
0x00007ffaf9f90000 - 0x00007ffaf9f9c000 	C:\Program Files\Eclipse Adoptium\jdk-17.0.7.7-hotspot\bin\vcruntime140_1.dll
0x00007ffad4720000 - 0x00007ffad47b1000 	C:\Program Files\Eclipse Adoptium\jdk-17.0.7.7-hotspot\bin\msvcp140.dll
0x00007ffaab1c0000 - 0x00007ffaabe08000 	C:\Program Files\Eclipse Adoptium\jdk-17.0.7.7-hotspot\bin\server\jvm.dll
0x00007ffb056f0000 - 0x00007ffb0579e000 	C:\Windows\System32\ADVAPI32.dll
0x00007ffb04110000 - 0x00007ffb041ac000 	C:\Windows\System32\sechost.dll
0x00007ffb054e0000 - 0x00007ffb05605000 	C:\Windows\System32\RPCRT4.dll
0x00007ffaf5230000 - 0x00007ffaf5257000 	C:\Windows\SYSTEM32\WINMM.dll
0x00007ffafa130000 - 0x00007ffafa13a000 	C:\Windows\SYSTEM32\VERSION.dll
0x00007ffafed00000 - 0x00007ffafed09000 	C:\Windows\SYSTEM32\WSOCK32.dll
0x00007ffb048b0000 - 0x00007ffb0491b000 	C:\Windows\System32\WS2_32.dll
0x00007ffb01120000 - 0x00007ffb01132000 	C:\Windows\SYSTEM32\kernel.appcore.dll
0x00007ffaf99e0000 - 0x00007ffaf99ea000 	C:\Program Files\Eclipse Adoptium\jdk-17.0.7.7-hotspot\bin\jimage.dll
0x00007ffaf6540000 - 0x00007ffaf6724000 	C:\Windows\SYSTEM32\DBGHELP.DLL
0x00007ffaf6510000 - 0x00007ffaf653c000 	C:\Windows\SYSTEM32\dbgcore.DLL
0x00007ffb03ac0000 - 0x00007ffb03b42000 	C:\Windows\System32\bcryptPrimitives.dll
0x00007ffadd710000 - 0x00007ffadd735000 	C:\Program Files\Eclipse Adoptium\jdk-17.0.7.7-hotspot\bin\java.dll
0x00007ffad4440000 - 0x00007ffad4516000 	C:\Program Files\Eclipse Adoptium\jdk-17.0.7.7-hotspot\bin\jsvml.dll
0x00007ffb04b60000 - 0x00007ffb052a3000 	C:\Windows\System32\SHELL32.dll
0x00007ffb01320000 - 0x00007ffb01ab5000 	C:\Windows\SYSTEM32\windows.storage.dll
0x00007ffb042d0000 - 0x00007ffb04624000 	C:\Windows\System32\combase.dll
0x00007ffb02ba0000 - 0x00007ffb02bd0000 	C:\Windows\SYSTEM32\Wldp.dll
0x00007ffb04a50000 - 0x00007ffb04afd000 	C:\Windows\System32\SHCORE.dll
0x00007ffb058c0000 - 0x00007ffb05915000 	C:\Windows\System32\shlwapi.dll
0x00007ffb03150000 - 0x00007ffb0316f000 	C:\Windows\SYSTEM32\profapi.dll
0x00007ffadd6f0000 - 0x00007ffadd709000 	C:\Program Files\Eclipse Adoptium\jdk-17.0.7.7-hotspot\bin\net.dll
0x00007ffafda30000 - 0x00007ffafdb3a000 	C:\Windows\SYSTEM32\WINHTTP.dll
0x00007ffb02900000 - 0x00007ffb0296a000 	C:\Windows\system32\mswsock.dll
0x00007ffadd520000 - 0x00007ffadd535000 	C:\Program Files\Eclipse Adoptium\jdk-17.0.7.7-hotspot\bin\nio.dll
0x00007ffadd060000 - 0x00007ffadd078000 	C:\Program Files\Eclipse Adoptium\jdk-17.0.7.7-hotspot\bin\zip.dll
0x00007ffaf8ef0000 - 0x00007ffaf8f00000 	C:\Program Files\Eclipse Adoptium\jdk-17.0.7.7-hotspot\bin\verify.dll
0x00007ffaf72d0000 - 0x00007ffaf72f7000 	C:\Users\Mykal\.gradle\native\e1d6ef7f7dcc3fd88c89a11ec53ec762bb8ba0a96d01ffa2cd45eb1d1d8dd5c5\windows-amd64\native-platform.dll
0x00007ffaf1740000 - 0x00007ffaf1884000 	C:\Users\Mykal\.gradle\native\0d407fdbe67a94daf76414ababcb853783967236a71b16ec16e742cd7a986fd3\windows-amd64\native-platform-file-events.dll
0x00007ffaf24b0000 - 0x00007ffaf24b9000 	C:\Program Files\Eclipse Adoptium\jdk-17.0.7.7-hotspot\bin\management.dll
0x00007ffaf1730000 - 0x00007ffaf173b000 	C:\Program Files\Eclipse Adoptium\jdk-17.0.7.7-hotspot\bin\management_ext.dll
0x00007ffb047e0000 - 0x00007ffb047e8000 	C:\Windows\System32\PSAPI.DLL
0x00007ffb02af0000 - 0x00007ffb02b08000 	C:\Windows\SYSTEM32\CRYPTSP.dll
0x00007ffb02280000 - 0x00007ffb022b4000 	C:\Windows\system32\rsaenh.dll
0x00007ffb03210000 - 0x00007ffb03237000 	C:\Windows\System32\bcrypt.dll
0x00007ffb03110000 - 0x00007ffb0313e000 	C:\Windows\SYSTEM32\USERENV.dll
0x00007ffb02b10000 - 0x00007ffb02b1c000 	C:\Windows\SYSTEM32\CRYPTBASE.dll
0x00007ffb025f0000 - 0x00007ffb0262b000 	C:\Windows\SYSTEM32\IPHLPAPI.DLL
0x00007ffb04a40000 - 0x00007ffb04a48000 	C:\Windows\System32\NSI.dll
0x00007ffafc3b0000 - 0x00007ffafc3c7000 	C:\Windows\SYSTEM32\dhcpcsvc6.DLL
0x00007ffafc7b0000 - 0x00007ffafc7cd000 	C:\Windows\SYSTEM32\dhcpcsvc.DLL
0x00007ffb02630000 - 0x00007ffb026fa000 	C:\Windows\SYSTEM32\DNSAPI.dll
0x00007ffaf1720000 - 0x00007ffaf172e000 	C:\Program Files\Eclipse Adoptium\jdk-17.0.7.7-hotspot\bin\sunmscapi.dll
0x00007ffb034a0000 - 0x00007ffb035f6000 	C:\Windows\System32\CRYPT32.dll
0x00007ffb02c10000 - 0x00007ffb02c37000 	C:\Windows\SYSTEM32\ncrypt.dll
0x00007ffb02bd0000 - 0x00007ffb02c0b000 	C:\Windows\SYSTEM32\NTASN1.dll
0x00007ffaf8ee0000 - 0x00007ffaf8ee7000 	C:\Windows\system32\wshunix.dll
0x00007ffaf5ea0000 - 0x00007ffaf5eaa000 	C:\Windows\System32\rasadhlp.dll
0x00007ffaf6940000 - 0x00007ffaf69c0000 	C:\Windows\System32\fwpuclnt.dll

dbghelp: loaded successfully - version: 4.0.5 - missing functions: none
symbol engine: initialized successfully - sym options: 0x614 - pdb path: .;C:\Program Files\Eclipse Adoptium\jdk-17.0.7.7-hotspot\bin;C:\Windows\SYSTEM32;C:\Windows\WinSxS\amd64_microsoft.windows.common-controls_6595b64144ccf1df_6.0.19041.1110_none_60b5254171f9507e;C:\Program Files\Eclipse Adoptium\jdk-17.0.7.7-hotspot\bin\server;C:\Users\Mykal\.gradle\native\e1d6ef7f7dcc3fd88c89a11ec53ec762bb8ba0a96d01ffa2cd45eb1d1d8dd5c5\windows-amd64;C:\Users\Mykal\.gradle\native\0d407fdbe67a94daf76414ababcb853783967236a71b16ec16e742cd7a986fd3\windows-amd64

VM Arguments:
jvm_args: --add-opens=java.base/java.util=ALL-UNNAMED --add-opens=java.base/java.lang=ALL-UNNAMED --add-opens=java.base/java.lang.invoke=ALL-UNNAMED --add-opens=java.base/java.util=ALL-UNNAMED --add-opens=java.prefs/java.util.prefs=ALL-UNNAMED --add-opens=java.prefs/java.util.prefs=ALL-UNNAMED --add-opens=java.base/java.nio.charset=ALL-UNNAMED --add-opens=java.base/java.net=ALL-UNNAMED --add-opens=java.base/java.util.concurrent.atomic=ALL-UNNAMED -Xmx3G -Dfile.encoding=windows-1252 -Duser.country=US -Duser.language=en -Duser.variant 
java_command: org.gradle.launcher.daemon.bootstrap.GradleDaemon 7.5.1
java_class_path (initial): C:\Users\Mykal\.gradle\wrapper\dists\gradle-7.5.1-bin\7jzzequgds1hbszbhq3npc5ng\gradle-7.5.1\lib\gradle-launcher-7.5.1.jar
Launcher Type: SUN_STANDARD

[Global flags]
     intx CICompilerCount                          = 12                                        {product} {ergonomic}
     uint ConcGCThreads                            = 3                                         {product} {ergonomic}
     uint G1ConcRefinementThreads                  = 13                                        {product} {ergonomic}
   size_t G1HeapRegionSize                         = 2097152                                   {product} {ergonomic}
    uintx GCDrainStackTargetSize                   = 64                                        {product} {ergonomic}
   size_t InitialHeapSize                          = 536870912                                 {product} {ergonomic}
   size_t MarkStackSize                            = 4194304                                   {product} {ergonomic}
   size_t MaxHeapSize                              = 3221225472                                {product} {command line}
   size_t MaxNewSize                               = 1931476992                                {product} {ergonomic}
   size_t MinHeapDeltaBytes                        = 2097152                                   {product} {ergonomic}
   size_t MinHeapSize                              = 8388608                                   {product} {ergonomic}
    uintx NonNMethodCodeHeapSize                   = 7602480                                {pd product} {ergonomic}
    uintx NonProfiledCodeHeapSize                  = 122027880                              {pd product} {ergonomic}
    uintx ProfiledCodeHeapSize                     = 122027880                              {pd product} {ergonomic}
    uintx ReservedCodeCacheSize                    = 251658240                              {pd product} {ergonomic}
     bool SegmentedCodeCache                       = true                                      {product} {ergonomic}
   size_t SoftMaxHeapSize                          = 3221225472                             {manageable} {ergonomic}
     bool UseCompressedClassPointers               = true                           {product lp64_product} {ergonomic}
     bool UseCompressedOops                        = true                           {product lp64_product} {ergonomic}
     bool UseG1GC                                  = true                                      {product} {ergonomic}
     bool UseLargePagesIndividualAllocation        = false                                  {pd product} {ergonomic}

Logging:
Log output configuration:
 #0: stdout all=warning uptime,level,tags
 #1: stderr all=off uptime,level,tags

Environment Variables:
JAVA_HOME=C:\Program Files\Eclipse Adoptium\jdk-17.0.7.7-hotspot\
PATH=C:\Program Files\Common Files\Oracle\Java\javapath;C:\Program Files (x86)\Common Files\Oracle\Java\javapath;C:\Program Files\Eclipse Adoptium\jdk-17.0.7.7-hotspot\bin;C:\Windows\system32;C:\Windows;C:\Windows\System32\Wbem;C:\Windows\System32\WindowsPowerShell\v1.0\;C:\Windows\System32\OpenSSH\;C:\Program Files\NVIDIA Corporation\NVIDIA NvDLISR;C:\Users\Mykal\AppData\Local\Microsoft\WindowsApps;
USERNAME=Mykal
OS=Windows_NT
PROCESSOR_IDENTIFIER=AMD64 Family 23 Model 8 Stepping 2, AuthenticAMD
TMP=C:\Users\Mykal\AppData\Local\Temp
TEMP=C:\Users\Mykal\AppData\Local\Temp



---------------  S Y S T E M  ---------------

OS:
 Windows 10 , 64 bit Build 19041 (10.0.19041.1889)
OS uptime: 0 days 3:50 hours

CPU: total 16 (initial active 16) (16 cores per cpu, 2 threads per core) family 23 model 8 stepping 2 microcode 0x0, cx8, cmov, fxsr, ht, mmx, 3dnowpref, sse, sse2, sse3, ssse3, sse4a, sse4.1, sse4.2, popcnt, lzcnt, tsc, tscinvbit, avx, avx2, aes, clmul, bmi1, bmi2, adx, sha, fma, vzeroupper, clflush, clflushopt

Memory: 4k page, system-wide physical 32697M (20545M free)
TotalPageFile size 37817M (AvailPageFile size 18024M)
current process WorkingSet (physical memory assigned to process): 576M, peak: 686M
current process commit charge ("private bytes"): 628M, peak: 743M

vm_info: OpenJDK 64-Bit Server VM (17.0.7+7) for windows-amd64 JRE (17.0.7+7), built on Apr 18 2023 22:10:42 by "temurin" with MS VC++ 16.7 (VS2019)

END.
