#
# A fatal error has been detected by the Java Runtime Environment:
#
#  EXCEPTION_ACCESS_VIOLATION (0xc0000005) at pc=0x00007ffaab2e4ba0, pid=11124, tid=6372
#
# JRE version: OpenJDK Runtime Environment Temurin-17.0.7+7 (17.0.7+7) (build 17.0.7+7)
# Java VM: OpenJDK 64-Bit Server VM Temurin-17.0.7+7 (17.0.7+7, mixed mode, sharing, tiered, compressed oops, compressed class ptrs, g1 gc, windows-amd64)
# Problematic frame:
# V  [jvm.dll+0x124ba0]
#
# No core dump will be written. Minidumps are not enabled by default on client versions of Windows
#
# If you would like to submit a bug report, please visit:
#   https://github.com/adoptium/adoptium-support/issues
#

---------------  S U M M A R Y ------------

Command Line: --add-opens=java.base/java.util=ALL-UNNAMED --add-opens=java.base/java.lang=ALL-UNNAMED --add-opens=java.base/java.lang.invoke=ALL-UNNAMED --add-opens=java.base/java.util=ALL-UNNAMED --add-opens=java.prefs/java.util.prefs=ALL-UNNAMED --add-opens=java.prefs/java.util.prefs=ALL-UNNAMED --add-opens=java.base/java.nio.charset=ALL-UNNAMED --add-opens=java.base/java.net=ALL-UNNAMED --add-opens=java.base/java.util.concurrent.atomic=ALL-UNNAMED -Xmx3G -Dfile.encoding=windows-1252 -Duser.country=US -Duser.language=en -Duser.variant org.gradle.launcher.daemon.bootstrap.GradleDaemon 7.5.1

Host: AMD Ryzen 7 2700 Eight-Core Processor          , 16 cores, 31G,  Windows 10 , 64 bit Build 19041 (10.0.19041.1889)
Time: Tue May  2 19:53:39 2023 Pacific Daylight Time elapsed time: 5.940291 seconds (0d 0h 0m 5s)

---------------  T H R E A D  ---------------

Current thread (0x0000021513099fe0):  JavaThread "C2 CompilerThread1" daemon [_thread_in_native, id=6372, stack(0x000000e5a0f00000,0x000000e5a1000000)]


Current CompileTask:
C2:   5940 6197       4       org.objectweb.asm.MethodWriter::computeAllFrames (510 bytes)

Stack: [0x000000e5a0f00000,0x000000e5a1000000],  sp=0x000000e5a0ffbc30,  free space=1007k
Native frames: (J=compiled Java code, j=interpreted, Vv=VM code, C=native code)
V  [jvm.dll+0x124ba0]
V  [jvm.dll+0x124fa3]
V  [jvm.dll+0x124a0e]
V  [jvm.dll+0x67caa5]
V  [jvm.dll+0x219a18]
V  [jvm.dll+0x218a61]
V  [jvm.dll+0x1a4d8d]
V  [jvm.dll+0x2284da]
V  [jvm.dll+0x226615]
V  [jvm.dll+0x7ea90b]
V  [jvm.dll+0x7e4e7a]
V  [jvm.dll+0x676395]
C  [ucrtbase.dll+0x21bb2]
C  [KERNEL32.DLL+0x17034]
C  [ntdll.dll+0x526a1]


siginfo: EXCEPTION_ACCESS_VIOLATION (0xc0000005), reading address 0x0000000000000000


Register to memory mapping:

RIP=0x00007ffaab2e4ba0 jvm.dll
RAX=0x0000021517262738 points into unknown readable memory: 0x00000215168c1fb0 | b0 1f 8c 16 15 02 00 00
RBX=0x0000000000000b50 is an unknown value
RCX=0x0 is NULL
RDX=0x0000021513765d80 points into unknown readable memory: 0x00000000c0c10000 | 00 00 c1 c0 00 00 00 00
RSP=0x000000e5a0ffbc30 is pointing into the stack for thread: 0x0000021513099fe0
RBP=0x00000215162f61d0 points into unknown readable memory: 0x00000001abd2bf48 | 48 bf d2 ab 01 00 00 00
RSI=0x000000000000017a is an unknown value
RDI=0x0 is NULL
R8 =0x0000000000000012 is an unknown value
R9 =0x00007ffaab1c0000 jvm.dll
R10=0x0000000000000002 is an unknown value
R11=0x0000000000000040 is an unknown value
R12=0x00000215165be200 points into unknown readable memory: 0x00007ffaabaa4c78 | 78 4c aa ab fa 7f 00 00
R13=0x0000000000000008 is an unknown value
R14=0x000000000000016a is an unknown value
R15=0x00000215165be200 points into unknown readable memory: 0x00007ffaabaa4c78 | 78 4c aa ab fa 7f 00 00


Registers:
RAX=0x0000021517262738, RBX=0x0000000000000b50, RCX=0x0000000000000000, RDX=0x0000021513765d80
RSP=0x000000e5a0ffbc30, RBP=0x00000215162f61d0, RSI=0x000000000000017a, RDI=0x0000000000000000
R8 =0x0000000000000012, R9 =0x00007ffaab1c0000, R10=0x0000000000000002, R11=0x0000000000000040
R12=0x00000215165be200, R13=0x0000000000000008, R14=0x000000000000016a, R15=0x00000215165be200
RIP=0x00007ffaab2e4ba0, EFLAGS=0x0000000000010287

Top of Stack: (sp=0x000000e5a0ffbc30)
0x000000e5a0ffbc30:   0000000000000080 00000215162f61d0
0x000000e5a0ffbc40:   0000000000000004 00007ffaab26c249
0x000000e5a0ffbc50:   0000021500000400 0000000000000b50
0x000000e5a0ffbc60:   00000000000002d4 000000000000016a
0x000000e5a0ffbc70:   0000021513592ce0 0000000000000003
0x000000e5a0ffbc80:   00000215163b62a8 000000000000027a
0x000000e5a0ffbc90:   000000e5a0ffc290 0000000000000268
0x000000e5a0ffbca0:   00000000ffffffff 0000021517263b10
0x000000e5a0ffbcb0:   0000000000000012 00000215176de9f0
0x000000e5a0ffbcc0:   00000215165be200 00007ffaab2e4fa3
0x000000e5a0ffbcd0:   0000021517263b10 000002150000002c
0x000000e5a0ffbce0:   000000000000027a 000000e5a0ffc290
0x000000e5a0ffbcf0:   0000021513765d80 00007ffaab2e5932
0x000000e5a0ffbd00:   000000e5a0ffd140 0000000000000000
0x000000e5a0ffbd10:   000002151696a560 0000021513529ef8
0x000000e5a0ffbd20:   00000215188753b8 0000021517263b10 

Instructions: (pc=0x00007ffaab2e4ba0)
0x00007ffaab2e4aa0:   55 56 57 41 54 41 55 41 56 41 57 48 83 ec 58 49
0x00007ffaab2e4ab0:   8b 41 58 4c 8b e2 41 8b 79 50 33 d2 41 8b d8 89
0x00007ffaab2e4ac0:   bc 24 a8 00 00 00 44 8b a8 68 0c 00 00 44 2b 2d
0x00007ffaab2e4ad0:   34 ad a0 00 8d 4a 10 e8 b4 90 5a 00 33 f6 48 85
0x00007ffaab2e4ae0:   c0 74 12 45 8b c5 8b d7 48 8b c8 e8 30 f7 53 00
0x00007ffaab2e4af0:   48 8b e8 eb 03 48 8b ee 41 8b 44 24 2c 4d 8b fc
0x00007ffaab2e4b00:   83 e0 1f 49 8b cc 3c 1e 49 8b 04 24 4c 0f 45 fe
0x00007ffaab2e4b10:   ff 90 88 00 00 00 48 89 44 24 40 44 8b f6 85 db
0x00007ffaab2e4b20:   0f 8e ba 03 00 00 48 8b 94 24 c0 00 00 00 4c 8d
0x00007ffaab2e4b30:   0d cb b4 ed ff b9 01 00 00 00 48 89 74 24 30 48
0x00007ffaab2e4b40:   8b de 89 4c 24 20 48 8b c6 48 89 5c 24 28 48 89
0x00007ffaab2e4b50:   44 24 38 48 c1 e8 05 85 0c 82 0f 84 4a 03 00 00
0x00007ffaab2e4b60:   48 8b 0d a1 ac a0 00 44 3b f1 7d 0a 4a 8b b4 0b
0x00007ffaab2e4b70:   60 ae af 00 eb 17 41 8b c6 2b c1 41 3b c5 7d 04
0x00007ffaab2e4b80:   03 c7 eb 03 41 2b c5 48 63 f0 48 03 f1 48 8b 84
0x00007ffaab2e4b90:   24 a0 00 00 00 48 8b 40 08 48 8b 3c 03 48 8b cf
0x00007ffaab2e4ba0:   48 8b 07 ff 50 28 4c 8d 0d 53 b4 ed ff 48 8b d0
0x00007ffaab2e4bb0:   4c 63 40 10 49 8b c8 48 c1 e1 05 42 80 bc 09 70
0x00007ffaab2e4bc0:   70 b1 00 00 0f 84 2e 02 00 00 41 f6 c6 01 0f 85
0x00007ffaab2e4bd0:   c7 02 00 00 48 8b ce 81 e1 ff 3f 00 00 48 3b f1
0x00007ffaab2e4be0:   74 3b 48 8b 84 24 b8 00 00 00 48 8d 15 17 6f 7f
0x00007ffaab2e4bf0:   00 45 33 c0 48 8b 58 10 48 8b 8b 70 01 00 00 e8
0x00007ffaab2e4c00:   ac 0f 0a 00 48 8d 15 fd 6e 7f 00 48 8b cb e8 fd
0x00007ffaab2e4c10:   ea 0f 00 48 8b 5c 24 28 e9 77 02 00 00 83 78 24
0x00007ffaab2e4c20:   00 75 42 4d 85 ff 74 2d 49 8b 47 78 48 8b 48 18
0x00007ffaab2e4c30:   44 8b 41 18 b9 05 00 00 00 44 3b c1 76 17 4d 8b
0x00007ffaab2e4c40:   4f 08 8b c1 49 39 3c c1 0f 84 46 02 00 00 ff c1
0x00007ffaab2e4c50:   41 3b c8 72 ed 48 8b d6 48 8b cd e8 b0 05 54 00
0x00007ffaab2e4c60:   e9 2f 02 00 00 48 8b 4c 24 40 e8 11 73 08 00 41
0x00007ffaab2e4c70:   8b 54 24 18 8b d8 3b c2 73 19 4d 8b 44 24 08 90
0x00007ffaab2e4c80:   8b cb 49 39 3c c8 0f 84 9e 00 00 00 83 c3 02 3b
0x00007ffaab2e4c90:   da 72 ed 3b da 0f 85 8f 00 00 00 48 8b 4c 24 40 


Stack slot to memory mapping:
stack at sp + 0 slots: 0x0000000000000080 is an unknown value
stack at sp + 1 slots: 0x00000215162f61d0 points into unknown readable memory: 0x00000001abd2bf48 | 48 bf d2 ab 01 00 00 00
stack at sp + 2 slots: 0x0000000000000004 is an unknown value
stack at sp + 3 slots: 0x00007ffaab26c249 jvm.dll
stack at sp + 4 slots: 0x0000021500000400 is at entry_point+416 in (nmethod*)0x0000021500000010
stack at sp + 5 slots: 0x0000000000000b50 is an unknown value
stack at sp + 6 slots: 0x00000000000002d4 is an unknown value
stack at sp + 7 slots: 0x000000000000016a is an unknown value


---------------  P R O C E S S  ---------------

Threads class SMR info:
_java_thread_list=0x0000021518d999b0, length=92, elements={
0x000002156b25dad0, 0x000002157f7efa80, 0x000002157f7f1220, 0x000002157f809190,
0x000002157f80ba60, 0x000002157f80c320, 0x000002157f80cff0, 0x000002157f80e920,
0x000002157f892330, 0x000002157f893410, 0x000002157f9ee000, 0x000002157fa049b0,
0x000002157fa05ed0, 0x0000021513099fe0, 0x0000021513ed8fa0, 0x0000021514590820,
0x0000021515467010, 0x0000021514782860, 0x0000021514f72850, 0x0000021515133850,
0x0000021514562310, 0x00000215145ca160, 0x00000215145ca630, 0x00000215145c9c90,
0x00000215145cab00, 0x00000215145cafd0, 0x00000215145c8e20, 0x00000215145c97c0,
0x00000215145cb4a0, 0x00000215167e6530, 0x00000215145cc310, 0x00000215145cb970,
0x00000215145cbe40, 0x00000215145cc7e0, 0x00000215145c92f0, 0x0000021514f372e0,
0x0000021514f36470, 0x0000021514f3a7d0, 0x0000021514f39960, 0x0000021514f35600,
0x0000021514f38150, 0x0000021514f3aca0, 0x0000021514f3bb10, 0x0000021514f3b640,
0x0000021514f35fa0, 0x0000021514f38620, 0x0000021514f38fc0, 0x0000021514f3c4b0,
0x0000021514f3a300, 0x0000021514f3c980, 0x0000021514f3ce50, 0x0000021514f35ad0,
0x0000021515689ca0, 0x0000021515688960, 0x0000021515688490, 0x000002151568ab10,
0x000002151568a170, 0x000002151568ccc0, 0x000002151568be50, 0x000002151568e9a0,
0x000002151568d190, 0x000002151568b980, 0x000002151568c7f0, 0x000002151568e4d0,
0x000002151568ee70, 0x000002151568db30, 0x000002151568a640, 0x000002151568c320,
0x000002151568d660, 0x000002151568afe0, 0x000002151568b4b0, 0x00000215156897d0,
0x000002151568e000, 0x0000021515688e30, 0x000002151568f340, 0x0000021515687af0,
0x0000021515687fc0, 0x0000021515689300, 0x00000215192643a0, 0x0000021519264d40,
0x0000021519265210, 0x00000215192656e0, 0x0000021519266550, 0x0000021519264870,
0x0000021519266a20, 0x0000021519263ed0, 0x0000021519263a00, 0x0000021519265bb0,
0x0000021519266080, 0x0000021519263060, 0x0000021519263530, 0x00000215181965a0
}

Java Threads: ( => current thread )
  0x000002156b25dad0 JavaThread "main" [_thread_blocked, id=1972, stack(0x000000e59fb00000,0x000000e59fc00000)]
  0x000002157f7efa80 JavaThread "Reference Handler" daemon [_thread_blocked, id=15988, stack(0x000000e5a0200000,0x000000e5a0300000)]
  0x000002157f7f1220 JavaThread "Finalizer" daemon [_thread_blocked, id=16912, stack(0x000000e5a0300000,0x000000e5a0400000)]
  0x000002157f809190 JavaThread "Signal Dispatcher" daemon [_thread_blocked, id=15268, stack(0x000000e5a0400000,0x000000e5a0500000)]
  0x000002157f80ba60 JavaThread "Attach Listener" daemon [_thread_blocked, id=868, stack(0x000000e5a0500000,0x000000e5a0600000)]
  0x000002157f80c320 JavaThread "Service Thread" daemon [_thread_blocked, id=16672, stack(0x000000e5a0600000,0x000000e5a0700000)]
  0x000002157f80cff0 JavaThread "Monitor Deflation Thread" daemon [_thread_blocked, id=9756, stack(0x000000e5a0700000,0x000000e5a0800000)]
  0x000002157f80e920 JavaThread "C2 CompilerThread0" daemon [_thread_in_native, id=19856, stack(0x000000e5a0800000,0x000000e5a0900000)]
  0x000002157f892330 JavaThread "C1 CompilerThread0" daemon [_thread_blocked, id=6700, stack(0x000000e5a0900000,0x000000e5a0a00000)]
  0x000002157f893410 JavaThread "Sweeper thread" daemon [_thread_blocked, id=13384, stack(0x000000e5a0a00000,0x000000e5a0b00000)]
  0x000002157f9ee000 JavaThread "C1 CompilerThread1" daemon [_thread_blocked, id=13248, stack(0x000000e5a0b00000,0x000000e5a0c00000)]
  0x000002157fa049b0 JavaThread "Common-Cleaner" daemon [_thread_blocked, id=18228, stack(0x000000e5a0c00000,0x000000e5a0d00000)]
  0x000002157fa05ed0 JavaThread "Notification Thread" daemon [_thread_blocked, id=20408, stack(0x000000e5a0d00000,0x000000e5a0e00000)]
=>0x0000021513099fe0 JavaThread "C2 CompilerThread1" daemon [_thread_in_native, id=6372, stack(0x000000e5a0f00000,0x000000e5a1000000)]
  0x0000021513ed8fa0 JavaThread "C1 CompilerThread2" daemon [_thread_blocked, id=18996, stack(0x000000e5a1200000,0x000000e5a1300000)]
  0x0000021514590820 JavaThread "C1 CompilerThread3" daemon [_thread_blocked, id=1752, stack(0x000000e5a1300000,0x000000e5a1400000)]
  0x0000021515467010 JavaThread "Daemon health stats" [_thread_blocked, id=17308, stack(0x000000e5a1f00000,0x000000e5a2000000)]
  0x0000021514782860 JavaThread "Incoming local TCP Connector on port 54087" [_thread_in_native, id=14816, stack(0x000000e5a1000000,0x000000e5a1100000)]
  0x0000021514f72850 JavaThread "Daemon periodic checks" [_thread_blocked, id=14000, stack(0x000000e5a1100000,0x000000e5a1200000)]
  0x0000021515133850 JavaThread "Daemon" [_thread_blocked, id=1348, stack(0x000000e5a2000000,0x000000e5a2100000)]
  0x0000021514562310 JavaThread "Handler for socket connection from /127.0.0.1:54087 to /127.0.0.1:54088" [_thread_in_native, id=3884, stack(0x000000e5a2100000,0x000000e5a2200000)]
  0x00000215145ca160 JavaThread "Cancel handler" [_thread_blocked, id=18940, stack(0x000000e5a2200000,0x000000e5a2300000)]
  0x00000215145ca630 JavaThread "Daemon worker" [_thread_in_Java, id=4612, stack(0x000000e5a2300000,0x000000e5a2400000)]
  0x00000215145c9c90 JavaThread "Asynchronous log dispatcher for DefaultDaemonConnection: socket connection from /127.0.0.1:54087 to /127.0.0.1:54088" [_thread_blocked, id=10120, stack(0x000000e5a2400000,0x000000e5a2500000)]
  0x00000215145cab00 JavaThread "Stdin handler" [_thread_blocked, id=20380, stack(0x000000e5a2500000,0x000000e5a2600000)]
  0x00000215145cafd0 JavaThread "Daemon client event forwarder" [_thread_blocked, id=14304, stack(0x000000e5a2600000,0x000000e5a2700000)]
  0x00000215145c8e20 JavaThread "Cache worker for journal cache (C:\Users\Mykal\.gradle\caches\journal-1)" [_thread_blocked, id=2896, stack(0x000000e5a2700000,0x000000e5a2800000)]
  0x00000215145c97c0 JavaThread "File lock request listener" [_thread_in_native, id=9232, stack(0x000000e5a2800000,0x000000e5a2900000)]
  0x00000215145cb4a0 JavaThread "Cache worker for file hash cache (C:\Users\Mykal\.gradle\caches\7.5.1\fileHashes)" [_thread_blocked, id=10500, stack(0x000000e5a2900000,0x000000e5a2a00000)]
  0x00000215167e6530 JavaThread "C2 CompilerThread2" daemon [_thread_in_native, id=14944, stack(0x000000e5a2a00000,0x000000e5a2b00000)]
  0x00000215145cc310 JavaThread "File watcher server" daemon [_thread_in_native, id=10248, stack(0x000000e5a2c00000,0x000000e5a2d00000)]
  0x00000215145cb970 JavaThread "File watcher consumer" daemon [_thread_blocked, id=18976, stack(0x000000e5a2d00000,0x000000e5a2e00000)]
  0x00000215145cbe40 JavaThread "Cache worker for checksums cache (C:\Users\Mykal\Downloads\forge-1.18.2-40.2.2-mdk\.gradle\7.5.1\checksums)" [_thread_blocked, id=8968, stack(0x000000e5a2e00000,0x000000e5a2f00000)]
  0x00000215145cc7e0 JavaThread "Cache worker for cache directory md-rule (C:\Users\Mykal\.gradle\caches\7.5.1\md-rule)" [_thread_blocked, id=19396, stack(0x000000e5a2f00000,0x000000e5a3000000)]
  0x00000215145c92f0 JavaThread "Cache worker for file content cache (C:\Users\Mykal\.gradle\caches\7.5.1\fileContent)" [_thread_blocked, id=5048, stack(0x000000e5a3000000,0x000000e5a3100000)]
  0x0000021514f372e0 JavaThread "Cache worker for file hash cache (C:\Users\Mykal\Downloads\forge-1.18.2-40.2.2-mdk\.gradle\7.5.1\fileHashes)" [_thread_blocked, id=6616, stack(0x000000e5a3100000,0x000000e5a3200000)]
  0x0000021514f36470 JavaThread "Cache worker for cache directory md-supplier (C:\Users\Mykal\.gradle\caches\7.5.1\md-supplier)" [_thread_blocked, id=16276, stack(0x000000e5a3200000,0x000000e5a3300000)]
  0x0000021514f3a7d0 JavaThread "Cache worker for execution history cache (C:\Users\Mykal\.gradle\caches\7.5.1\executionHistory)" [_thread_blocked, id=19900, stack(0x000000e5a3600000,0x000000e5a3700000)]
  0x0000021514f39960 JavaThread "jar transforms" [_thread_blocked, id=1924, stack(0x000000e5a3700000,0x000000e5a3800000)]
  0x0000021514f35600 JavaThread "jar transforms Thread 2" [_thread_blocked, id=20384, stack(0x000000e5a3800000,0x000000e5a3900000)]
  0x0000021514f38150 JavaThread "jar transforms Thread 3" [_thread_blocked, id=14808, stack(0x000000e5a3a00000,0x000000e5a3b00000)]
  0x0000021514f3aca0 JavaThread "jar transforms Thread 4" [_thread_blocked, id=18708, stack(0x000000e5a3b00000,0x000000e5a3c00000)]
  0x0000021514f3bb10 JavaThread "jar transforms Thread 5" [_thread_blocked, id=2056, stack(0x000000e5a3c00000,0x000000e5a3d00000)]
  0x0000021514f3b640 JavaThread "jar transforms Thread 6" [_thread_blocked, id=15472, stack(0x000000e5a3d00000,0x000000e5a3e00000)]
  0x0000021514f35fa0 JavaThread "Cache worker for dependencies-accessors (C:\Users\Mykal\Downloads\forge-1.18.2-40.2.2-mdk\.gradle\7.5.1\dependencies-accessors)" [_thread_blocked, id=15320, stack(0x000000e5a3e00000,0x000000e5a3f00000)]
  0x0000021514f38620 JavaThread "jar transforms Thread 7" [_thread_blocked, id=15548, stack(0x000000e5a3f00000,0x000000e5a4000000)]
  0x0000021514f38fc0 JavaThread "Cache worker for Build Output Cleanup Cache (C:\Users\Mykal\Downloads\forge-1.18.2-40.2.2-mdk\.gradle\buildOutputCleanup)" [_thread_blocked, id=19736, stack(0x000000e5a4000000,0x000000e5a4100000)]
  0x0000021514f3c4b0 JavaThread "Unconstrained build operations" [_thread_blocked, id=19372, stack(0x000000e5a4100000,0x000000e5a4200000)]
  0x0000021514f3a300 JavaThread "Unconstrained build operations Thread 2" [_thread_blocked, id=10272, stack(0x000000e5a4200000,0x000000e5a4300000)]
  0x0000021514f3c980 JavaThread "Unconstrained build operations Thread 3" [_thread_blocked, id=20440, stack(0x000000e5a4300000,0x000000e5a4400000)]
  0x0000021514f3ce50 JavaThread "Unconstrained build operations Thread 4" [_thread_blocked, id=8868, stack(0x000000e5a4400000,0x000000e5a4500000)]
  0x0000021514f35ad0 JavaThread "Unconstrained build operations Thread 5" [_thread_blocked, id=12496, stack(0x000000e5a4500000,0x000000e5a4600000)]
  0x0000021515689ca0 JavaThread "Unconstrained build operations Thread 6" [_thread_blocked, id=4024, stack(0x000000e5a4600000,0x000000e5a4700000)]
  0x0000021515688960 JavaThread "Unconstrained build operations Thread 7" [_thread_blocked, id=7364, stack(0x000000e5a4700000,0x000000e5a4800000)]
  0x0000021515688490 JavaThread "Unconstrained build operations Thread 8" [_thread_blocked, id=15284, stack(0x000000e5a4800000,0x000000e5a4900000)]
  0x000002151568ab10 JavaThread "Unconstrained build operations Thread 9" [_thread_blocked, id=16744, stack(0x000000e5a4900000,0x000000e5a4a00000)]
  0x000002151568a170 JavaThread "Unconstrained build operations Thread 10" [_thread_blocked, id=12472, stack(0x000000e5a4a00000,0x000000e5a4b00000)]
  0x000002151568ccc0 JavaThread "Unconstrained build operations Thread 11" [_thread_blocked, id=16996, stack(0x000000e5a4b00000,0x000000e5a4c00000)]
  0x000002151568be50 JavaThread "Unconstrained build operations Thread 12" [_thread_blocked, id=7432, stack(0x000000e5a4c00000,0x000000e5a4d00000)]
  0x000002151568e9a0 JavaThread "Unconstrained build operations Thread 13" [_thread_blocked, id=15456, stack(0x000000e5a4d00000,0x000000e5a4e00000)]
  0x000002151568d190 JavaThread "Unconstrained build operations Thread 14" [_thread_blocked, id=5216, stack(0x000000e5a4e00000,0x000000e5a4f00000)]
  0x000002151568b980 JavaThread "Unconstrained build operations Thread 15" [_thread_blocked, id=17116, stack(0x000000e5a4f00000,0x000000e5a5000000)]
  0x000002151568c7f0 JavaThread "Unconstrained build operations Thread 16" [_thread_blocked, id=3024, stack(0x000000e5a5000000,0x000000e5a5100000)]
  0x000002151568e4d0 JavaThread "Unconstrained build operations Thread 17" [_thread_blocked, id=20356, stack(0x000000e5a5100000,0x000000e5a5200000)]
  0x000002151568ee70 JavaThread "Unconstrained build operations Thread 18" [_thread_blocked, id=13684, stack(0x000000e5a5200000,0x000000e5a5300000)]
  0x000002151568db30 JavaThread "Unconstrained build operations Thread 19" [_thread_blocked, id=20432, stack(0x000000e5a5300000,0x000000e5a5400000)]
  0x000002151568a640 JavaThread "Unconstrained build operations Thread 20" [_thread_blocked, id=6276, stack(0x000000e5a5400000,0x000000e5a5500000)]
  0x000002151568c320 JavaThread "Unconstrained build operations Thread 21" [_thread_blocked, id=13960, stack(0x000000e5a5500000,0x000000e5a5600000)]
  0x000002151568d660 JavaThread "Unconstrained build operations Thread 22" [_thread_blocked, id=15004, stack(0x000000e5a5600000,0x000000e5a5700000)]
  0x000002151568afe0 JavaThread "Unconstrained build operations Thread 23" [_thread_blocked, id=13848, stack(0x000000e5a5700000,0x000000e5a5800000)]
  0x000002151568b4b0 JavaThread "Unconstrained build operations Thread 24" [_thread_blocked, id=7216, stack(0x000000e5a5800000,0x000000e5a5900000)]
  0x00000215156897d0 JavaThread "Unconstrained build operations Thread 25" [_thread_blocked, id=11936, stack(0x000000e5a5900000,0x000000e5a5a00000)]
  0x000002151568e000 JavaThread "Unconstrained build operations Thread 26" [_thread_blocked, id=18608, stack(0x000000e5a5a00000,0x000000e5a5b00000)]
  0x0000021515688e30 JavaThread "Unconstrained build operations Thread 27" [_thread_blocked, id=8956, stack(0x000000e5a5b00000,0x000000e5a5c00000)]
  0x000002151568f340 JavaThread "Unconstrained build operations Thread 28" [_thread_blocked, id=13964, stack(0x000000e5a5c00000,0x000000e5a5d00000)]
  0x0000021515687af0 JavaThread "Unconstrained build operations Thread 29" [_thread_blocked, id=17760, stack(0x000000e5a5d00000,0x000000e5a5e00000)]
  0x0000021515687fc0 JavaThread "Unconstrained build operations Thread 30" [_thread_blocked, id=19884, stack(0x000000e5a5e00000,0x000000e5a5f00000)]
  0x0000021515689300 JavaThread "Unconstrained build operations Thread 31" [_thread_blocked, id=736, stack(0x000000e5a5f00000,0x000000e5a6000000)]
  0x00000215192643a0 JavaThread "Unconstrained build operations Thread 32" [_thread_blocked, id=14728, stack(0x000000e5a6000000,0x000000e5a6100000)]
  0x0000021519264d40 JavaThread "Unconstrained build operations Thread 33" [_thread_blocked, id=16288, stack(0x000000e5a6100000,0x000000e5a6200000)]
  0x0000021519265210 JavaThread "Unconstrained build operations Thread 34" [_thread_blocked, id=15372, stack(0x000000e5a6200000,0x000000e5a6300000)]
  0x00000215192656e0 JavaThread "jar transforms Thread 8" [_thread_blocked, id=16352, stack(0x000000e5a6300000,0x000000e5a6400000)]
  0x0000021519266550 JavaThread "jar transforms Thread 9" [_thread_blocked, id=5720, stack(0x000000e5a6400000,0x000000e5a6500000)]
  0x0000021519264870 JavaThread "jar transforms Thread 10" [_thread_blocked, id=10060, stack(0x000000e5a6500000,0x000000e5a6600000)]
  0x0000021519266a20 JavaThread "jar transforms Thread 11" [_thread_blocked, id=16496, stack(0x000000e5a6600000,0x000000e5a6700000)]
  0x0000021519263ed0 JavaThread "jar transforms Thread 12" [_thread_blocked, id=14984, stack(0x000000e5a6700000,0x000000e5a6800000)]
  0x0000021519263a00 JavaThread "jar transforms Thread 13" [_thread_blocked, id=1684, stack(0x000000e5a6800000,0x000000e5a6900000)]
  0x0000021519265bb0 JavaThread "jar transforms Thread 14" [_thread_blocked, id=5224, stack(0x000000e5a6900000,0x000000e5a6a00000)]
  0x0000021519266080 JavaThread "jar transforms Thread 15" [_thread_blocked, id=7212, stack(0x000000e5a6a00000,0x000000e5a6b00000)]
  0x0000021519263060 JavaThread "jar transforms Thread 16" [_thread_blocked, id=16516, stack(0x000000e5a6b00000,0x000000e5a6c00000)]
  0x0000021519263530 JavaThread "Keep-Alive-Timer" daemon [_thread_blocked, id=13900, stack(0x000000e5a6c00000,0x000000e5a6d00000)]
  0x00000215181965a0 JavaThread "Memory manager" [_thread_blocked, id=16148, stack(0x000000e5a2b00000,0x000000e5a2c00000)]

Other Threads:
  0x000002157f7e8760 VMThread "VM Thread" [stack: 0x000000e5a0100000,0x000000e5a0200000] [id=1692]
  0x000002157fa08fe0 WatcherThread [stack: 0x000000e5a0e00000,0x000000e5a0f00000] [id=14308]
  0x000002156d318570 GCTaskThread "GC Thread#0" [stack: 0x000000e59fc00000,0x000000e59fd00000] [id=4972]
  0x000002157fbbdd00 GCTaskThread "GC Thread#1" [stack: 0x000000e5a1400000,0x000000e5a1500000] [id=5560]
  0x000002157fbc0530 GCTaskThread "GC Thread#2" [stack: 0x000000e5a1500000,0x000000e5a1600000] [id=17552]
  0x0000021513858970 GCTaskThread "GC Thread#3" [stack: 0x000000e5a1600000,0x000000e5a1700000] [id=16936]
  0x0000021513858c20 GCTaskThread "GC Thread#4" [stack: 0x000000e5a1700000,0x000000e5a1800000] [id=7816]
  0x0000021513b221f0 GCTaskThread "GC Thread#5" [stack: 0x000000e5a1800000,0x000000e5a1900000] [id=14284]
  0x000002151328afb0 GCTaskThread "GC Thread#6" [stack: 0x000000e5a1900000,0x000000e5a1a00000] [id=15128]
  0x0000021513db7760 GCTaskThread "GC Thread#7" [stack: 0x000000e5a1a00000,0x000000e5a1b00000] [id=18132]
  0x00000215134ca450 GCTaskThread "GC Thread#8" [stack: 0x000000e5a1b00000,0x000000e5a1c00000] [id=18532]
  0x00000215134ca700 GCTaskThread "GC Thread#9" [stack: 0x000000e5a1c00000,0x000000e5a1d00000] [id=8452]
  0x0000021513e193a0 GCTaskThread "GC Thread#10" [stack: 0x000000e5a1d00000,0x000000e5a1e00000] [id=3616]
  0x0000021513e19650 GCTaskThread "GC Thread#11" [stack: 0x000000e5a1e00000,0x000000e5a1f00000] [id=9980]
  0x000002151720fcf0 GCTaskThread "GC Thread#12" [stack: 0x000000e5a3300000,0x000000e5a3400000] [id=17596]
  0x000002156d3253c0 ConcurrentGCThread "G1 Main Marker" [stack: 0x000000e59fd00000,0x000000e59fe00000] [id=9608]
  0x000002156d326480 ConcurrentGCThread "G1 Conc#0" [stack: 0x000000e59fe00000,0x000000e59ff00000] [id=4728]
  0x0000021517210a60 ConcurrentGCThread "G1 Conc#1" [stack: 0x000000e5a3400000,0x000000e5a3500000] [id=8172]
  0x000002151720f790 ConcurrentGCThread "G1 Conc#2" [stack: 0x000000e5a3500000,0x000000e5a3600000] [id=19968]
  0x000002157f7289b0 ConcurrentGCThread "G1 Refine#0" [stack: 0x000000e59ff00000,0x000000e5a0000000] [id=4320]
  0x000002157f7291e0 ConcurrentGCThread "G1 Service" [stack: 0x000000e5a0000000,0x000000e5a0100000] [id=7412]

Threads with active compile tasks:
C2 CompilerThread0     5989 6246       4       java.util.TreeMap::put (221 bytes)
C2 CompilerThread1     5989 6197       4       org.objectweb.asm.MethodWriter::computeAllFrames (510 bytes)
C2 CompilerThread2     5989 6278       4       java.lang.StringBuilder::toString (35 bytes)

VM state: not at safepoint (normal execution)

VM Mutex/Monitor currently owned by a thread: None

Heap address: 0x0000000740000000, size: 3072 MB, Compressed Oops mode: Zero based, Oop shift amount: 3

CDS archive(s) mapped at: [0x0000000800000000-0x0000000800bc0000-0x0000000800bc0000), size 12320768, SharedBaseAddress: 0x0000000800000000, ArchiveRelocationMode: 0.
Compressed class space mapped at: 0x0000000801000000-0x0000000841000000, reserved size: 1073741824
Narrow klass base: 0x0000000800000000, Narrow klass shift: 0, Narrow klass range: 0x100000000

GC Precious Log:
 CPUs: 16 total, 16 available
 Memory: 32697M
 Large Page Support: Disabled
 NUMA Support: Disabled
 Compressed Oops: Enabled (Zero based)
 Heap Region Size: 2M
 Heap Min Capacity: 8M
 Heap Initial Capacity: 512M
 Heap Max Capacity: 3G
 Pre-touch: Disabled
 Parallel Workers: 13
 Concurrent Workers: 3
 Concurrent Refinement Workers: 13
 Periodic GC: Disabled

Heap:
 garbage-first heap   total 86016K, used 53324K [0x0000000740000000, 0x0000000800000000)
  region size 2048K, 8 young (16384K), 1 survivors (2048K)
 Metaspace       used 51727K, committed 52224K, reserved 1114112K
  class space    used 7054K, committed 7296K, reserved 1048576K

Heap Regions: E=young(eden), S=young(survivor), O=old, HS=humongous(starts), HC=humongous(continues), CS=collection set, F=free, OA=open archive, CA=closed archive, TAMS=top-at-mark-start (previous, next)
|   0|0x0000000740000000, 0x0000000740200000, 0x0000000740200000|100%| O|  |TAMS 0x0000000740200000, 0x0000000740000000| Untracked 
|   1|0x0000000740200000, 0x00000007403da600, 0x0000000740400000| 92%| O|  |TAMS 0x00000007403da600, 0x0000000740200000| Untracked 
|   2|0x0000000740400000, 0x0000000740600000, 0x0000000740600000|100%|HS|  |TAMS 0x0000000740600000, 0x0000000740400000| Complete 
|   3|0x0000000740600000, 0x0000000740800000, 0x0000000740800000|100%|HC|  |TAMS 0x0000000740800000, 0x0000000740600000| Complete 
|   4|0x0000000740800000, 0x0000000740a00000, 0x0000000740a00000|100%| O|  |TAMS 0x0000000740a00000, 0x0000000740800000| Untracked 
|   5|0x0000000740a00000, 0x0000000740c00000, 0x0000000740c00000|100%| O|  |TAMS 0x0000000740c00000, 0x0000000740a00000| Untracked 
|   6|0x0000000740c00000, 0x0000000740e00000, 0x0000000740e00000|100%|HS|  |TAMS 0x0000000740c00000, 0x0000000740c00000| Complete 
|   7|0x0000000740e00000, 0x0000000741000000, 0x0000000741000000|100%| O|  |TAMS 0x0000000741000000, 0x0000000740e00000| Untracked 
|   8|0x0000000741000000, 0x0000000741200000, 0x0000000741200000|100%| O|  |TAMS 0x0000000741200000, 0x0000000741000000| Untracked 
|   9|0x0000000741200000, 0x0000000741400000, 0x0000000741400000|100%| O|  |TAMS 0x0000000741400000, 0x0000000741200000| Untracked 
|  10|0x0000000741400000, 0x0000000741600000, 0x0000000741600000|100%| O|  |TAMS 0x0000000741400000, 0x0000000741400000| Untracked 
|  11|0x0000000741600000, 0x0000000741800000, 0x0000000741800000|100%| O|  |TAMS 0x0000000741600000, 0x0000000741600000| Untracked 
|  12|0x0000000741800000, 0x0000000741a00000, 0x0000000741a00000|100%| O|  |TAMS 0x0000000741800000, 0x0000000741800000| Untracked 
|  13|0x0000000741a00000, 0x0000000741c00000, 0x0000000741c00000|100%| O|  |TAMS 0x0000000741c00000, 0x0000000741a00000| Untracked 
|  14|0x0000000741c00000, 0x0000000741e00000, 0x0000000741e00000|100%| O|  |TAMS 0x0000000741d4f800, 0x0000000741c00000| Untracked 
|  15|0x0000000741e00000, 0x0000000742000000, 0x0000000742000000|100%| O|  |TAMS 0x0000000741e00000, 0x0000000741e00000| Untracked 
|  16|0x0000000742000000, 0x0000000742200000, 0x0000000742200000|100%| O|  |TAMS 0x0000000742000000, 0x0000000742000000| Untracked 
|  17|0x0000000742200000, 0x0000000742400000, 0x0000000742400000|100%| O|  |TAMS 0x0000000742200000, 0x0000000742200000| Untracked 
|  18|0x0000000742400000, 0x000000074247a200, 0x0000000742600000| 23%| O|  |TAMS 0x0000000742400000, 0x0000000742400000| Untracked 
|  19|0x0000000742600000, 0x0000000742600000, 0x0000000742800000|  0%| F|  |TAMS 0x0000000742600000, 0x0000000742600000| Untracked 
|  20|0x0000000742800000, 0x0000000742800000, 0x0000000742a00000|  0%| F|  |TAMS 0x0000000742800000, 0x0000000742800000| Untracked 
|  21|0x0000000742a00000, 0x0000000742a00000, 0x0000000742c00000|  0%| F|  |TAMS 0x0000000742a00000, 0x0000000742a00000| Untracked 
|  22|0x0000000742c00000, 0x0000000742c00000, 0x0000000742e00000|  0%| F|  |TAMS 0x0000000742c00000, 0x0000000742c00000| Untracked 
|  23|0x0000000742e00000, 0x0000000742e00000, 0x0000000743000000|  0%| F|  |TAMS 0x0000000742e00000, 0x0000000742e00000| Untracked 
|  24|0x0000000743000000, 0x0000000743000000, 0x0000000743200000|  0%| F|  |TAMS 0x0000000743000000, 0x0000000743000000| Untracked 
|  25|0x0000000743200000, 0x0000000743200000, 0x0000000743400000|  0%| F|  |TAMS 0x0000000743200000, 0x0000000743200000| Untracked 
|  26|0x0000000743400000, 0x0000000743400000, 0x0000000743600000|  0%| F|  |TAMS 0x0000000743400000, 0x0000000743400000| Untracked 
|  27|0x0000000743600000, 0x0000000743600000, 0x0000000743800000|  0%| F|  |TAMS 0x0000000743600000, 0x0000000743600000| Untracked 
|  28|0x0000000743800000, 0x00000007439be878, 0x0000000743a00000| 87%| S|CS|TAMS 0x0000000743800000, 0x0000000743800000| Complete 
|  29|0x0000000743a00000, 0x0000000743a00000, 0x0000000743c00000|  0%| F|  |TAMS 0x0000000743a00000, 0x0000000743a00000| Untracked 
|  30|0x0000000743c00000, 0x0000000743c00000, 0x0000000743e00000|  0%| F|  |TAMS 0x0000000743c00000, 0x0000000743c00000| Untracked 
|  31|0x0000000743e00000, 0x0000000743e00000, 0x0000000744000000|  0%| F|  |TAMS 0x0000000743e00000, 0x0000000743e00000| Untracked 
|  32|0x0000000744000000, 0x0000000744000000, 0x0000000744200000|  0%| F|  |TAMS 0x0000000744000000, 0x0000000744000000| Untracked 
|  33|0x0000000744200000, 0x0000000744200000, 0x0000000744400000|  0%| F|  |TAMS 0x0000000744200000, 0x0000000744200000| Untracked 
| 193|0x0000000758200000, 0x000000075826dd38, 0x0000000758400000| 21%| E|  |TAMS 0x0000000758200000, 0x0000000758200000| Complete 
| 194|0x0000000758400000, 0x0000000758600000, 0x0000000758600000|100%| E|CS|TAMS 0x0000000758400000, 0x0000000758400000| Complete 
| 195|0x0000000758600000, 0x0000000758800000, 0x0000000758800000|100%| E|CS|TAMS 0x0000000758600000, 0x0000000758600000| Complete 
| 196|0x0000000758800000, 0x0000000758a00000, 0x0000000758a00000|100%| E|CS|TAMS 0x0000000758800000, 0x0000000758800000| Complete 
| 197|0x0000000758a00000, 0x0000000758c00000, 0x0000000758c00000|100%| E|CS|TAMS 0x0000000758a00000, 0x0000000758a00000| Complete 
| 198|0x0000000758c00000, 0x0000000758e00000, 0x0000000758e00000|100%| E|CS|TAMS 0x0000000758c00000, 0x0000000758c00000| Complete 
| 255|0x000000075fe00000, 0x0000000760000000, 0x0000000760000000|100%| E|CS|TAMS 0x000000075fe00000, 0x000000075fe00000| Complete 
|1535|0x00000007ffe00000, 0x0000000800000000, 0x0000000800000000|100%| O|  |TAMS 0x0000000800000000, 0x00000007ffe00000| Untracked 

Card table byte_map: [0x0000021575c30000,0x0000021576230000] _byte_map_base: 0x0000021572230000

Marking Bits (Prev, Next): (CMBitMap*) 0x000002156d318a90, (CMBitMap*) 0x000002156d318ad0
 Prev Bits: [0x0000021576830000, 0x0000021579830000)
 Next Bits: [0x0000021579830000, 0x000002157c830000)

Polling page: 0x000002156b130000

Metaspace:

Usage:
  Non-class:     43.65 MB used.
      Class:      6.89 MB used.
       Both:     50.54 MB used.

Virtual space:
  Non-class space:       64.00 MB reserved,      43.94 MB ( 69%) committed,  1 nodes.
      Class space:        1.00 GB reserved,       7.12 MB ( <1%) committed,  1 nodes.
             Both:        1.06 GB reserved,      51.06 MB (  5%) committed. 

Chunk freelists:
   Non-Class:  3.91 MB
       Class:  8.83 MB
        Both:  12.73 MB

MaxMetaspaceSize: unlimited
CompressedClassSpaceSize: 1.00 GB
Initial GC threshold: 21.00 MB
Current GC threshold: 58.75 MB
CDS: on
MetaspaceReclaimPolicy: balanced
 - commit_granule_bytes: 65536.
 - commit_granule_words: 8192.
 - virtual_space_node_default_size: 8388608.
 - enlarge_chunks_in_place: 1.
 - new_chunks_are_fully_committed: 0.
 - uncommit_free_chunks: 1.
 - use_allocation_guard: 0.
 - handle_deallocations: 1.


Internal statistics:

num_allocs_failed_limit: 6.
num_arena_births: 526.
num_arena_deaths: 0.
num_vsnodes_births: 2.
num_vsnodes_deaths: 0.
num_space_committed: 817.
num_space_uncommitted: 0.
num_chunks_returned_to_freelist: 6.
num_chunks_taken_from_freelist: 2285.
num_chunk_merges: 6.
num_chunk_splits: 1501.
num_chunks_enlarged: 1005.
num_inconsistent_stats: 0.

CodeHeap 'non-profiled nmethods': size=119168Kb used=3005Kb max_used=3135Kb free=116162Kb
 bounds [0x0000021507ba0000, 0x0000021507eb0000, 0x000002150f000000]
CodeHeap 'profiled nmethods': size=119104Kb used=11199Kb max_used=11199Kb free=107904Kb
 bounds [0x0000021500000000, 0x0000021500af0000, 0x0000021507450000]
CodeHeap 'non-nmethods': size=7488Kb used=4093Kb max_used=4144Kb free=3394Kb
 bounds [0x0000021507450000, 0x0000021507870000, 0x0000021507ba0000]
 total_blobs=6410 nmethods=5511 adapters=805
 compilation: enabled
              stopped_count=0, restarted_count=0
 full_count=0

Compilation events (20 events):
Event: 5.876 Thread 0x0000021514590820 nmethod 6221 0x0000021507c8a490 code [0x0000021507c8a620, 0x0000021507c8a6f8]
Event: 5.876 Thread 0x000002157f892330 nmethod 6222 0x0000021500acf810 code [0x0000021500acf9c0, 0x0000021500acfc98]
Event: 5.877 Thread 0x000002157f892330 6223       1       org.gradle.api.internal.collections.DefaultCollectionEventRegister::getDecorator (5 bytes)
Event: 5.877 Thread 0x000002157f892330 nmethod 6223 0x0000021507c8a190 code [0x0000021507c8a320, 0x0000021507c8a3f8]
Event: 5.879 Thread 0x0000021513ed8fa0 6224       3       java.util.HashSet::toArray (16 bytes)
Event: 5.879 Thread 0x0000021513ed8fa0 nmethod 6224 0x0000021500acfd90 code [0x0000021500acff40, 0x0000021500ad0158]
Event: 5.881 Thread 0x0000021513ed8fa0 6225       3       jdk.internal.loader.AbstractClassLoaderValue::extractValue (17 bytes)
Event: 5.881 Thread 0x0000021513ed8fa0 nmethod 6225 0x0000021500ad0210 code [0x0000021500ad03c0, 0x0000021500ad0768]
Event: 5.897 Thread 0x0000021513ed8fa0 6226       1       com.sun.org.apache.xerces.internal.utils.XMLSecurityManager$Limit::systemProperty (5 bytes)
Event: 5.897 Thread 0x0000021513ed8fa0 nmethod 6226 0x0000021507c89e90 code [0x0000021507c8a020, 0x0000021507c8a0f8]
Event: 5.899 Thread 0x000002157f9ee000 6228       3       java.lang.ClassLoader::getParent (32 bytes)
Event: 5.899 Thread 0x0000021513ed8fa0 6229       1       java.util.Spliterators$EmptySpliterator::characteristics (4 bytes)
Event: 5.899 Thread 0x0000021513ed8fa0 nmethod 6229 0x0000021507c89b90 code [0x0000021507c89d20, 0x0000021507c89df8]
Event: 5.899 Thread 0x000002157f9ee000 nmethod 6228 0x0000021500ad0890 code [0x0000021500ad0ac0, 0x0000021500ad14b8]
Event: 5.901 Thread 0x0000021513ed8fa0 6230       1       jdk.xml.internal.XMLSecurityManager$Limit::systemProperty (5 bytes)
Event: 5.901 Thread 0x0000021513ed8fa0 nmethod 6230 0x0000021507c89890 code [0x0000021507c89a20, 0x0000021507c89af8]
Event: 5.926 Thread 0x000002157f9ee000 6233  s    3       org.gradle.internal.classloader.VisitableURLClassLoader::getUserData (48 bytes)
Event: 5.926 Thread 0x000002157f9ee000 nmethod 6233 0x0000021500ad1810 code [0x0000021500ad1a00, 0x0000021500ad2018]
Event: 5.927 Thread 0x000002157f892330 6234   !   3       org.codehaus.groovy.reflection.stdclasses.CachedSAMClass::getSAMMethodImpl (151 bytes)
Event: 5.929 Thread 0x000002157f892330 nmethod 6234 0x0000021500ad2210 code [0x0000021500ad25a0, 0x0000021500ad3e18]

GC Heap History (20 events):
Event: 0.617 GC heap before
{Heap before GC invocations=0 (full 0):
 garbage-first heap   total 524288K, used 30720K [0x0000000740000000, 0x0000000800000000)
  region size 2048K, 12 young (24576K), 0 survivors (0K)
 Metaspace       used 3038K, committed 3200K, reserved 1114112K
  class space    used 379K, committed 448K, reserved 1048576K
}
Event: 0.621 GC heap after
{Heap after GC invocations=1 (full 0):
 garbage-first heap   total 524288K, used 10196K [0x0000000740000000, 0x0000000800000000)
  region size 2048K, 2 young (4096K), 2 survivors (4096K)
 Metaspace       used 3038K, committed 3200K, reserved 1114112K
  class space    used 379K, committed 448K, reserved 1048576K
}
Event: 0.975 GC heap before
{Heap before GC invocations=1 (full 0):
 garbage-first heap   total 524288K, used 36820K [0x0000000740000000, 0x0000000800000000)
  region size 2048K, 15 young (30720K), 2 survivors (4096K)
 Metaspace       used 3939K, committed 4096K, reserved 1114112K
  class space    used 475K, committed 576K, reserved 1048576K
}
Event: 0.977 GC heap after
{Heap after GC invocations=2 (full 0):
 garbage-first heap   total 524288K, used 11626K [0x0000000740000000, 0x0000000800000000)
  region size 2048K, 1 young (2048K), 1 survivors (2048K)
 Metaspace       used 3939K, committed 4096K, reserved 1114112K
  class space    used 475K, committed 576K, reserved 1048576K
}
Event: 2.751 GC heap before
{Heap before GC invocations=2 (full 0):
 garbage-first heap   total 524288K, used 124266K [0x0000000740000000, 0x0000000800000000)
  region size 2048K, 57 young (116736K), 1 survivors (2048K)
 Metaspace       used 21236K, committed 21504K, reserved 1114112K
  class space    used 3168K, committed 3328K, reserved 1048576K
}
Event: 2.757 GC heap after
{Heap after GC invocations=3 (full 0):
 garbage-first heap   total 524288K, used 21294K [0x0000000740000000, 0x0000000800000000)
  region size 2048K, 6 young (12288K), 6 survivors (12288K)
 Metaspace       used 21236K, committed 21504K, reserved 1114112K
  class space    used 3168K, committed 3328K, reserved 1048576K
}
Event: 3.407 GC heap before
{Heap before GC invocations=4 (full 0):
 garbage-first heap   total 81920K, used 62254K [0x0000000740000000, 0x0000000800000000)
  region size 2048K, 28 young (57344K), 6 survivors (12288K)
 Metaspace       used 29438K, committed 29824K, reserved 1114112K
  class space    used 4166K, committed 4352K, reserved 1048576K
}
Event: 3.416 GC heap after
{Heap after GC invocations=5 (full 0):
 garbage-first heap   total 86016K, used 26689K [0x0000000740000000, 0x0000000800000000)
  region size 2048K, 3 young (6144K), 3 survivors (6144K)
 Metaspace       used 29438K, committed 29824K, reserved 1114112K
  class space    used 4166K, committed 4352K, reserved 1048576K
}
Event: 3.812 GC heap before
{Heap before GC invocations=5 (full 0):
 garbage-first heap   total 86016K, used 59457K [0x0000000740000000, 0x0000000800000000)
  region size 2048K, 19 young (38912K), 3 survivors (6144K)
 Metaspace       used 32402K, committed 32768K, reserved 1114112K
  class space    used 4483K, committed 4672K, reserved 1048576K
}
Event: 3.815 GC heap after
{Heap after GC invocations=6 (full 0):
 garbage-first heap   total 86016K, used 29194K [0x0000000740000000, 0x0000000800000000)
  region size 2048K, 2 young (4096K), 2 survivors (4096K)
 Metaspace       used 32402K, committed 32768K, reserved 1114112K
  class space    used 4483K, committed 4672K, reserved 1048576K
}
Event: 4.185 GC heap before
{Heap before GC invocations=6 (full 0):
 garbage-first heap   total 86016K, used 55818K [0x0000000740000000, 0x0000000800000000)
  region size 2048K, 17 young (34816K), 2 survivors (4096K)
 Metaspace       used 35582K, committed 35968K, reserved 1114112K
  class space    used 4889K, committed 5056K, reserved 1048576K
}
Event: 4.189 GC heap after
{Heap after GC invocations=7 (full 0):
 garbage-first heap   total 86016K, used 31128K [0x0000000740000000, 0x0000000800000000)
  region size 2048K, 3 young (6144K), 3 survivors (6144K)
 Metaspace       used 35582K, committed 35968K, reserved 1114112K
  class space    used 4889K, committed 5056K, reserved 1048576K
}
Event: 4.570 GC heap before
{Heap before GC invocations=8 (full 0):
 garbage-first heap   total 86016K, used 61848K [0x0000000740000000, 0x0000000800000000)
  region size 2048K, 18 young (36864K), 3 survivors (6144K)
 Metaspace       used 38813K, committed 39232K, reserved 1114112K
  class space    used 5377K, committed 5568K, reserved 1048576K
}
Event: 4.574 GC heap after
{Heap after GC invocations=9 (full 0):
 garbage-first heap   total 86016K, used 33185K [0x0000000740000000, 0x0000000800000000)
  region size 2048K, 3 young (6144K), 3 survivors (6144K)
 Metaspace       used 38813K, committed 39232K, reserved 1114112K
  class space    used 5377K, committed 5568K, reserved 1048576K
}
Event: 4.624 GC heap before
{Heap before GC invocations=9 (full 0):
 garbage-first heap   total 86016K, used 35233K [0x0000000740000000, 0x0000000800000000)
  region size 2048K, 4 young (8192K), 3 survivors (6144K)
 Metaspace       used 38939K, committed 39360K, reserved 1114112K
  class space    used 5395K, committed 5568K, reserved 1048576K
}
Event: 4.627 GC heap after
{Heap after GC invocations=10 (full 0):
 garbage-first heap   total 86016K, used 33502K [0x0000000740000000, 0x0000000800000000)
  region size 2048K, 1 young (2048K), 1 survivors (2048K)
 Metaspace       used 38939K, committed 39360K, reserved 1114112K
  class space    used 5395K, committed 5568K, reserved 1048576K
}
Event: 5.250 GC heap before
{Heap before GC invocations=10 (full 0):
 garbage-first heap   total 86016K, used 66270K [0x0000000740000000, 0x0000000800000000)
  region size 2048K, 16 young (32768K), 1 survivors (2048K)
 Metaspace       used 45945K, committed 46400K, reserved 1114112K
  class space    used 6260K, committed 6464K, reserved 1048576K
}
Event: 5.253 GC heap after
{Heap after GC invocations=11 (full 0):
 garbage-first heap   total 86016K, used 39274K [0x0000000740000000, 0x0000000800000000)
  region size 2048K, 2 young (4096K), 2 survivors (4096K)
 Metaspace       used 45945K, committed 46400K, reserved 1114112K
  class space    used 6260K, committed 6464K, reserved 1048576K
}
Event: 5.826 GC heap before
{Heap before GC invocations=11 (full 0):
 garbage-first heap   total 86016K, used 63850K [0x0000000740000000, 0x0000000800000000)
  region size 2048K, 14 young (28672K), 2 survivors (4096K)
 Metaspace       used 50036K, committed 50496K, reserved 1114112K
  class space    used 6839K, committed 7040K, reserved 1048576K
}
Event: 5.829 GC heap after
{Heap after GC invocations=12 (full 0):
 garbage-first heap   total 86016K, used 41036K [0x0000000740000000, 0x0000000800000000)
  region size 2048K, 1 young (2048K), 1 survivors (2048K)
 Metaspace       used 50036K, committed 50496K, reserved 1114112K
  class space    used 6839K, committed 7040K, reserved 1048576K
}

Dll operation events (12 events):
Event: 0.006 Loaded shared library C:\Program Files\Eclipse Adoptium\jdk-17.0.7.7-hotspot\bin\java.dll
Event: 0.016 Loaded shared library C:\Program Files\Eclipse Adoptium\jdk-17.0.7.7-hotspot\bin\jsvml.dll
Event: 0.058 Loaded shared library C:\Program Files\Eclipse Adoptium\jdk-17.0.7.7-hotspot\bin\net.dll
Event: 0.060 Loaded shared library C:\Program Files\Eclipse Adoptium\jdk-17.0.7.7-hotspot\bin\nio.dll
Event: 0.064 Loaded shared library C:\Program Files\Eclipse Adoptium\jdk-17.0.7.7-hotspot\bin\zip.dll
Event: 0.266 Loaded shared library C:\Program Files\Eclipse Adoptium\jdk-17.0.7.7-hotspot\bin\jimage.dll
Event: 0.334 Loaded shared library C:\Program Files\Eclipse Adoptium\jdk-17.0.7.7-hotspot\bin\verify.dll
Event: 0.491 Loaded shared library C:\Users\Mykal\.gradle\native\e1d6ef7f7dcc3fd88c89a11ec53ec762bb8ba0a96d01ffa2cd45eb1d1d8dd5c5\windows-amd64\native-platform.dll
Event: 0.496 Loaded shared library C:\Users\Mykal\.gradle\native\0d407fdbe67a94daf76414ababcb853783967236a71b16ec16e742cd7a986fd3\windows-amd64\native-platform-file-events.dll
Event: 1.189 Loaded shared library C:\Program Files\Eclipse Adoptium\jdk-17.0.7.7-hotspot\bin\management.dll
Event: 1.192 Loaded shared library C:\Program Files\Eclipse Adoptium\jdk-17.0.7.7-hotspot\bin\management_ext.dll
Event: 1.566 Loaded shared library C:\Program Files\Eclipse Adoptium\jdk-17.0.7.7-hotspot\bin\sunmscapi.dll

Deoptimization events (20 events):
Event: 5.720 Thread 0x00000215145ca630 Uncommon trap: trap_request=0xffffff45 fr.pc=0x0000021507d9061c relative=0x000000000000007c
Event: 5.720 Thread 0x00000215145ca630 Uncommon trap: reason=unstable_if action=reinterpret pc=0x0000021507d9061c method=java.util.Spliterator.getExactSizeIfKnown()J @ 9 c2
Event: 5.720 Thread 0x00000215145ca630 DEOPT PACKING pc=0x0000021507d9061c sp=0x000000e5a23f45e0
Event: 5.720 Thread 0x00000215145ca630 DEOPT UNPACKING pc=0x00000215074a69a3 sp=0x000000e5a23f4578 mode 2
Event: 5.733 Thread 0x00000215145ca630 Uncommon trap: trap_request=0xffffff45 fr.pc=0x0000021507e968a0 relative=0x0000000000000200
Event: 5.733 Thread 0x00000215145ca630 Uncommon trap: reason=unstable_if action=reinterpret pc=0x0000021507e968a0 method=java.security.SecureClassLoader$CodeSourceKey.hashCode()I @ 9 c2
Event: 5.733 Thread 0x00000215145ca630 DEOPT PACKING pc=0x0000021507e968a0 sp=0x000000e5a23f3ea0
Event: 5.733 Thread 0x00000215145ca630 DEOPT UNPACKING pc=0x00000215074a69a3 sp=0x000000e5a23f3e30 mode 2
Event: 5.734 Thread 0x00000215145ca630 Uncommon trap: trap_request=0xffffff45 fr.pc=0x0000021507e02464 relative=0x0000000000003364
Event: 5.734 Thread 0x00000215145ca630 Uncommon trap: reason=unstable_if action=reinterpret pc=0x0000021507e02464 method=java.lang.ClassLoader.defineClassSourceLocation(Ljava/security/ProtectionDomain;)Ljava/lang/String; @ 15 c2
Event: 5.734 Thread 0x00000215145ca630 DEOPT PACKING pc=0x0000021507e02464 sp=0x000000e5a23f3f60
Event: 5.734 Thread 0x00000215145ca630 DEOPT UNPACKING pc=0x00000215074a69a3 sp=0x000000e5a23f3ed8 mode 2
Event: 5.859 Thread 0x00000215145ca630 Uncommon trap: trap_request=0xffffffc6 fr.pc=0x0000021507e31758 relative=0x0000000000003af8
Event: 5.859 Thread 0x00000215145ca630 Uncommon trap: reason=bimorphic_or_optimized_type_check action=maybe_recompile pc=0x0000021507e31758 method=java.util.AbstractCollection.addAll(Ljava/util/Collection;)Z @ 29 c2
Event: 5.859 Thread 0x00000215145ca630 DEOPT PACKING pc=0x0000021507e31758 sp=0x000000e5a23f80b0
Event: 5.859 Thread 0x00000215145ca630 DEOPT UNPACKING pc=0x00000215074a69a3 sp=0x000000e5a23f80a0 mode 2
Event: 5.915 Thread 0x00000215145ca630 Uncommon trap: trap_request=0xffffff45 fr.pc=0x0000021507e86b9c relative=0x0000000000002d1c
Event: 5.915 Thread 0x00000215145ca630 Uncommon trap: reason=unstable_if action=reinterpret pc=0x0000021507e86b9c method=java.util.regex.Pattern.compile()V @ 406 c2
Event: 5.915 Thread 0x00000215145ca630 DEOPT PACKING pc=0x0000021507e86b9c sp=0x000000e5a23f72f0
Event: 5.915 Thread 0x00000215145ca630 DEOPT UNPACKING pc=0x00000215074a69a3 sp=0x000000e5a23f72d8 mode 2

Classes unloaded (0 events):
No events

Classes redefined (0 events):
No events

Internal exceptions (20 events):
Event: 5.545 Thread 0x00000215145ca630 Exception <a 'java/lang/ClassNotFoundException'{0x0000000758865890}: net/minecraftforge/gradle/userdev/UserDevExtension_DecoratedBeanInfo> (0x0000000758865890) 
thrown [s\src\hotspot\share\classfile\systemDictionary.cpp, line 256]
Event: 5.545 Thread 0x00000215145ca630 Exception <a 'java/lang/ClassNotFoundException'{0x000000075886f900}: net/minecraftforge/gradle/userdev/UserDevExtensionBeanInfo> (0x000000075886f900) 
thrown [s\src\hotspot\share\classfile\systemDictionary.cpp, line 256]
Event: 5.546 Thread 0x00000215145ca630 Exception <a 'java/lang/ClassNotFoundException'{0x00000007588796a0}: net/minecraftforge/gradle/common/util/MinecraftExtensionBeanInfo> (0x00000007588796a0) 
thrown [s\src\hotspot\share\classfile\systemDictionary.cpp, line 256]
Event: 5.546 Thread 0x00000215145ca630 Exception <a 'java/lang/ClassNotFoundException'{0x0000000758883460}: net/minecraftforge/gradle/common/util/MinecraftExtensionCustomizer> (0x0000000758883460) 
thrown [s\src\hotspot\share\classfile\systemDictionary.cpp, line 256]
Event: 5.547 Thread 0x00000215145ca630 Exception <a 'java/lang/ClassNotFoundException'{0x000000075889e930}: net/minecraftforge/gradle/userdev/UserDevExtensionCustomizer> (0x000000075889e930) 
thrown [s\src\hotspot\share\classfile\systemDictionary.cpp, line 256]
Event: 5.547 Thread 0x00000215145ca630 Exception <a 'java/lang/ClassNotFoundException'{0x00000007588adbc0}: net/minecraftforge/gradle/userdev/UserDevExtension_DecoratedCustomizer> (0x00000007588adbc0) 
thrown [s\src\hotspot\share\classfile\systemDictionary.cpp, line 256]
Event: 5.576 Thread 0x00000215145ca630 Exception <a 'java/lang/ClassNotFoundException'{0x000000075871b210}: net/minecraftforge/gradle/common/legacy/LegacyExtension_DecoratedBeanInfo> (0x000000075871b210) 
thrown [s\src\hotspot\share\classfile\systemDictionary.cpp, line 256]
Event: 5.576 Thread 0x00000215145ca630 Exception <a 'java/lang/ClassNotFoundException'{0x0000000758724fb8}: net/minecraftforge/gradle/common/legacy/LegacyExtensionBeanInfo> (0x0000000758724fb8) 
thrown [s\src\hotspot\share\classfile\systemDictionary.cpp, line 256]
Event: 5.577 Thread 0x00000215145ca630 Exception <a 'java/lang/ClassNotFoundException'{0x000000075872ed70}: net/minecraftforge/gradle/common/legacy/LegacyExtensionCustomizer> (0x000000075872ed70) 
thrown [s\src\hotspot\share\classfile\systemDictionary.cpp, line 256]
Event: 5.577 Thread 0x00000215145ca630 Exception <a 'java/lang/ClassNotFoundException'{0x000000075873e308}: net/minecraftforge/gradle/common/legacy/LegacyExtension_DecoratedCustomizer> (0x000000075873e308) 
thrown [s\src\hotspot\share\classfile\systemDictionary.cpp, line 256]
Event: 5.651 Thread 0x00000215145ca630 Exception <a 'java/lang/NoSuchMethodError'{0x00000007442a4ce0}: 'java.lang.Object java.lang.invoke.DirectMethodHandle$Holder.newInvokeSpecial(java.lang.Object, java.lang.Object, int, int)'> (0x00000007442a4ce0) 
thrown [s\src\hotspot\share\interpreter\linkResolver.cpp, line 759]
Event: 5.695 Thread 0x00000215145ca630 Exception <a 'java/lang/IncompatibleClassChangeError'{0x000000074407e268}: Found class java.lang.Object, but interface was expected> (0x000000074407e268) 
thrown [s\src\hotspot\share\interpreter\linkResolver.cpp, line 826]
Event: 5.733 Thread 0x00000215145ca630 Implicit null exception at 0x0000021507e966da to 0x0000021507e96890
Event: 5.734 Thread 0x00000215145ca630 Implicit null exception at 0x0000021507dff16d to 0x0000021507e02438
Event: 5.810 Thread 0x00000215145ca630 Exception <a 'java/lang/NoSuchMethodError'{0x0000000743af2638}: 'java.lang.Object java.lang.invoke.DirectMethodHandle$Holder.invokeSpecial(java.lang.Object, java.lang.Object, int, java.lang.Object, java.lang.Object, java.lang.Object)'> (0x0000000743af2638) 
thrown [s\src\hotspot\share\interpreter\linkResolver.cpp, line 759]
Event: 5.859 Thread 0x00000215145ca630 Exception <a 'java/lang/NoSuchMethodError'{0x000000075ffa48c8}: 'void java.lang.invoke.DirectMethodHandle$Holder.invokeStatic(java.lang.Object, java.lang.Object, java.lang.Object, java.lang.Object, java.lang.Object, java.lang.Object)'> (0x000000075ffa48c8) 
thrown [s\src\hotspot\share\interpreter\linkResolver.cpp, line 759]
Event: 5.909 Thread 0x00000215145ca630 Exception <a 'java/lang/ClassNotFoundException'{0x0000000758d796d8}: net/minecraftforge/gradle/userdev/DependencyManagementExtension_DecoratedBeanInfo> (0x0000000758d796d8) 
thrown [s\src\hotspot\share\classfile\systemDictionary.cpp, line 256]
Event: 5.909 Thread 0x00000215145ca630 Exception <a 'java/lang/ClassNotFoundException'{0x0000000758d834f8}: net/minecraftforge/gradle/userdev/DependencyManagementExtensionBeanInfo> (0x0000000758d834f8) 
thrown [s\src\hotspot\share\classfile\systemDictionary.cpp, line 256]
Event: 5.909 Thread 0x00000215145ca630 Exception <a 'java/lang/ClassNotFoundException'{0x0000000758d8d330}: net/minecraftforge/gradle/userdev/DependencyManagementExtensionCustomizer> (0x0000000758d8d330) 
thrown [s\src\hotspot\share\classfile\systemDictionary.cpp, line 256]
Event: 5.910 Thread 0x00000215145ca630 Exception <a 'java/lang/ClassNotFoundException'{0x0000000758d9d600}: net/minecraftforge/gradle/userdev/DependencyManagementExtension_DecoratedCustomizer> (0x0000000758d9d600) 
thrown [s\src\hotspot\share\classfile\systemDictionary.cpp, line 256]

VM Operations (20 events):
Event: 4.899 Executing VM operation: HandshakeAllThreads
Event: 4.899 Executing VM operation: HandshakeAllThreads done
Event: 4.900 Executing VM operation: HandshakeAllThreads
Event: 4.900 Executing VM operation: HandshakeAllThreads done
Event: 4.911 Executing VM operation: HandshakeAllThreads
Event: 4.911 Executing VM operation: HandshakeAllThreads done
Event: 4.946 Executing VM operation: HandshakeAllThreads
Event: 4.947 Executing VM operation: HandshakeAllThreads done
Event: 5.220 Executing VM operation: HandshakeAllThreads
Event: 5.221 Executing VM operation: HandshakeAllThreads done
Event: 5.250 Executing VM operation: G1CollectForAllocation
Event: 5.253 Executing VM operation: G1CollectForAllocation done
Event: 5.353 Executing VM operation: HandshakeAllThreads
Event: 5.353 Executing VM operation: HandshakeAllThreads done
Event: 5.798 Executing VM operation: ICBufferFull
Event: 5.798 Executing VM operation: ICBufferFull done
Event: 5.826 Executing VM operation: G1CollectForAllocation
Event: 5.829 Executing VM operation: G1CollectForAllocation done
Event: 5.889 Executing VM operation: HandshakeAllThreads
Event: 5.889 Executing VM operation: HandshakeAllThreads done

Events (20 events):
Event: 5.900 loading class com/sun/org/apache/xalan/internal/utils/XMLSecurityPropertyManager$Property
Event: 5.901 loading class com/sun/org/apache/xalan/internal/utils/XMLSecurityPropertyManager$Property done
Event: 5.901 loading class jdk/xml/internal/JdkProperty
Event: 5.901 loading class jdk/xml/internal/JdkProperty done
Event: 5.901 loading class javax/xml/catalog/CatalogFeatures$State
Event: 5.901 loading class javax/xml/catalog/CatalogFeatures$State done
Event: 5.901 loading class javax/xml/catalog/Util
Event: 5.901 loading class javax/xml/catalog/Util done
Event: 5.901 loading class javax/xml/catalog/CatalogMessages
Event: 5.901 loading class javax/xml/catalog/CatalogMessages done
Event: 5.902 loading class com/sun/org/apache/xalan/internal/xsltc/trax/TransformerImpl
Event: 5.902 loading class com/sun/org/apache/xalan/internal/xsltc/DOMCache
Event: 5.902 loading class com/sun/org/apache/xalan/internal/xsltc/DOMCache done
Event: 5.902 loading class javax/xml/transform/Transformer
Event: 5.902 loading class javax/xml/transform/Transformer done
Event: 5.903 loading class com/sun/org/apache/xalan/internal/xsltc/trax/TransformerImpl done
Event: 5.903 loading class com/sun/org/apache/xml/internal/serializer/OutputPropertiesFactory
Event: 5.903 loading class com/sun/org/apache/xml/internal/serializer/OutputPropertiesFactory done
Event: 5.903 loading class com/sun/org/apache/xml/internal/utils/XMLReaderManager
Event: 5.903 loading class com/sun/org/apache/xml/internal/utils/XMLReaderManager done


Dynamic libraries:
0x00007ff6a7dd0000 - 0x00007ff6a7dde000 	C:\Program Files\Eclipse Adoptium\jdk-17.0.7.7-hotspot\bin\java.exe
0x00007ffb05af0000 - 0x00007ffb05ce8000 	C:\Windows\SYSTEM32\ntdll.dll
0x00007ffb057a0000 - 0x00007ffb0585d000 	C:\Windows\System32\KERNEL32.DLL
0x00007ffb037f0000 - 0x00007ffb03abe000 	C:\Windows\System32\KERNELBASE.dll
0x00007ffb03300000 - 0x00007ffb03400000 	C:\Windows\System32\ucrtbase.dll
0x00007ffae8530000 - 0x00007ffae8549000 	C:\Program Files\Eclipse Adoptium\jdk-17.0.7.7-hotspot\bin\VCRUNTIME140.dll
0x00007ffae0a70000 - 0x00007ffae0a87000 	C:\Program Files\Eclipse Adoptium\jdk-17.0.7.7-hotspot\bin\jli.dll
0x00007ffb052b0000 - 0x00007ffb05450000 	C:\Windows\System32\USER32.dll
0x00007ffb03710000 - 0x00007ffb03732000 	C:\Windows\System32\win32u.dll
0x00007ffaefc50000 - 0x00007ffaefeea000 	C:\Windows\WinSxS\amd64_microsoft.windows.common-controls_6595b64144ccf1df_6.0.19041.1110_none_60b5254171f9507e\COMCTL32.dll
0x00007ffb05860000 - 0x00007ffb0588a000 	C:\Windows\System32\GDI32.dll
0x00007ffb04920000 - 0x00007ffb049be000 	C:\Windows\System32\msvcrt.dll
0x00007ffb03600000 - 0x00007ffb0370b000 	C:\Windows\System32\gdi32full.dll
0x00007ffb03400000 - 0x00007ffb0349d000 	C:\Windows\System32\msvcp_win.dll
0x00007ffb05890000 - 0x00007ffb058c0000 	C:\Windows\System32\IMM32.DLL
0x00007ffaf9f90000 - 0x00007ffaf9f9c000 	C:\Program Files\Eclipse Adoptium\jdk-17.0.7.7-hotspot\bin\vcruntime140_1.dll
0x00007ffad4720000 - 0x00007ffad47b1000 	C:\Program Files\Eclipse Adoptium\jdk-17.0.7.7-hotspot\bin\msvcp140.dll
0x00007ffaab1c0000 - 0x00007ffaabe08000 	C:\Program Files\Eclipse Adoptium\jdk-17.0.7.7-hotspot\bin\server\jvm.dll
0x00007ffb056f0000 - 0x00007ffb0579e000 	C:\Windows\System32\ADVAPI32.dll
0x00007ffb04110000 - 0x00007ffb041ac000 	C:\Windows\System32\sechost.dll
0x00007ffb054e0000 - 0x00007ffb05605000 	C:\Windows\System32\RPCRT4.dll
0x00007ffafed00000 - 0x00007ffafed09000 	C:\Windows\SYSTEM32\WSOCK32.dll
0x00007ffaf5230000 - 0x00007ffaf5257000 	C:\Windows\SYSTEM32\WINMM.dll
0x00007ffb048b0000 - 0x00007ffb0491b000 	C:\Windows\System32\WS2_32.dll
0x00007ffafa130000 - 0x00007ffafa13a000 	C:\Windows\SYSTEM32\VERSION.dll
0x00007ffb01120000 - 0x00007ffb01132000 	C:\Windows\SYSTEM32\kernel.appcore.dll
0x00007ffaf99e0000 - 0x00007ffaf99ea000 	C:\Program Files\Eclipse Adoptium\jdk-17.0.7.7-hotspot\bin\jimage.dll
0x00007ffaf6540000 - 0x00007ffaf6724000 	C:\Windows\SYSTEM32\DBGHELP.DLL
0x00007ffaf6510000 - 0x00007ffaf653c000 	C:\Windows\SYSTEM32\dbgcore.DLL
0x00007ffb03ac0000 - 0x00007ffb03b42000 	C:\Windows\System32\bcryptPrimitives.dll
0x00007ffadd710000 - 0x00007ffadd735000 	C:\Program Files\Eclipse Adoptium\jdk-17.0.7.7-hotspot\bin\java.dll
0x00007ffad4440000 - 0x00007ffad4516000 	C:\Program Files\Eclipse Adoptium\jdk-17.0.7.7-hotspot\bin\jsvml.dll
0x00007ffb04b60000 - 0x00007ffb052a3000 	C:\Windows\System32\SHELL32.dll
0x00007ffb01320000 - 0x00007ffb01ab5000 	C:\Windows\SYSTEM32\windows.storage.dll
0x00007ffb042d0000 - 0x00007ffb04624000 	C:\Windows\System32\combase.dll
0x00007ffb02ba0000 - 0x00007ffb02bd0000 	C:\Windows\SYSTEM32\Wldp.dll
0x00007ffb04a50000 - 0x00007ffb04afd000 	C:\Windows\System32\SHCORE.dll
0x00007ffb058c0000 - 0x00007ffb05915000 	C:\Windows\System32\shlwapi.dll
0x00007ffb03150000 - 0x00007ffb0316f000 	C:\Windows\SYSTEM32\profapi.dll
0x00007ffadd6f0000 - 0x00007ffadd709000 	C:\Program Files\Eclipse Adoptium\jdk-17.0.7.7-hotspot\bin\net.dll
0x00007ffafda30000 - 0x00007ffafdb3a000 	C:\Windows\SYSTEM32\WINHTTP.dll
0x00007ffb02900000 - 0x00007ffb0296a000 	C:\Windows\system32\mswsock.dll
0x00007ffadd520000 - 0x00007ffadd535000 	C:\Program Files\Eclipse Adoptium\jdk-17.0.7.7-hotspot\bin\nio.dll
0x00007ffadd060000 - 0x00007ffadd078000 	C:\Program Files\Eclipse Adoptium\jdk-17.0.7.7-hotspot\bin\zip.dll
0x00007ffaf8ef0000 - 0x00007ffaf8f00000 	C:\Program Files\Eclipse Adoptium\jdk-17.0.7.7-hotspot\bin\verify.dll
0x00007ffaf72d0000 - 0x00007ffaf72f7000 	C:\Users\Mykal\.gradle\native\e1d6ef7f7dcc3fd88c89a11ec53ec762bb8ba0a96d01ffa2cd45eb1d1d8dd5c5\windows-amd64\native-platform.dll
0x00007ffaf1740000 - 0x00007ffaf1884000 	C:\Users\Mykal\.gradle\native\0d407fdbe67a94daf76414ababcb853783967236a71b16ec16e742cd7a986fd3\windows-amd64\native-platform-file-events.dll
0x00007ffaf24b0000 - 0x00007ffaf24b9000 	C:\Program Files\Eclipse Adoptium\jdk-17.0.7.7-hotspot\bin\management.dll
0x00007ffaf1730000 - 0x00007ffaf173b000 	C:\Program Files\Eclipse Adoptium\jdk-17.0.7.7-hotspot\bin\management_ext.dll
0x00007ffb047e0000 - 0x00007ffb047e8000 	C:\Windows\System32\PSAPI.DLL
0x00007ffb02af0000 - 0x00007ffb02b08000 	C:\Windows\SYSTEM32\CRYPTSP.dll
0x00007ffb02280000 - 0x00007ffb022b4000 	C:\Windows\system32\rsaenh.dll
0x00007ffb03210000 - 0x00007ffb03237000 	C:\Windows\System32\bcrypt.dll
0x00007ffb03110000 - 0x00007ffb0313e000 	C:\Windows\SYSTEM32\USERENV.dll
0x00007ffb02b10000 - 0x00007ffb02b1c000 	C:\Windows\SYSTEM32\CRYPTBASE.dll
0x00007ffb025f0000 - 0x00007ffb0262b000 	C:\Windows\SYSTEM32\IPHLPAPI.DLL
0x00007ffb04a40000 - 0x00007ffb04a48000 	C:\Windows\System32\NSI.dll
0x00007ffafc3b0000 - 0x00007ffafc3c7000 	C:\Windows\SYSTEM32\dhcpcsvc6.DLL
0x00007ffafc7b0000 - 0x00007ffafc7cd000 	C:\Windows\SYSTEM32\dhcpcsvc.DLL
0x00007ffb02630000 - 0x00007ffb026fa000 	C:\Windows\SYSTEM32\DNSAPI.dll
0x00007ffaf1720000 - 0x00007ffaf172e000 	C:\Program Files\Eclipse Adoptium\jdk-17.0.7.7-hotspot\bin\sunmscapi.dll
0x00007ffb034a0000 - 0x00007ffb035f6000 	C:\Windows\System32\CRYPT32.dll
0x00007ffb02c10000 - 0x00007ffb02c37000 	C:\Windows\SYSTEM32\ncrypt.dll
0x00007ffb02bd0000 - 0x00007ffb02c0b000 	C:\Windows\SYSTEM32\NTASN1.dll
0x00007ffaf8ee0000 - 0x00007ffaf8ee7000 	C:\Windows\system32\wshunix.dll
0x00007ffaf5ea0000 - 0x00007ffaf5eaa000 	C:\Windows\System32\rasadhlp.dll
0x00007ffaf6940000 - 0x00007ffaf69c0000 	C:\Windows\System32\fwpuclnt.dll

dbghelp: loaded successfully - version: 4.0.5 - missing functions: none
symbol engine: initialized successfully - sym options: 0x614 - pdb path: .;C:\Program Files\Eclipse Adoptium\jdk-17.0.7.7-hotspot\bin;C:\Windows\SYSTEM32;C:\Windows\WinSxS\amd64_microsoft.windows.common-controls_6595b64144ccf1df_6.0.19041.1110_none_60b5254171f9507e;C:\Program Files\Eclipse Adoptium\jdk-17.0.7.7-hotspot\bin\server;C:\Users\Mykal\.gradle\native\e1d6ef7f7dcc3fd88c89a11ec53ec762bb8ba0a96d01ffa2cd45eb1d1d8dd5c5\windows-amd64;C:\Users\Mykal\.gradle\native\0d407fdbe67a94daf76414ababcb853783967236a71b16ec16e742cd7a986fd3\windows-amd64

VM Arguments:
jvm_args: --add-opens=java.base/java.util=ALL-UNNAMED --add-opens=java.base/java.lang=ALL-UNNAMED --add-opens=java.base/java.lang.invoke=ALL-UNNAMED --add-opens=java.base/java.util=ALL-UNNAMED --add-opens=java.prefs/java.util.prefs=ALL-UNNAMED --add-opens=java.prefs/java.util.prefs=ALL-UNNAMED --add-opens=java.base/java.nio.charset=ALL-UNNAMED --add-opens=java.base/java.net=ALL-UNNAMED --add-opens=java.base/java.util.concurrent.atomic=ALL-UNNAMED -Xmx3G -Dfile.encoding=windows-1252 -Duser.country=US -Duser.language=en -Duser.variant 
java_command: org.gradle.launcher.daemon.bootstrap.GradleDaemon 7.5.1
java_class_path (initial): C:\Users\Mykal\.gradle\wrapper\dists\gradle-7.5.1-bin\7jzzequgds1hbszbhq3npc5ng\gradle-7.5.1\lib\gradle-launcher-7.5.1.jar
Launcher Type: SUN_STANDARD

[Global flags]
     intx CICompilerCount                          = 12                                        {product} {ergonomic}
     uint ConcGCThreads                            = 3                                         {product} {ergonomic}
     uint G1ConcRefinementThreads                  = 13                                        {product} {ergonomic}
   size_t G1HeapRegionSize                         = 2097152                                   {product} {ergonomic}
    uintx GCDrainStackTargetSize                   = 64                                        {product} {ergonomic}
   size_t InitialHeapSize                          = 536870912                                 {product} {ergonomic}
   size_t MarkStackSize                            = 4194304                                   {product} {ergonomic}
   size_t MaxHeapSize                              = 3221225472                                {product} {command line}
   size_t MaxNewSize                               = 1931476992                                {product} {ergonomic}
   size_t MinHeapDeltaBytes                        = 2097152                                   {product} {ergonomic}
   size_t MinHeapSize                              = 8388608                                   {product} {ergonomic}
    uintx NonNMethodCodeHeapSize                   = 7602480                                {pd product} {ergonomic}
    uintx NonProfiledCodeHeapSize                  = 122027880                              {pd product} {ergonomic}
    uintx ProfiledCodeHeapSize                     = 122027880                              {pd product} {ergonomic}
    uintx ReservedCodeCacheSize                    = 251658240                              {pd product} {ergonomic}
     bool SegmentedCodeCache                       = true                                      {product} {ergonomic}
   size_t SoftMaxHeapSize                          = 3221225472                             {manageable} {ergonomic}
     bool UseCompressedClassPointers               = true                           {product lp64_product} {ergonomic}
     bool UseCompressedOops                        = true                           {product lp64_product} {ergonomic}
     bool UseG1GC                                  = true                                      {product} {ergonomic}
     bool UseLargePagesIndividualAllocation        = false                                  {pd product} {ergonomic}

Logging:
Log output configuration:
 #0: stdout all=warning uptime,level,tags
 #1: stderr all=off uptime,level,tags

Environment Variables:
JAVA_HOME=C:\Program Files\Eclipse Adoptium\jdk-17.0.7.7-hotspot\
PATH=C:\Program Files\Common Files\Oracle\Java\javapath;C:\Program Files (x86)\Common Files\Oracle\Java\javapath;C:\Program Files\Eclipse Adoptium\jdk-17.0.7.7-hotspot\bin;C:\Windows\system32;C:\Windows;C:\Windows\System32\Wbem;C:\Windows\System32\WindowsPowerShell\v1.0\;C:\Windows\System32\OpenSSH\;C:\Program Files\NVIDIA Corporation\NVIDIA NvDLISR;C:\Users\Mykal\AppData\Local\Microsoft\WindowsApps;
USERNAME=Mykal
OS=Windows_NT
PROCESSOR_IDENTIFIER=AMD64 Family 23 Model 8 Stepping 2, AuthenticAMD
TMP=C:\Users\Mykal\AppData\Local\Temp
TEMP=C:\Users\Mykal\AppData\Local\Temp



---------------  S Y S T E M  ---------------

OS:
 Windows 10 , 64 bit Build 19041 (10.0.19041.1889)
OS uptime: 0 days 3:51 hours

CPU: total 16 (initial active 16) (16 cores per cpu, 2 threads per core) family 23 model 8 stepping 2 microcode 0x0, cx8, cmov, fxsr, ht, mmx, 3dnowpref, sse, sse2, sse3, ssse3, sse4a, sse4.1, sse4.2, popcnt, lzcnt, tsc, tscinvbit, avx, avx2, aes, clmul, bmi1, bmi2, adx, sha, fma, vzeroupper, clflush, clflushopt

Memory: 4k page, system-wide physical 32697M (20936M free)
TotalPageFile size 37817M (AvailPageFile size 18863M)
current process WorkingSet (physical memory assigned to process): 280M, peak: 291M
current process commit charge ("private bytes"): 333M, peak: 740M

vm_info: OpenJDK 64-Bit Server VM (17.0.7+7) for windows-amd64 JRE (17.0.7+7), built on Apr 18 2023 22:10:42 by "temurin" with MS VC++ 16.7 (VS2019)

END.
